[0.706s] Invoking command in '/home/ste/my_ros2_ws/src/turtlebot_controller': PYTHONPATH=/home/ste/my_ros2_ws/build/turtlebot_controller/prefix_override:/usr/lib/python3/dist-packages/colcon_core/task/python/colcon_distutils_commands:/home/ste/my_ros2_ws/install/turtlebot_controller/lib/python3.10/site-packages:${PYTHONPATH} /usr/bin/python3 -W ignore:setup.py install is deprecated setup.py egg_info --egg-base ../../build/turtlebot_controller build --build-base /home/ste/my_ros2_ws/build/turtlebot_controller/build install --record /home/ste/my_ros2_ws/build/turtlebot_controller/install.log --single-version-externally-managed install_data
[0.929s] running egg_info
[0.930s] writing ../../build/turtlebot_controller/turtlebot_controller.egg-info/PKG-INFO
[0.931s] writing dependency_links to ../../build/turtlebot_controller/turtlebot_controller.egg-info/dependency_links.txt
[0.931s] writing entry points to ../../build/turtlebot_controller/turtlebot_controller.egg-info/entry_points.txt
[0.931s] writing requirements to ../../build/turtlebot_controller/turtlebot_controller.egg-info/requires.txt
[0.932s] writing top-level names to ../../build/turtlebot_controller/turtlebot_controller.egg-info/top_level.txt
[0.935s] reading manifest file '../../build/turtlebot_controller/turtlebot_controller.egg-info/SOURCES.txt'
[0.936s] writing manifest file '../../build/turtlebot_controller/turtlebot_controller.egg-info/SOURCES.txt'
[0.936s] running build
[0.936s] running build_py
[0.937s] copying script_python/move_turtle.py -> /home/ste/my_ros2_ws/build/turtlebot_controller/build/lib/script_python
[0.937s] running install
[0.938s] running install_lib
[0.939s] copying /home/ste/my_ros2_ws/build/turtlebot_controller/build/lib/script_python/move_turtle.py -> /home/ste/my_ros2_ws/install/turtlebot_controller/lib/python3.10/site-packages/script_python
[0.940s] byte-compiling /home/ste/my_ros2_ws/install/turtlebot_controller/lib/python3.10/site-packages/script_python/move_turtle.py to move_turtle.cpython-310.pyc
[0.941s] running install_data
[0.941s] running install_egg_info
[0.945s] removing '/home/ste/my_ros2_ws/install/turtlebot_controller/lib/python3.10/site-packages/turtlebot_controller-0.0.0-py3.10.egg-info' (and everything under it)
[0.945s] Copying ../../build/turtlebot_controller/turtlebot_controller.egg-info to /home/ste/my_ros2_ws/install/turtlebot_controller/lib/python3.10/site-packages/turtlebot_controller-0.0.0-py3.10.egg-info
[0.947s] running install_scripts
[0.971s] Installing move_turtle script to /home/ste/my_ros2_ws/install/turtlebot_controller/lib/turtlebot_controller
[0.971s] Installing turtle_velocity_data script to /home/ste/my_ros2_ws/install/turtlebot_controller/lib/turtlebot_controller
[0.972s] writing list of installed files to '/home/ste/my_ros2_ws/build/turtlebot_controller/install.log'
[1.046s] Invoked command in '/home/ste/my_ros2_ws/src/turtlebot_controller' returned '0': PYTHONPATH=/home/ste/my_ros2_ws/build/turtlebot_controller/prefix_override:/usr/lib/python3/dist-packages/colcon_core/task/python/colcon_distutils_commands:/home/ste/my_ros2_ws/install/turtlebot_controller/lib/python3.10/site-packages:${PYTHONPATH} /usr/bin/python3 -W ignore:setup.py install is deprecated setup.py egg_info --egg-base ../../build/turtlebot_controller build --build-base /home/ste/my_ros2_ws/build/turtlebot_controller/build install --record /home/ste/my_ros2_ws/build/turtlebot_controller/install.log --single-version-externally-managed install_data
