[1.037s] Invoking command in '/home/leo/turtlebot_workspace/src/turtlebot_controller': PYTHONPATH=/home/leo/turtlebot_workspace/build/turtlebot_controller/prefix_override:/usr/lib/python3/dist-packages/colcon_core/task/python/colcon_distutils_commands:/home/leo/turtlebot_workspace/install/turtlebot_controller/lib/python3.10/site-packages:${PYTHONPATH} /usr/bin/python3 -W ignore:setup.py install is deprecated -W ignore:easy_install command is deprecated setup.py egg_info --egg-base ../../build/turtlebot_controller build --build-base /home/leo/turtlebot_workspace/build/turtlebot_controller/build install --record /home/leo/turtlebot_workspace/build/turtlebot_controller/install.log --single-version-externally-managed install_data
[1.587s] running egg_info
[1.590s] writing ../../build/turtlebot_controller/turtlebot_controller.egg-info/PKG-INFO
[1.590s] writing dependency_links to ../../build/turtlebot_controller/turtlebot_controller.egg-info/dependency_links.txt
[1.591s] writing entry points to ../../build/turtlebot_controller/turtlebot_controller.egg-info/entry_points.txt
[1.591s] writing requirements to ../../build/turtlebot_controller/turtlebot_controller.egg-info/requires.txt
[1.591s] writing top-level names to ../../build/turtlebot_controller/turtlebot_controller.egg-info/top_level.txt
[1.597s] reading manifest file '../../build/turtlebot_controller/turtlebot_controller.egg-info/SOURCES.txt'
[1.599s] writing manifest file '../../build/turtlebot_controller/turtlebot_controller.egg-info/SOURCES.txt'
[1.600s] running build
[1.600s] running build_py
[1.601s] running install
[1.602s] running install_lib
[1.606s] running install_data
[1.607s] running install_egg_info
[1.610s] removing '/home/leo/turtlebot_workspace/install/turtlebot_controller/lib/python3.10/site-packages/turtlebot_controller-0.0.0-py3.10.egg-info' (and everything under it)
[1.610s] Copying ../../build/turtlebot_controller/turtlebot_controller.egg-info to /home/leo/turtlebot_workspace/install/turtlebot_controller/lib/python3.10/site-packages/turtlebot_controller-0.0.0-py3.10.egg-info
[1.612s] running install_scripts
[1.648s] Installing move_turtle script to /home/leo/turtlebot_workspace/install/turtlebot_controller/lib/turtlebot_controller
[1.648s] Installing move_turtle_AB script to /home/leo/turtlebot_workspace/install/turtlebot_controller/lib/turtlebot_controller
[1.648s] Installing turtle_csv_handler script to /home/leo/turtlebot_workspace/install/turtlebot_controller/lib/turtlebot_controller
[1.648s] Installing turtle_distance_publisher script to /home/leo/turtlebot_workspace/install/turtlebot_controller/lib/turtlebot_controller
[1.649s] Installing turtle_move_status_data script to /home/leo/turtlebot_workspace/install/turtlebot_controller/lib/turtlebot_controller
[1.649s] Installing turtle_position_data script to /home/leo/turtlebot_workspace/install/turtlebot_controller/lib/turtlebot_controller
[1.649s] Installing turtle_velocity_data script to /home/leo/turtlebot_workspace/install/turtlebot_controller/lib/turtlebot_controller
[1.650s] writing list of installed files to '/home/leo/turtlebot_workspace/build/turtlebot_controller/install.log'
[1.691s] Invoked command in '/home/leo/turtlebot_workspace/src/turtlebot_controller' returned '0': PYTHONPATH=/home/leo/turtlebot_workspace/build/turtlebot_controller/prefix_override:/usr/lib/python3/dist-packages/colcon_core/task/python/colcon_distutils_commands:/home/leo/turtlebot_workspace/install/turtlebot_controller/lib/python3.10/site-packages:${PYTHONPATH} /usr/bin/python3 -W ignore:setup.py install is deprecated -W ignore:easy_install command is deprecated setup.py egg_info --egg-base ../../build/turtlebot_controller build --build-base /home/leo/turtlebot_workspace/build/turtlebot_controller/build install --record /home/leo/turtlebot_workspace/build/turtlebot_controller/install.log --single-version-externally-managed install_data
