[0.706s] DEBUG:colcon:Command line arguments: ['/usr/bin/colcon', 'build', '--symlink-install']
[0.706s] DEBUG:colcon:Parsed command line arguments: Namespace(log_base=None, log_level=None, verb_name='build', build_base='build', install_base='install', merge_install=False, symlink_install=True, test_result_base=None, continue_on_error=False, executor='parallel', parallel_workers=4, event_handlers=None, ignore_user_meta=False, metas=['./colcon.meta'], base_paths=['.'], packages_ignore=None, packages_ignore_regex=None, paths=None, packages_up_to=None, packages_up_to_regex=None, packages_above=None, packages_above_and_dependencies=None, packages_above_depth=None, packages_select_by_dep=None, packages_skip_by_dep=None, packages_skip_up_to=None, packages_select_build_failed=False, packages_skip_build_finished=False, packages_select_test_failures=False, packages_skip_test_passed=False, packages_select=None, packages_skip=None, packages_select_regex=None, packages_skip_regex=None, packages_start=None, packages_end=None, allow_overriding=[], cmake_args=None, cmake_target=None, cmake_target_skip_unavailable=False, cmake_clean_cache=False, cmake_clean_first=False, cmake_force_configure=False, ament_cmake_args=None, catkin_cmake_args=None, catkin_skip_building_tests=False, mixin_files=None, mixin=None, verb_parser=<colcon_mixin.mixin.mixin_argument.MixinArgumentDecorator object at 0x7ff9539517b0>, verb_extension=<colcon_core.verb.build.BuildVerb object at 0x7ff9539511e0>, main=<bound method BuildVerb.main of <colcon_core.verb.build.BuildVerb object at 0x7ff9539511e0>>, mixin_verb=('build',))
[1.299s] Level 1:colcon.colcon_core.package_discovery:discover_packages(colcon_meta) check parameters
[1.299s] Level 1:colcon.colcon_core.package_discovery:discover_packages(recursive) check parameters
[1.299s] Level 1:colcon.colcon_core.package_discovery:discover_packages(ignore) check parameters
[1.299s] Level 1:colcon.colcon_core.package_discovery:discover_packages(path) check parameters
[1.299s] Level 1:colcon.colcon_core.package_discovery:discover_packages(colcon_meta) discover
[1.299s] Level 1:colcon.colcon_core.package_discovery:discover_packages(recursive) discover
[1.299s] INFO:colcon.colcon_core.package_discovery:Crawling recursively for packages in '/home/leo/Desktop/turtlebot_workspace_vocale'
[1.299s] Level 1:colcon.colcon_core.package_identification:_identify(.) by extensions ['ignore', 'ignore_ament_install']
[1.299s] Level 1:colcon.colcon_core.package_identification:_identify(.) by extension 'ignore'
[1.299s] Level 1:colcon.colcon_core.package_identification:_identify(.) by extension 'ignore_ament_install'
[1.300s] Level 1:colcon.colcon_core.package_identification:_identify(.) by extensions ['colcon_pkg']
[1.300s] Level 1:colcon.colcon_core.package_identification:_identify(.) by extension 'colcon_pkg'
[1.300s] Level 1:colcon.colcon_core.package_identification:_identify(.) by extensions ['colcon_meta']
[1.300s] Level 1:colcon.colcon_core.package_identification:_identify(.) by extension 'colcon_meta'
[1.300s] Level 1:colcon.colcon_core.package_identification:_identify(.) by extensions ['ros']
[1.300s] Level 1:colcon.colcon_core.package_identification:_identify(.) by extension 'ros'
[1.367s] Level 1:colcon.colcon_core.package_identification:_identify(.) by extensions ['cmake', 'python']
[1.367s] Level 1:colcon.colcon_core.package_identification:_identify(.) by extension 'cmake'
[1.367s] Level 1:colcon.colcon_core.package_identification:_identify(.) by extension 'python'
[1.367s] Level 1:colcon.colcon_core.package_identification:_identify(.) by extensions ['python_setup_py']
[1.367s] Level 1:colcon.colcon_core.package_identification:_identify(.) by extension 'python_setup_py'
[1.367s] Level 1:colcon.colcon_core.package_identification:_identify(build) by extensions ['ignore', 'ignore_ament_install']
[1.367s] Level 1:colcon.colcon_core.package_identification:_identify(build) by extension 'ignore'
[1.367s] Level 1:colcon.colcon_core.package_identification:_identify(build) ignored
[1.367s] Level 1:colcon.colcon_core.package_identification:_identify(install) by extensions ['ignore', 'ignore_ament_install']
[1.367s] Level 1:colcon.colcon_core.package_identification:_identify(install) by extension 'ignore'
[1.368s] Level 1:colcon.colcon_core.package_identification:_identify(install) ignored
[1.368s] Level 1:colcon.colcon_core.package_identification:_identify(log) by extensions ['ignore', 'ignore_ament_install']
[1.368s] Level 1:colcon.colcon_core.package_identification:_identify(log) by extension 'ignore'
[1.368s] Level 1:colcon.colcon_core.package_identification:_identify(log) ignored
[1.368s] Level 1:colcon.colcon_core.package_identification:_identify(maps) by extensions ['ignore', 'ignore_ament_install']
[1.368s] Level 1:colcon.colcon_core.package_identification:_identify(maps) by extension 'ignore'
[1.368s] Level 1:colcon.colcon_core.package_identification:_identify(maps) by extension 'ignore_ament_install'
[1.368s] Level 1:colcon.colcon_core.package_identification:_identify(maps) by extensions ['colcon_pkg']
[1.368s] Level 1:colcon.colcon_core.package_identification:_identify(maps) by extension 'colcon_pkg'
[1.368s] Level 1:colcon.colcon_core.package_identification:_identify(maps) by extensions ['colcon_meta']
[1.368s] Level 1:colcon.colcon_core.package_identification:_identify(maps) by extension 'colcon_meta'
[1.368s] Level 1:colcon.colcon_core.package_identification:_identify(maps) by extensions ['ros']
[1.369s] Level 1:colcon.colcon_core.package_identification:_identify(maps) by extension 'ros'
[1.369s] Level 1:colcon.colcon_core.package_identification:_identify(maps) by extensions ['cmake', 'python']
[1.369s] Level 1:colcon.colcon_core.package_identification:_identify(maps) by extension 'cmake'
[1.369s] Level 1:colcon.colcon_core.package_identification:_identify(maps) by extension 'python'
[1.369s] Level 1:colcon.colcon_core.package_identification:_identify(maps) by extensions ['python_setup_py']
[1.369s] Level 1:colcon.colcon_core.package_identification:_identify(maps) by extension 'python_setup_py'
[1.370s] Level 1:colcon.colcon_core.package_identification:_identify(maps/mappe_ste) by extensions ['ignore', 'ignore_ament_install']
[1.370s] Level 1:colcon.colcon_core.package_identification:_identify(maps/mappe_ste) by extension 'ignore'
[1.370s] Level 1:colcon.colcon_core.package_identification:_identify(maps/mappe_ste) by extension 'ignore_ament_install'
[1.370s] Level 1:colcon.colcon_core.package_identification:_identify(maps/mappe_ste) by extensions ['colcon_pkg']
[1.370s] Level 1:colcon.colcon_core.package_identification:_identify(maps/mappe_ste) by extension 'colcon_pkg'
[1.370s] Level 1:colcon.colcon_core.package_identification:_identify(maps/mappe_ste) by extensions ['colcon_meta']
[1.370s] Level 1:colcon.colcon_core.package_identification:_identify(maps/mappe_ste) by extension 'colcon_meta'
[1.370s] Level 1:colcon.colcon_core.package_identification:_identify(maps/mappe_ste) by extensions ['ros']
[1.370s] Level 1:colcon.colcon_core.package_identification:_identify(maps/mappe_ste) by extension 'ros'
[1.370s] Level 1:colcon.colcon_core.package_identification:_identify(maps/mappe_ste) by extensions ['cmake', 'python']
[1.371s] Level 1:colcon.colcon_core.package_identification:_identify(maps/mappe_ste) by extension 'cmake'
[1.371s] Level 1:colcon.colcon_core.package_identification:_identify(maps/mappe_ste) by extension 'python'
[1.371s] Level 1:colcon.colcon_core.package_identification:_identify(maps/mappe_ste) by extensions ['python_setup_py']
[1.371s] Level 1:colcon.colcon_core.package_identification:_identify(maps/mappe_ste) by extension 'python_setup_py'
[1.371s] Level 1:colcon.colcon_core.package_identification:_identify(src) by extensions ['ignore', 'ignore_ament_install']
[1.371s] Level 1:colcon.colcon_core.package_identification:_identify(src) by extension 'ignore'
[1.371s] Level 1:colcon.colcon_core.package_identification:_identify(src) by extension 'ignore_ament_install'
[1.371s] Level 1:colcon.colcon_core.package_identification:_identify(src) by extensions ['colcon_pkg']
[1.371s] Level 1:colcon.colcon_core.package_identification:_identify(src) by extension 'colcon_pkg'
[1.371s] Level 1:colcon.colcon_core.package_identification:_identify(src) by extensions ['colcon_meta']
[1.371s] Level 1:colcon.colcon_core.package_identification:_identify(src) by extension 'colcon_meta'
[1.371s] Level 1:colcon.colcon_core.package_identification:_identify(src) by extensions ['ros']
[1.371s] Level 1:colcon.colcon_core.package_identification:_identify(src) by extension 'ros'
[1.371s] Level 1:colcon.colcon_core.package_identification:_identify(src) by extensions ['cmake', 'python']
[1.371s] Level 1:colcon.colcon_core.package_identification:_identify(src) by extension 'cmake'
[1.371s] Level 1:colcon.colcon_core.package_identification:_identify(src) by extension 'python'
[1.371s] Level 1:colcon.colcon_core.package_identification:_identify(src) by extensions ['python_setup_py']
[1.371s] Level 1:colcon.colcon_core.package_identification:_identify(src) by extension 'python_setup_py'
[1.372s] Level 1:colcon.colcon_core.package_identification:_identify(src/build) by extensions ['ignore', 'ignore_ament_install']
[1.372s] Level 1:colcon.colcon_core.package_identification:_identify(src/build) by extension 'ignore'
[1.372s] Level 1:colcon.colcon_core.package_identification:_identify(src/build) ignored
[1.374s] Level 1:colcon.colcon_core.package_identification:_identify(src/install) by extensions ['ignore', 'ignore_ament_install']
[1.374s] Level 1:colcon.colcon_core.package_identification:_identify(src/install) by extension 'ignore'
[1.374s] Level 1:colcon.colcon_core.package_identification:_identify(src/install) ignored
[1.375s] Level 1:colcon.colcon_core.package_identification:_identify(src/log) by extensions ['ignore', 'ignore_ament_install']
[1.375s] Level 1:colcon.colcon_core.package_identification:_identify(src/log) by extension 'ignore'
[1.375s] Level 1:colcon.colcon_core.package_identification:_identify(src/log) ignored
[1.376s] Level 1:colcon.colcon_core.package_identification:_identify(src/turtlebot_controller) by extensions ['ignore', 'ignore_ament_install']
[1.376s] Level 1:colcon.colcon_core.package_identification:_identify(src/turtlebot_controller) by extension 'ignore'
[1.376s] Level 1:colcon.colcon_core.package_identification:_identify(src/turtlebot_controller) by extension 'ignore_ament_install'
[1.377s] Level 1:colcon.colcon_core.package_identification:_identify(src/turtlebot_controller) by extensions ['colcon_pkg']
[1.377s] Level 1:colcon.colcon_core.package_identification:_identify(src/turtlebot_controller) by extension 'colcon_pkg'
[1.377s] Level 1:colcon.colcon_core.package_identification:_identify(src/turtlebot_controller) by extensions ['colcon_meta']
[1.377s] Level 1:colcon.colcon_core.package_identification:_identify(src/turtlebot_controller) by extension 'colcon_meta'
[1.377s] Level 1:colcon.colcon_core.package_identification:_identify(src/turtlebot_controller) by extensions ['ros']
[1.377s] Level 1:colcon.colcon_core.package_identification:_identify(src/turtlebot_controller) by extension 'ros'
[1.383s] DEBUG:colcon.colcon_core.package_identification:Package 'src/turtlebot_controller' with type 'ros.ament_python' and name 'turtlebot_controller'
[1.383s] Level 1:colcon.colcon_core.package_discovery:discover_packages(recursive) using defaults
[1.383s] Level 1:colcon.colcon_core.package_discovery:discover_packages(ignore) discover
[1.383s] Level 1:colcon.colcon_core.package_discovery:discover_packages(ignore) using defaults
[1.383s] Level 1:colcon.colcon_core.package_discovery:discover_packages(path) discover
[1.383s] Level 1:colcon.colcon_core.package_discovery:discover_packages(path) using defaults
[1.439s] Level 1:colcon.colcon_core.package_discovery:discover_packages(prefix_path) check parameters
[1.439s] Level 1:colcon.colcon_core.package_discovery:discover_packages(prefix_path) discover
[1.450s] DEBUG:colcon.colcon_installed_package_information.package_discovery:Found 323 installed packages in /opt/ros/humble
[1.452s] Level 1:colcon.colcon_core.package_discovery:discover_packages(prefix_path) using defaults
[1.509s] Level 5:colcon.colcon_core.verb:set package 'turtlebot_controller' build argument 'cmake_args' from command line to 'None'
[1.509s] Level 5:colcon.colcon_core.verb:set package 'turtlebot_controller' build argument 'cmake_target' from command line to 'None'
[1.509s] Level 5:colcon.colcon_core.verb:set package 'turtlebot_controller' build argument 'cmake_target_skip_unavailable' from command line to 'False'
[1.509s] Level 5:colcon.colcon_core.verb:set package 'turtlebot_controller' build argument 'cmake_clean_cache' from command line to 'False'
[1.509s] Level 5:colcon.colcon_core.verb:set package 'turtlebot_controller' build argument 'cmake_clean_first' from command line to 'False'
[1.509s] Level 5:colcon.colcon_core.verb:set package 'turtlebot_controller' build argument 'cmake_force_configure' from command line to 'False'
[1.509s] Level 5:colcon.colcon_core.verb:set package 'turtlebot_controller' build argument 'ament_cmake_args' from command line to 'None'
[1.509s] Level 5:colcon.colcon_core.verb:set package 'turtlebot_controller' build argument 'catkin_cmake_args' from command line to 'None'
[1.510s] Level 5:colcon.colcon_core.verb:set package 'turtlebot_controller' build argument 'catkin_skip_building_tests' from command line to 'False'
[1.510s] DEBUG:colcon.colcon_core.verb:Building package 'turtlebot_controller' with the following arguments: {'ament_cmake_args': None, 'build_base': '/home/leo/Desktop/turtlebot_workspace_vocale/build/turtlebot_controller', 'catkin_cmake_args': None, 'catkin_skip_building_tests': False, 'cmake_args': None, 'cmake_clean_cache': False, 'cmake_clean_first': False, 'cmake_force_configure': False, 'cmake_target': None, 'cmake_target_skip_unavailable': False, 'install_base': '/home/leo/Desktop/turtlebot_workspace_vocale/install/turtlebot_controller', 'merge_install': False, 'path': '/home/leo/Desktop/turtlebot_workspace_vocale/src/turtlebot_controller', 'symlink_install': True, 'test_result_base': None}
[1.510s] INFO:colcon.colcon_core.executor:Executing jobs using 'parallel' executor
[1.511s] DEBUG:colcon.colcon_parallel_executor.executor.parallel:run_until_complete
[1.511s] INFO:colcon.colcon_ros.task.ament_python.build:Building ROS package in '/home/leo/Desktop/turtlebot_workspace_vocale/src/turtlebot_controller' with build type 'ament_python'
[1.512s] Level 1:colcon.colcon_core.shell:create_environment_hook('turtlebot_controller', 'ament_prefix_path')
[1.526s] INFO:colcon.colcon_core.plugin_system:Skipping extension 'colcon_core.shell.bat': Not used on non-Windows systems
[1.526s] INFO:colcon.colcon_core.shell:Creating environment hook '/home/leo/Desktop/turtlebot_workspace_vocale/install/turtlebot_controller/share/turtlebot_controller/hook/ament_prefix_path.ps1'
[1.531s] INFO:colcon.colcon_core.shell:Creating environment descriptor '/home/leo/Desktop/turtlebot_workspace_vocale/install/turtlebot_controller/share/turtlebot_controller/hook/ament_prefix_path.dsv'
[1.533s] INFO:colcon.colcon_core.shell:Creating environment hook '/home/leo/Desktop/turtlebot_workspace_vocale/install/turtlebot_controller/share/turtlebot_controller/hook/ament_prefix_path.sh'
[1.535s] INFO:colcon.colcon_core.shell:Skip shell extension 'powershell' for command environment: Not usable outside of PowerShell
[1.535s] DEBUG:colcon.colcon_core.shell:Skip shell extension 'dsv' for command environment
[1.843s] INFO:colcon.colcon_core.task.python.build:Building Python package in '/home/leo/Desktop/turtlebot_workspace_vocale/src/turtlebot_controller'
[1.843s] INFO:colcon.colcon_core.shell:Skip shell extension 'powershell' for command environment: Not usable outside of PowerShell
[1.843s] DEBUG:colcon.colcon_core.shell:Skip shell extension 'dsv' for command environment
[2.338s] DEBUG:colcon.colcon_core.event_handler.log_command:Invoking command in '/home/leo/Desktop/turtlebot_workspace_vocale/build/turtlebot_controller': PYTHONPATH=/home/leo/Desktop/turtlebot_workspace_vocale/build/turtlebot_controller/prefix_override:/usr/lib/python3/dist-packages/colcon_core/task/python/colcon_distutils_commands:/home/leo/Desktop/turtlebot_workspace_vocale/install/turtlebot_controller/lib/python3.10/site-packages:${PYTHONPATH} /usr/bin/python3 -W ignore:setup.py install is deprecated -W ignore:easy_install command is deprecated setup.py develop --editable --build-directory /home/leo/Desktop/turtlebot_workspace_vocale/build/turtlebot_controller/build --no-deps symlink_data
[2.915s] Level 1:colcon.colcon_core.shell:create_environment_hook('turtlebot_controller', 'pythonpath_develop')
[2.915s] INFO:colcon.colcon_core.shell:Creating environment hook '/home/leo/Desktop/turtlebot_workspace_vocale/build/turtlebot_controller/share/turtlebot_controller/hook/pythonpath_develop.ps1'
[2.916s] DEBUG:colcon.colcon_core.event_handler.log_command:Invoked command in '/home/leo/Desktop/turtlebot_workspace_vocale/build/turtlebot_controller' returned '0': PYTHONPATH=/home/leo/Desktop/turtlebot_workspace_vocale/build/turtlebot_controller/prefix_override:/usr/lib/python3/dist-packages/colcon_core/task/python/colcon_distutils_commands:/home/leo/Desktop/turtlebot_workspace_vocale/install/turtlebot_controller/lib/python3.10/site-packages:${PYTHONPATH} /usr/bin/python3 -W ignore:setup.py install is deprecated -W ignore:easy_install command is deprecated setup.py develop --editable --build-directory /home/leo/Desktop/turtlebot_workspace_vocale/build/turtlebot_controller/build --no-deps symlink_data
[2.918s] INFO:colcon.colcon_core.shell:Creating environment descriptor '/home/leo/Desktop/turtlebot_workspace_vocale/build/turtlebot_controller/share/turtlebot_controller/hook/pythonpath_develop.dsv'
[2.918s] INFO:colcon.colcon_core.shell:Creating environment hook '/home/leo/Desktop/turtlebot_workspace_vocale/build/turtlebot_controller/share/turtlebot_controller/hook/pythonpath_develop.sh'
[2.933s] Level 1:colcon.colcon_core.environment:checking '/home/leo/Desktop/turtlebot_workspace_vocale/install/turtlebot_controller' for CMake module files
[2.934s] Level 1:colcon.colcon_core.environment:checking '/home/leo/Desktop/turtlebot_workspace_vocale/install/turtlebot_controller' for CMake config files
[2.938s] Level 1:colcon.colcon_core.environment:checking '/home/leo/Desktop/turtlebot_workspace_vocale/install/turtlebot_controller/lib'
[2.938s] Level 1:colcon.colcon_core.environment:checking '/home/leo/Desktop/turtlebot_workspace_vocale/install/turtlebot_controller/bin'
[2.938s] Level 1:colcon.colcon_core.environment:checking '/home/leo/Desktop/turtlebot_workspace_vocale/install/turtlebot_controller/lib/pkgconfig/turtlebot_controller.pc'
[2.938s] Level 1:colcon.colcon_core.environment:checking '/home/leo/Desktop/turtlebot_workspace_vocale/install/turtlebot_controller/lib/python3.10/site-packages'
[2.938s] Level 1:colcon.colcon_core.shell:create_environment_hook('turtlebot_controller', 'pythonpath')
[2.939s] INFO:colcon.colcon_core.shell:Creating environment hook '/home/leo/Desktop/turtlebot_workspace_vocale/install/turtlebot_controller/share/turtlebot_controller/hook/pythonpath.ps1'
[2.939s] INFO:colcon.colcon_core.shell:Creating environment descriptor '/home/leo/Desktop/turtlebot_workspace_vocale/install/turtlebot_controller/share/turtlebot_controller/hook/pythonpath.dsv'
[2.940s] INFO:colcon.colcon_core.shell:Creating environment hook '/home/leo/Desktop/turtlebot_workspace_vocale/install/turtlebot_controller/share/turtlebot_controller/hook/pythonpath.sh'
[2.940s] Level 1:colcon.colcon_core.environment:checking '/home/leo/Desktop/turtlebot_workspace_vocale/install/turtlebot_controller/bin'
[2.941s] Level 1:colcon.colcon_core.environment:create_environment_scripts_only(turtlebot_controller)
[2.941s] INFO:colcon.colcon_core.shell:Creating package script '/home/leo/Desktop/turtlebot_workspace_vocale/install/turtlebot_controller/share/turtlebot_controller/package.ps1'
[2.943s] INFO:colcon.colcon_core.shell:Creating package descriptor '/home/leo/Desktop/turtlebot_workspace_vocale/install/turtlebot_controller/share/turtlebot_controller/package.dsv'
[2.945s] INFO:colcon.colcon_core.shell:Creating package script '/home/leo/Desktop/turtlebot_workspace_vocale/install/turtlebot_controller/share/turtlebot_controller/package.sh'
[2.946s] INFO:colcon.colcon_core.shell:Creating package script '/home/leo/Desktop/turtlebot_workspace_vocale/install/turtlebot_controller/share/turtlebot_controller/package.bash'
[2.948s] INFO:colcon.colcon_core.shell:Creating package script '/home/leo/Desktop/turtlebot_workspace_vocale/install/turtlebot_controller/share/turtlebot_controller/package.zsh'
[2.950s] Level 1:colcon.colcon_core.environment:create_file_with_runtime_dependencies(/home/leo/Desktop/turtlebot_workspace_vocale/install/turtlebot_controller/share/colcon-core/packages/turtlebot_controller)
[2.950s] DEBUG:colcon.colcon_parallel_executor.executor.parallel:closing loop
[2.951s] DEBUG:colcon.colcon_parallel_executor.executor.parallel:loop closed
[2.951s] DEBUG:colcon.colcon_parallel_executor.executor.parallel:run_until_complete finished with '0'
[2.951s] DEBUG:colcon.colcon_core.event_reactor:joining thread
[2.960s] INFO:colcon.colcon_core.plugin_system:Skipping extension 'colcon_notification.desktop_notification.terminal_notifier': Not used on non-Darwin systems
[2.960s] INFO:colcon.colcon_core.plugin_system:Skipping extension 'colcon_notification.desktop_notification.win32': Not used on non-Windows systems
[2.960s] INFO:colcon.colcon_notification.desktop_notification:Sending desktop notification using 'notify2'
[2.991s] DEBUG:colcon.colcon_core.event_reactor:joined thread
[2.991s] INFO:colcon.colcon_core.shell:Creating prefix script '/home/leo/Desktop/turtlebot_workspace_vocale/install/local_setup.ps1'
[2.993s] INFO:colcon.colcon_core.shell:Creating prefix util module '/home/leo/Desktop/turtlebot_workspace_vocale/install/_local_setup_util_ps1.py'
[2.997s] INFO:colcon.colcon_core.shell:Creating prefix chain script '/home/leo/Desktop/turtlebot_workspace_vocale/install/setup.ps1'
[2.999s] INFO:colcon.colcon_core.shell:Creating prefix script '/home/leo/Desktop/turtlebot_workspace_vocale/install/local_setup.sh'
[3.001s] INFO:colcon.colcon_core.shell:Creating prefix util module '/home/leo/Desktop/turtlebot_workspace_vocale/install/_local_setup_util_sh.py'
[3.002s] INFO:colcon.colcon_core.shell:Creating prefix chain script '/home/leo/Desktop/turtlebot_workspace_vocale/install/setup.sh'
[3.004s] INFO:colcon.colcon_core.shell:Creating prefix script '/home/leo/Desktop/turtlebot_workspace_vocale/install/local_setup.bash'
[3.005s] INFO:colcon.colcon_core.shell:Creating prefix chain script '/home/leo/Desktop/turtlebot_workspace_vocale/install/setup.bash'
[3.007s] INFO:colcon.colcon_core.shell:Creating prefix script '/home/leo/Desktop/turtlebot_workspace_vocale/install/local_setup.zsh'
[3.009s] INFO:colcon.colcon_core.shell:Creating prefix chain script '/home/leo/Desktop/turtlebot_workspace_vocale/install/setup.zsh'
