/home/ste/my_ros2_ws/install/turtlebot_controller/lib/python3.10/site-packages/script_python/__init__.py
/home/ste/my_ros2_ws/install/turtlebot_controller/lib/python3.10/site-packages/script_python/move_turtle.py
/home/ste/my_ros2_ws/install/turtlebot_controller/lib/python3.10/site-packages/script_python/patient_button_control.py
/home/ste/my_ros2_ws/install/turtlebot_controller/lib/python3.10/site-packages/script_python/turtle_estimate_position.py
/home/ste/my_ros2_ws/install/turtlebot_controller/lib/python3.10/site-packages/script_python/turtle_csv_handler.py
/home/ste/my_ros2_ws/install/turtlebot_controller/lib/python3.10/site-packages/script_python/elaborate_data.py
/home/ste/my_ros2_ws/install/turtlebot_controller/lib/python3.10/site-packages/script_python/move_turtle_AB.py
/home/ste/my_ros2_ws/install/turtlebot_controller/lib/python3.10/site-packages/script_python/turtle_distance_publisher.py
/home/ste/my_ros2_ws/install/turtlebot_controller/lib/python3.10/site-packages/script_python/__pycache__/__init__.cpython-310.pyc
/home/ste/my_ros2_ws/install/turtlebot_controller/lib/python3.10/site-packages/script_python/__pycache__/move_turtle.cpython-310.pyc
/home/ste/my_ros2_ws/install/turtlebot_controller/lib/python3.10/site-packages/script_python/__pycache__/patient_button_control.cpython-310.pyc
/home/ste/my_ros2_ws/install/turtlebot_controller/lib/python3.10/site-packages/script_python/__pycache__/turtle_estimate_position.cpython-310.pyc
/home/ste/my_ros2_ws/install/turtlebot_controller/lib/python3.10/site-packages/script_python/__pycache__/turtle_csv_handler.cpython-310.pyc
/home/ste/my_ros2_ws/install/turtlebot_controller/lib/python3.10/site-packages/script_python/__pycache__/elaborate_data.cpython-310.pyc
/home/ste/my_ros2_ws/install/turtlebot_controller/lib/python3.10/site-packages/script_python/__pycache__/move_turtle_AB.cpython-310.pyc
/home/ste/my_ros2_ws/install/turtlebot_controller/lib/python3.10/site-packages/script_python/__pycache__/turtle_distance_publisher.cpython-310.pyc
/home/ste/my_ros2_ws/install/turtlebot_controller/share/ament_index/resource_index/packages/turtlebot_controller
/home/ste/my_ros2_ws/install/turtlebot_controller/share/turtlebot_controller/package.xml
/home/ste/my_ros2_ws/install/turtlebot_controller/lib/python3.10/site-packages/turtlebot_controller-0.0.0-py3.10.egg-info/PKG-INFO
/home/ste/my_ros2_ws/install/turtlebot_controller/lib/python3.10/site-packages/turtlebot_controller-0.0.0-py3.10.egg-info/top_level.txt
/home/ste/my_ros2_ws/install/turtlebot_controller/lib/python3.10/site-packages/turtlebot_controller-0.0.0-py3.10.egg-info/entry_points.txt
/home/ste/my_ros2_ws/install/turtlebot_controller/lib/python3.10/site-packages/turtlebot_controller-0.0.0-py3.10.egg-info/dependency_links.txt
/home/ste/my_ros2_ws/install/turtlebot_controller/lib/python3.10/site-packages/turtlebot_controller-0.0.0-py3.10.egg-info/requires.txt
/home/ste/my_ros2_ws/install/turtlebot_controller/lib/python3.10/site-packages/turtlebot_controller-0.0.0-py3.10.egg-info/zip-safe
/home/ste/my_ros2_ws/install/turtlebot_controller/lib/python3.10/site-packages/turtlebot_controller-0.0.0-py3.10.egg-info/SOURCES.txt
/home/ste/my_ros2_ws/install/turtlebot_controller/lib/turtlebot_controller/move_turtle
/home/ste/my_ros2_ws/install/turtlebot_controller/lib/turtlebot_controller/move_turtle_AB
/home/ste/my_ros2_ws/install/turtlebot_controller/lib/turtlebot_controller/turtle_csv_handler
/home/ste/my_ros2_ws/install/turtlebot_controller/lib/turtlebot_controller/turtle_distance_publisher
/home/ste/my_ros2_ws/install/turtlebot_controller/lib/turtlebot_controller/turtle_move_status_data
/home/ste/my_ros2_ws/install/turtlebot_controller/lib/turtlebot_controller/turtle_position_data
/home/ste/my_ros2_ws/install/turtlebot_controller/lib/turtlebot_controller/turtle_velocity_data
