[0.741s] Invoking command in '/home/leo/Desktop/turtlebot_workspace_vocale/build/turtlebot_controller': PYTHONPATH=/home/leo/Desktop/turtlebot_workspace_vocale/build/turtlebot_controller/prefix_override:/usr/lib/python3/dist-packages/colcon_core/task/python/colcon_distutils_commands:/home/leo/Desktop/turtlebot_workspace_vocale/install/turtlebot_controller/lib/python3.10/site-packages:${PYTHONPATH} /usr/bin/python3 -W ignore:setup.py install is deprecated -W ignore:easy_install command is deprecated setup.py develop --editable --build-directory /home/leo/Desktop/turtlebot_workspace_vocale/build/turtlebot_controller/build --no-deps symlink_data
[1.068s] running develop
[1.279s] running egg_info
[1.279s] writing turtlebot_controller.egg-info/PKG-INFO
[1.280s] writing dependency_links to turtlebot_controller.egg-info/dependency_links.txt
[1.280s] writing entry points to turtlebot_controller.egg-info/entry_points.txt
[1.280s] writing requirements to turtlebot_controller.egg-info/requires.txt
[1.281s] writing top-level names to turtlebot_controller.egg-info/top_level.txt
[1.283s] reading manifest file 'turtlebot_controller.egg-info/SOURCES.txt'
[1.284s] writing manifest file 'turtlebot_controller.egg-info/SOURCES.txt'
[1.286s] running build_ext
[1.286s] Creating /home/leo/Desktop/turtlebot_workspace_vocale/install/turtlebot_controller/lib/python3.10/site-packages/turtlebot-controller.egg-link (link to .)
[1.288s] Installing move_turtle script to /home/leo/Desktop/turtlebot_workspace_vocale/install/turtlebot_controller/lib/turtlebot_controller
[1.288s] Installing move_turtle_AB script to /home/leo/Desktop/turtlebot_workspace_vocale/install/turtlebot_controller/lib/turtlebot_controller
[1.288s] Installing turtle_csv_handler script to /home/leo/Desktop/turtlebot_workspace_vocale/install/turtlebot_controller/lib/turtlebot_controller
[1.288s] Installing turtle_distance_publisher script to /home/leo/Desktop/turtlebot_workspace_vocale/install/turtlebot_controller/lib/turtlebot_controller
[1.289s] Installing turtle_move_status_data script to /home/leo/Desktop/turtlebot_workspace_vocale/install/turtlebot_controller/lib/turtlebot_controller
[1.289s] Installing turtle_position_data script to /home/leo/Desktop/turtlebot_workspace_vocale/install/turtlebot_controller/lib/turtlebot_controller
[1.289s] Installing turtle_velocity_data script to /home/leo/Desktop/turtlebot_workspace_vocale/install/turtlebot_controller/lib/turtlebot_controller
[1.289s] Installing voice_interface script to /home/leo/Desktop/turtlebot_workspace_vocale/install/turtlebot_controller/lib/turtlebot_controller
[1.290s] 
[1.290s] Installed /home/leo/Desktop/turtlebot_workspace_vocale/build/turtlebot_controller
[1.290s] running symlink_data
[1.324s] Invoked command in '/home/leo/Desktop/turtlebot_workspace_vocale/build/turtlebot_controller' returned '0': PYTHONPATH=/home/leo/Desktop/turtlebot_workspace_vocale/build/turtlebot_controller/prefix_override:/usr/lib/python3/dist-packages/colcon_core/task/python/colcon_distutils_commands:/home/leo/Desktop/turtlebot_workspace_vocale/install/turtlebot_controller/lib/python3.10/site-packages:${PYTHONPATH} /usr/bin/python3 -W ignore:setup.py install is deprecated -W ignore:easy_install command is deprecated setup.py develop --editable --build-directory /home/leo/Desktop/turtlebot_workspace_vocale/build/turtlebot_controller/build --no-deps symlink_data
