[0.928s] Invoking command in '/home/ste/my_ros2_ws/src/turtlebot_controller': PYTHONPATH=/home/ste/my_ros2_ws/build/turtlebot_controller/prefix_override:/usr/lib/python3/dist-packages/colcon_core/task/python/colcon_distutils_commands:/home/ste/my_ros2_ws/install/turtlebot_controller/lib/python3.10/site-packages:${PYTHONPATH} /usr/bin/python3 -W ignore:setup.py install is deprecated setup.py egg_info --egg-base ../../build/turtlebot_controller build --build-base /home/ste/my_ros2_ws/build/turtlebot_controller/build install --record /home/ste/my_ros2_ws/build/turtlebot_controller/install.log --single-version-externally-managed install_data
[1.215s] running egg_info
[1.216s] writing ../../build/turtlebot_controller/turtlebot_controller.egg-info/PKG-INFO
[1.217s] writing dependency_links to ../../build/turtlebot_controller/turtlebot_controller.egg-info/dependency_links.txt
[1.218s] writing entry points to ../../build/turtlebot_controller/turtlebot_controller.egg-info/entry_points.txt
[1.218s] writing requirements to ../../build/turtlebot_controller/turtlebot_controller.egg-info/requires.txt
[1.218s] writing top-level names to ../../build/turtlebot_controller/turtlebot_controller.egg-info/top_level.txt
[1.223s] reading manifest file '../../build/turtlebot_controller/turtlebot_controller.egg-info/SOURCES.txt'
[1.224s] writing manifest file '../../build/turtlebot_controller/turtlebot_controller.egg-info/SOURCES.txt'
[1.225s] running build
[1.225s] running build_py
[1.228s] running install
[1.228s] running install_lib
[1.232s] running install_data
[1.234s] copying launch/tb3_santanna_launch.py -> /home/ste/my_ros2_ws/install/turtlebot_controller/share/turtlebot_controller/launch
[1.234s] creating /home/ste/my_ros2_ws/install/turtlebot_controller/share/turtlebot_controller/maps
[1.235s] copying maps/turtlebot3_world.yaml -> /home/ste/my_ros2_ws/install/turtlebot_controller/share/turtlebot_controller/maps
[1.235s] copying maps/turtlebot3_world.pgm -> /home/ste/my_ros2_ws/install/turtlebot_controller/share/turtlebot_controller/maps
[1.237s] copying maps/planimetria_stanza_rotated.pgm -> /home/ste/my_ros2_ws/install/turtlebot_controller/share/turtlebot_controller/maps
[1.244s] copying maps/planimetria_stanza.pgm -> /home/ste/my_ros2_ws/install/turtlebot_controller/share/turtlebot_controller/maps
[1.251s] copying maps/planimetria_stanza.yaml -> /home/ste/my_ros2_ws/install/turtlebot_controller/share/turtlebot_controller/maps
[1.251s] creating /home/ste/my_ros2_ws/install/turtlebot_controller/share/turtlebot_controller/params
[1.252s] copying params/nav2_multirobot_params_2.yaml -> /home/ste/my_ros2_ws/install/turtlebot_controller/share/turtlebot_controller/params
[1.252s] copying params/nav2_params.yaml -> /home/ste/my_ros2_ws/install/turtlebot_controller/share/turtlebot_controller/params
[1.253s] copying params/nav2_multirobot_params_all.yaml -> /home/ste/my_ros2_ws/install/turtlebot_controller/share/turtlebot_controller/params
[1.253s] copying params/nav2_multirobot_params_1.yaml -> /home/ste/my_ros2_ws/install/turtlebot_controller/share/turtlebot_controller/params
[1.254s] creating /home/ste/my_ros2_ws/install/turtlebot_controller/share/turtlebot_controller/urdf
[1.254s] copying urdf/turtlebot3_waffle.urdf -> /home/ste/my_ros2_ws/install/turtlebot_controller/share/turtlebot_controller/urdf
[1.255s] creating /home/ste/my_ros2_ws/install/turtlebot_controller/share/turtlebot_controller/worlds
[1.255s] copying worlds/waffle.model -> /home/ste/my_ros2_ws/install/turtlebot_controller/share/turtlebot_controller/worlds
[1.256s] copying worlds/world_only.model -> /home/ste/my_ros2_ws/install/turtlebot_controller/share/turtlebot_controller/worlds
[1.257s] copying worlds/world_planimetria.model -> /home/ste/my_ros2_ws/install/turtlebot_controller/share/turtlebot_controller/worlds
[1.257s] creating /home/ste/my_ros2_ws/install/turtlebot_controller/share/turtlebot_controller/rviz
[1.258s] copying rviz/nav2_default_view.rviz -> /home/ste/my_ros2_ws/install/turtlebot_controller/share/turtlebot_controller/rviz
[1.258s] copying rviz/nav2_namespaced_view.rviz -> /home/ste/my_ros2_ws/install/turtlebot_controller/share/turtlebot_controller/rviz
[1.259s] running install_egg_info
[1.261s] removing '/home/ste/my_ros2_ws/install/turtlebot_controller/lib/python3.10/site-packages/turtlebot_controller-0.0.0-py3.10.egg-info' (and everything under it)
[1.262s] Copying ../../build/turtlebot_controller/turtlebot_controller.egg-info to /home/ste/my_ros2_ws/install/turtlebot_controller/lib/python3.10/site-packages/turtlebot_controller-0.0.0-py3.10.egg-info
[1.263s] running install_scripts
[1.286s] Installing move_turtle script to /home/ste/my_ros2_ws/install/turtlebot_controller/lib/turtlebot_controller
[1.287s] Installing move_turtle_AB script to /home/ste/my_ros2_ws/install/turtlebot_controller/lib/turtlebot_controller
[1.288s] Installing turtle_csv_handler script to /home/ste/my_ros2_ws/install/turtlebot_controller/lib/turtlebot_controller
[1.288s] Installing turtle_distance_publisher script to /home/ste/my_ros2_ws/install/turtlebot_controller/lib/turtlebot_controller
[1.288s] Installing turtle_move_status_data script to /home/ste/my_ros2_ws/install/turtlebot_controller/lib/turtlebot_controller
[1.289s] Installing turtle_position_data script to /home/ste/my_ros2_ws/install/turtlebot_controller/lib/turtlebot_controller
[1.289s] Installing turtle_velocity_data script to /home/ste/my_ros2_ws/install/turtlebot_controller/lib/turtlebot_controller
[1.289s] writing list of installed files to '/home/ste/my_ros2_ws/build/turtlebot_controller/install.log'
[1.314s] Invoked command in '/home/ste/my_ros2_ws/src/turtlebot_controller' returned '0': PYTHONPATH=/home/ste/my_ros2_ws/build/turtlebot_controller/prefix_override:/usr/lib/python3/dist-packages/colcon_core/task/python/colcon_distutils_commands:/home/ste/my_ros2_ws/install/turtlebot_controller/lib/python3.10/site-packages:${PYTHONPATH} /usr/bin/python3 -W ignore:setup.py install is deprecated setup.py egg_info --egg-base ../../build/turtlebot_controller build --build-base /home/ste/my_ros2_ws/build/turtlebot_controller/build install --record /home/ste/my_ros2_ws/build/turtlebot_controller/install.log --single-version-externally-managed install_data
