[0.595s] DEBUG:colcon:Command line arguments: ['/usr/bin/colcon', 'build']
[0.596s] DEBUG:colcon:Parsed command line arguments: Namespace(log_base=None, log_level=None, verb_name='build', build_base='build', install_base='install', merge_install=False, symlink_install=False, test_result_base=None, continue_on_error=False, executor='parallel', parallel_workers=16, event_handlers=None, ignore_user_meta=False, metas=['./colcon.meta'], base_paths=['.'], packages_ignore=None, packages_ignore_regex=None, paths=None, packages_up_to=None, packages_up_to_regex=None, packages_above=None, packages_above_and_dependencies=None, packages_above_depth=None, packages_select_by_dep=None, packages_skip_by_dep=None, packages_skip_up_to=None, packages_select_build_failed=False, packages_skip_build_finished=False, packages_select_test_failures=False, packages_skip_test_passed=False, packages_select=None, packages_skip=None, packages_select_regex=None, packages_skip_regex=None, packages_start=None, packages_end=None, allow_overriding=[], cmake_args=None, cmake_target=None, cmake_target_skip_unavailable=False, cmake_clean_cache=False, cmake_clean_first=False, cmake_force_configure=False, ament_cmake_args=None, catkin_cmake_args=None, catkin_skip_building_tests=False, verb_parser=<colcon_defaults.argument_parser.defaults.DefaultArgumentsDecorator object at 0x7f85ea1e86a0>, verb_extension=<colcon_core.verb.build.BuildVerb object at 0x7f85ea1e80d0>, main=<bound method BuildVerb.main of <colcon_core.verb.build.BuildVerb object at 0x7f85ea1e80d0>>)
[1.103s] Level 1:colcon.colcon_core.package_discovery:discover_packages(colcon_meta) check parameters
[1.103s] Level 1:colcon.colcon_core.package_discovery:discover_packages(recursive) check parameters
[1.103s] Level 1:colcon.colcon_core.package_discovery:discover_packages(ignore) check parameters
[1.104s] Level 1:colcon.colcon_core.package_discovery:discover_packages(path) check parameters
[1.104s] Level 1:colcon.colcon_core.package_discovery:discover_packages(colcon_meta) discover
[1.104s] Level 1:colcon.colcon_core.package_discovery:discover_packages(recursive) discover
[1.104s] INFO:colcon.colcon_core.package_discovery:Crawling recursively for packages in '/home/ste/my_ros2_ws'
[1.104s] Level 1:colcon.colcon_core.package_identification:_identify(.) by extensions ['ignore', 'ignore_ament_install']
[1.104s] Level 1:colcon.colcon_core.package_identification:_identify(.) by extension 'ignore'
[1.104s] Level 1:colcon.colcon_core.package_identification:_identify(.) by extension 'ignore_ament_install'
[1.104s] Level 1:colcon.colcon_core.package_identification:_identify(.) by extensions ['colcon_pkg']
[1.105s] Level 1:colcon.colcon_core.package_identification:_identify(.) by extension 'colcon_pkg'
[1.105s] Level 1:colcon.colcon_core.package_identification:_identify(.) by extensions ['colcon_meta']
[1.105s] Level 1:colcon.colcon_core.package_identification:_identify(.) by extension 'colcon_meta'
[1.105s] Level 1:colcon.colcon_core.package_identification:_identify(.) by extensions ['ros']
[1.105s] Level 1:colcon.colcon_core.package_identification:_identify(.) by extension 'ros'
[1.121s] Level 1:colcon.colcon_core.package_identification:_identify(.) by extensions ['cmake', 'python']
[1.121s] Level 1:colcon.colcon_core.package_identification:_identify(.) by extension 'cmake'
[1.121s] Level 1:colcon.colcon_core.package_identification:_identify(.) by extension 'python'
[1.121s] Level 1:colcon.colcon_core.package_identification:_identify(.) by extensions ['python_setup_py']
[1.121s] Level 1:colcon.colcon_core.package_identification:_identify(.) by extension 'python_setup_py'
[1.121s] Level 1:colcon.colcon_core.package_identification:_identify(build) by extensions ['ignore', 'ignore_ament_install']
[1.121s] Level 1:colcon.colcon_core.package_identification:_identify(build) by extension 'ignore'
[1.121s] Level 1:colcon.colcon_core.package_identification:_identify(build) ignored
[1.121s] Level 1:colcon.colcon_core.package_identification:_identify(install) by extensions ['ignore', 'ignore_ament_install']
[1.121s] Level 1:colcon.colcon_core.package_identification:_identify(install) by extension 'ignore'
[1.121s] Level 1:colcon.colcon_core.package_identification:_identify(install) ignored
[1.122s] Level 1:colcon.colcon_core.package_identification:_identify(log) by extensions ['ignore', 'ignore_ament_install']
[1.122s] Level 1:colcon.colcon_core.package_identification:_identify(log) by extension 'ignore'
[1.122s] Level 1:colcon.colcon_core.package_identification:_identify(log) ignored
[1.122s] Level 1:colcon.colcon_core.package_identification:_identify(src) by extensions ['ignore', 'ignore_ament_install']
[1.122s] Level 1:colcon.colcon_core.package_identification:_identify(src) by extension 'ignore'
[1.122s] Level 1:colcon.colcon_core.package_identification:_identify(src) by extension 'ignore_ament_install'
[1.122s] Level 1:colcon.colcon_core.package_identification:_identify(src) by extensions ['colcon_pkg']
[1.122s] Level 1:colcon.colcon_core.package_identification:_identify(src) by extension 'colcon_pkg'
[1.122s] Level 1:colcon.colcon_core.package_identification:_identify(src) by extensions ['colcon_meta']
[1.122s] Level 1:colcon.colcon_core.package_identification:_identify(src) by extension 'colcon_meta'
[1.122s] Level 1:colcon.colcon_core.package_identification:_identify(src) by extensions ['ros']
[1.123s] Level 1:colcon.colcon_core.package_identification:_identify(src) by extension 'ros'
[1.123s] Level 1:colcon.colcon_core.package_identification:_identify(src) by extensions ['cmake', 'python']
[1.123s] Level 1:colcon.colcon_core.package_identification:_identify(src) by extension 'cmake'
[1.123s] Level 1:colcon.colcon_core.package_identification:_identify(src) by extension 'python'
[1.123s] Level 1:colcon.colcon_core.package_identification:_identify(src) by extensions ['python_setup_py']
[1.123s] Level 1:colcon.colcon_core.package_identification:_identify(src) by extension 'python_setup_py'
[1.123s] Level 1:colcon.colcon_core.package_identification:_identify(src/build) by extensions ['ignore', 'ignore_ament_install']
[1.124s] Level 1:colcon.colcon_core.package_identification:_identify(src/build) by extension 'ignore'
[1.124s] Level 1:colcon.colcon_core.package_identification:_identify(src/build) ignored
[1.124s] Level 1:colcon.colcon_core.package_identification:_identify(src/install) by extensions ['ignore', 'ignore_ament_install']
[1.125s] Level 1:colcon.colcon_core.package_identification:_identify(src/install) by extension 'ignore'
[1.125s] Level 1:colcon.colcon_core.package_identification:_identify(src/install) ignored
[1.126s] Level 1:colcon.colcon_core.package_identification:_identify(src/log) by extensions ['ignore', 'ignore_ament_install']
[1.126s] Level 1:colcon.colcon_core.package_identification:_identify(src/log) by extension 'ignore'
[1.126s] Level 1:colcon.colcon_core.package_identification:_identify(src/log) ignored
[1.126s] Level 1:colcon.colcon_core.package_identification:_identify(src/turtlebot_controller) by extensions ['ignore', 'ignore_ament_install']
[1.126s] Level 1:colcon.colcon_core.package_identification:_identify(src/turtlebot_controller) by extension 'ignore'
[1.127s] Level 1:colcon.colcon_core.package_identification:_identify(src/turtlebot_controller) by extension 'ignore_ament_install'
[1.127s] Level 1:colcon.colcon_core.package_identification:_identify(src/turtlebot_controller) by extensions ['colcon_pkg']
[1.127s] Level 1:colcon.colcon_core.package_identification:_identify(src/turtlebot_controller) by extension 'colcon_pkg'
[1.127s] Level 1:colcon.colcon_core.package_identification:_identify(src/turtlebot_controller) by extensions ['colcon_meta']
[1.127s] Level 1:colcon.colcon_core.package_identification:_identify(src/turtlebot_controller) by extension 'colcon_meta'
[1.127s] Level 1:colcon.colcon_core.package_identification:_identify(src/turtlebot_controller) by extensions ['ros']
[1.127s] Level 1:colcon.colcon_core.package_identification:_identify(src/turtlebot_controller) by extension 'ros'
[1.132s] DEBUG:colcon.colcon_core.package_identification:Package 'src/turtlebot_controller' with type 'ros.ament_python' and name 'turtlebot_controller'
[1.132s] Level 1:colcon.colcon_core.package_discovery:discover_packages(recursive) using defaults
[1.132s] Level 1:colcon.colcon_core.package_discovery:discover_packages(ignore) discover
[1.132s] Level 1:colcon.colcon_core.package_discovery:discover_packages(ignore) using defaults
[1.132s] Level 1:colcon.colcon_core.package_discovery:discover_packages(path) discover
[1.132s] Level 1:colcon.colcon_core.package_discovery:discover_packages(path) using defaults
[1.182s] Level 1:colcon.colcon_core.package_discovery:discover_packages(prefix_path) check parameters
[1.183s] Level 1:colcon.colcon_core.package_discovery:discover_packages(prefix_path) discover
[1.189s] DEBUG:colcon.colcon_installed_package_information.package_discovery:Found 1 installed packages in /home/ste/my_ros2_ws/install
[1.191s] DEBUG:colcon.colcon_installed_package_information.package_discovery:Found 386 installed packages in /opt/ros/humble
[1.221s] Level 1:colcon.colcon_core.package_discovery:discover_packages(prefix_path) using defaults
[1.293s] Level 5:colcon.colcon_core.verb:set package 'turtlebot_controller' build argument 'cmake_args' from command line to 'None'
[1.293s] Level 5:colcon.colcon_core.verb:set package 'turtlebot_controller' build argument 'cmake_target' from command line to 'None'
[1.293s] Level 5:colcon.colcon_core.verb:set package 'turtlebot_controller' build argument 'cmake_target_skip_unavailable' from command line to 'False'
[1.293s] Level 5:colcon.colcon_core.verb:set package 'turtlebot_controller' build argument 'cmake_clean_cache' from command line to 'False'
[1.293s] Level 5:colcon.colcon_core.verb:set package 'turtlebot_controller' build argument 'cmake_clean_first' from command line to 'False'
[1.293s] Level 5:colcon.colcon_core.verb:set package 'turtlebot_controller' build argument 'cmake_force_configure' from command line to 'False'
[1.294s] Level 5:colcon.colcon_core.verb:set package 'turtlebot_controller' build argument 'ament_cmake_args' from command line to 'None'
[1.294s] Level 5:colcon.colcon_core.verb:set package 'turtlebot_controller' build argument 'catkin_cmake_args' from command line to 'None'
[1.294s] Level 5:colcon.colcon_core.verb:set package 'turtlebot_controller' build argument 'catkin_skip_building_tests' from command line to 'False'
[1.294s] DEBUG:colcon.colcon_core.verb:Building package 'turtlebot_controller' with the following arguments: {'ament_cmake_args': None, 'build_base': '/home/ste/my_ros2_ws/build/turtlebot_controller', 'catkin_cmake_args': None, 'catkin_skip_building_tests': False, 'cmake_args': None, 'cmake_clean_cache': False, 'cmake_clean_first': False, 'cmake_force_configure': False, 'cmake_target': None, 'cmake_target_skip_unavailable': False, 'install_base': '/home/ste/my_ros2_ws/install/turtlebot_controller', 'merge_install': False, 'path': '/home/ste/my_ros2_ws/src/turtlebot_controller', 'symlink_install': False, 'test_result_base': None}
[1.294s] INFO:colcon.colcon_core.executor:Executing jobs using 'parallel' executor
[1.296s] DEBUG:colcon.colcon_parallel_executor.executor.parallel:run_until_complete
[1.296s] INFO:colcon.colcon_ros.task.ament_python.build:Building ROS package in '/home/ste/my_ros2_ws/src/turtlebot_controller' with build type 'ament_python'
[1.297s] Level 1:colcon.colcon_core.shell:create_environment_hook('turtlebot_controller', 'ament_prefix_path')
[1.309s] INFO:colcon.colcon_core.plugin_system:Skipping extension 'colcon_core.shell.bat': Not used on non-Windows systems
[1.309s] INFO:colcon.colcon_core.shell:Creating environment hook '/home/ste/my_ros2_ws/install/turtlebot_controller/share/turtlebot_controller/hook/ament_prefix_path.ps1'
[1.312s] INFO:colcon.colcon_core.shell:Creating environment descriptor '/home/ste/my_ros2_ws/install/turtlebot_controller/share/turtlebot_controller/hook/ament_prefix_path.dsv'
[1.313s] INFO:colcon.colcon_core.shell:Creating environment hook '/home/ste/my_ros2_ws/install/turtlebot_controller/share/turtlebot_controller/hook/ament_prefix_path.sh'
[1.314s] INFO:colcon.colcon_core.shell:Skip shell extension 'powershell' for command environment: Not usable outside of PowerShell
[1.314s] DEBUG:colcon.colcon_core.shell:Skip shell extension 'dsv' for command environment
[1.693s] INFO:colcon.colcon_core.task.python.build:Building Python package in '/home/ste/my_ros2_ws/src/turtlebot_controller'
[1.694s] INFO:colcon.colcon_core.shell:Skip shell extension 'powershell' for command environment: Not usable outside of PowerShell
[1.694s] DEBUG:colcon.colcon_core.shell:Skip shell extension 'dsv' for command environment
[2.504s] DEBUG:colcon.colcon_core.event_handler.log_command:Invoking command in '/home/ste/my_ros2_ws/src/turtlebot_controller': PYTHONPATH=/home/ste/my_ros2_ws/build/turtlebot_controller/prefix_override:/usr/lib/python3/dist-packages/colcon_core/task/python/colcon_distutils_commands:/home/ste/my_ros2_ws/install/turtlebot_controller/lib/python3.10/site-packages:${PYTHONPATH} /usr/bin/python3 -W ignore:setup.py install is deprecated setup.py egg_info --egg-base ../../build/turtlebot_controller build --build-base /home/ste/my_ros2_ws/build/turtlebot_controller/build install --record /home/ste/my_ros2_ws/build/turtlebot_controller/install.log --single-version-externally-managed install_data
[2.950s] DEBUG:colcon.colcon_core.event_handler.log_command:Invoked command in '/home/ste/my_ros2_ws/src/turtlebot_controller' returned '0': PYTHONPATH=/home/ste/my_ros2_ws/build/turtlebot_controller/prefix_override:/usr/lib/python3/dist-packages/colcon_core/task/python/colcon_distutils_commands:/home/ste/my_ros2_ws/install/turtlebot_controller/lib/python3.10/site-packages:${PYTHONPATH} /usr/bin/python3 -W ignore:setup.py install is deprecated setup.py egg_info --egg-base ../../build/turtlebot_controller build --build-base /home/ste/my_ros2_ws/build/turtlebot_controller/build install --record /home/ste/my_ros2_ws/build/turtlebot_controller/install.log --single-version-externally-managed install_data
[2.964s] Level 1:colcon.colcon_core.environment:checking '/home/ste/my_ros2_ws/install/turtlebot_controller' for CMake module files
[2.965s] Level 1:colcon.colcon_core.environment:checking '/home/ste/my_ros2_ws/install/turtlebot_controller' for CMake config files
[2.965s] Level 1:colcon.colcon_core.environment:checking '/home/ste/my_ros2_ws/install/turtlebot_controller/lib'
[2.966s] Level 1:colcon.colcon_core.environment:checking '/home/ste/my_ros2_ws/install/turtlebot_controller/bin'
[2.966s] Level 1:colcon.colcon_core.environment:checking '/home/ste/my_ros2_ws/install/turtlebot_controller/lib/pkgconfig/turtlebot_controller.pc'
[2.966s] Level 1:colcon.colcon_core.environment:checking '/home/ste/my_ros2_ws/install/turtlebot_controller/lib/python3.10/site-packages'
[2.966s] Level 1:colcon.colcon_core.shell:create_environment_hook('turtlebot_controller', 'pythonpath')
[2.966s] INFO:colcon.colcon_core.shell:Creating environment hook '/home/ste/my_ros2_ws/install/turtlebot_controller/share/turtlebot_controller/hook/pythonpath.ps1'
[2.967s] INFO:colcon.colcon_core.shell:Creating environment descriptor '/home/ste/my_ros2_ws/install/turtlebot_controller/share/turtlebot_controller/hook/pythonpath.dsv'
[2.968s] INFO:colcon.colcon_core.shell:Creating environment hook '/home/ste/my_ros2_ws/install/turtlebot_controller/share/turtlebot_controller/hook/pythonpath.sh'
[2.968s] Level 1:colcon.colcon_core.environment:checking '/home/ste/my_ros2_ws/install/turtlebot_controller/bin'
[2.968s] Level 1:colcon.colcon_core.environment:create_environment_scripts_only(turtlebot_controller)
[2.969s] INFO:colcon.colcon_core.shell:Creating package script '/home/ste/my_ros2_ws/install/turtlebot_controller/share/turtlebot_controller/package.ps1'
[2.971s] INFO:colcon.colcon_core.shell:Creating package descriptor '/home/ste/my_ros2_ws/install/turtlebot_controller/share/turtlebot_controller/package.dsv'
[2.972s] INFO:colcon.colcon_core.shell:Creating package script '/home/ste/my_ros2_ws/install/turtlebot_controller/share/turtlebot_controller/package.sh'
[2.974s] INFO:colcon.colcon_core.shell:Creating package script '/home/ste/my_ros2_ws/install/turtlebot_controller/share/turtlebot_controller/package.bash'
[2.976s] INFO:colcon.colcon_core.shell:Creating package script '/home/ste/my_ros2_ws/install/turtlebot_controller/share/turtlebot_controller/package.zsh'
[2.978s] Level 1:colcon.colcon_core.environment:create_file_with_runtime_dependencies(/home/ste/my_ros2_ws/install/turtlebot_controller/share/colcon-core/packages/turtlebot_controller)
[2.979s] DEBUG:colcon.colcon_parallel_executor.executor.parallel:closing loop
[2.980s] DEBUG:colcon.colcon_parallel_executor.executor.parallel:loop closed
[2.980s] DEBUG:colcon.colcon_parallel_executor.executor.parallel:run_until_complete finished with '0'
[2.980s] DEBUG:colcon.colcon_core.event_reactor:joining thread
[3.117s] INFO:colcon.colcon_core.plugin_system:Skipping extension 'colcon_notification.desktop_notification.notify_send': Could not find 'notify-send'
[3.118s] INFO:colcon.colcon_core.plugin_system:Skipping extension 'colcon_notification.desktop_notification.terminal_notifier': Not used on non-Darwin systems
[3.118s] INFO:colcon.colcon_core.plugin_system:Skipping extension 'colcon_notification.desktop_notification.win32': Not used on non-Windows systems
[3.118s] INFO:colcon.colcon_notification.desktop_notification:Sending desktop notification using 'notify2'
[3.118s] DEBUG:colcon.colcon_notification.desktop_notification.notify2:Failed to initialize notify2: org.freedesktop.DBus.Error.FileNotFound: Failed to connect to socket /run/user/1000/bus: No such file or directory
[3.118s] DEBUG:colcon.colcon_core.event_reactor:joined thread
[3.119s] INFO:colcon.colcon_core.shell:Creating prefix script '/home/ste/my_ros2_ws/install/local_setup.ps1'
[3.130s] INFO:colcon.colcon_core.shell:Creating prefix util module '/home/ste/my_ros2_ws/install/_local_setup_util_ps1.py'
[3.133s] INFO:colcon.colcon_core.shell:Creating prefix chain script '/home/ste/my_ros2_ws/install/setup.ps1'
[3.135s] INFO:colcon.colcon_core.shell:Creating prefix script '/home/ste/my_ros2_ws/install/local_setup.sh'
[3.137s] INFO:colcon.colcon_core.shell:Creating prefix util module '/home/ste/my_ros2_ws/install/_local_setup_util_sh.py'
[3.137s] INFO:colcon.colcon_core.shell:Creating prefix chain script '/home/ste/my_ros2_ws/install/setup.sh'
[3.139s] INFO:colcon.colcon_core.shell:Creating prefix script '/home/ste/my_ros2_ws/install/local_setup.bash'
[3.140s] INFO:colcon.colcon_core.shell:Creating prefix chain script '/home/ste/my_ros2_ws/install/setup.bash'
[3.142s] INFO:colcon.colcon_core.shell:Creating prefix script '/home/ste/my_ros2_ws/install/local_setup.zsh'
[3.143s] INFO:colcon.colcon_core.shell:Creating prefix chain script '/home/ste/my_ros2_ws/install/setup.zsh'
