[0.137s] DEBUG:colcon:Command line arguments: ['/usr/bin/colcon', 'build', '--symlink-install']
[0.137s] DEBUG:colcon:Parsed command line arguments: Namespace(log_base=None, log_level=None, verb_name='build', build_base='build', install_base='install', merge_install=False, symlink_install=True, test_result_base=None, continue_on_error=False, executor='parallel', parallel_workers=4, event_handlers=None, ignore_user_meta=False, metas=['./colcon.meta'], base_paths=['.'], packages_ignore=None, packages_ignore_regex=None, paths=None, packages_up_to=None, packages_up_to_regex=None, packages_above=None, packages_above_and_dependencies=None, packages_above_depth=None, packages_select_by_dep=None, packages_skip_by_dep=None, packages_skip_up_to=None, packages_select_build_failed=False, packages_skip_build_finished=False, packages_select_test_failures=False, packages_skip_test_passed=False, packages_select=None, packages_skip=None, packages_select_regex=None, packages_skip_regex=None, packages_start=None, packages_end=None, allow_overriding=[], cmake_args=None, cmake_target=None, cmake_target_skip_unavailable=False, cmake_clean_cache=False, cmake_clean_first=False, cmake_force_configure=False, ament_cmake_args=None, catkin_cmake_args=None, catkin_skip_building_tests=False, mixin_files=None, mixin=None, verb_parser=<colcon_mixin.mixin.mixin_argument.MixinArgumentDecorator object at 0x7aee082557b0>, verb_extension=<colcon_core.verb.build.BuildVerb object at 0x7aee082551e0>, main=<bound method BuildVerb.main of <colcon_core.verb.build.BuildVerb object at 0x7aee082551e0>>, mixin_verb=('build',))
[0.337s] Level 1:colcon.colcon_core.package_discovery:discover_packages(colcon_meta) check parameters
[0.337s] Level 1:colcon.colcon_core.package_discovery:discover_packages(recursive) check parameters
[0.338s] Level 1:colcon.colcon_core.package_discovery:discover_packages(ignore) check parameters
[0.338s] Level 1:colcon.colcon_core.package_discovery:discover_packages(path) check parameters
[0.338s] Level 1:colcon.colcon_core.package_discovery:discover_packages(colcon_meta) discover
[0.338s] Level 1:colcon.colcon_core.package_discovery:discover_packages(recursive) discover
[0.338s] INFO:colcon.colcon_core.package_discovery:Crawling recursively for packages in '/home/leo/Desktop/turtlebot_workspace_vocale'
[0.338s] Level 1:colcon.colcon_core.package_identification:_identify(.) by extensions ['ignore', 'ignore_ament_install']
[0.338s] Level 1:colcon.colcon_core.package_identification:_identify(.) by extension 'ignore'
[0.338s] Level 1:colcon.colcon_core.package_identification:_identify(.) by extension 'ignore_ament_install'
[0.338s] Level 1:colcon.colcon_core.package_identification:_identify(.) by extensions ['colcon_pkg']
[0.338s] Level 1:colcon.colcon_core.package_identification:_identify(.) by extension 'colcon_pkg'
[0.338s] Level 1:colcon.colcon_core.package_identification:_identify(.) by extensions ['colcon_meta']
[0.338s] Level 1:colcon.colcon_core.package_identification:_identify(.) by extension 'colcon_meta'
[0.338s] Level 1:colcon.colcon_core.package_identification:_identify(.) by extensions ['ros']
[0.338s] Level 1:colcon.colcon_core.package_identification:_identify(.) by extension 'ros'
[0.380s] Level 1:colcon.colcon_core.package_identification:_identify(.) by extensions ['cmake', 'python']
[0.380s] Level 1:colcon.colcon_core.package_identification:_identify(.) by extension 'cmake'
[0.380s] Level 1:colcon.colcon_core.package_identification:_identify(.) by extension 'python'
[0.380s] Level 1:colcon.colcon_core.package_identification:_identify(.) by extensions ['python_setup_py']
[0.380s] Level 1:colcon.colcon_core.package_identification:_identify(.) by extension 'python_setup_py'
[0.380s] Level 1:colcon.colcon_core.package_identification:_identify(avvio) by extensions ['ignore', 'ignore_ament_install']
[0.380s] Level 1:colcon.colcon_core.package_identification:_identify(avvio) by extension 'ignore'
[0.380s] Level 1:colcon.colcon_core.package_identification:_identify(avvio) by extension 'ignore_ament_install'
[0.380s] Level 1:colcon.colcon_core.package_identification:_identify(avvio) by extensions ['colcon_pkg']
[0.380s] Level 1:colcon.colcon_core.package_identification:_identify(avvio) by extension 'colcon_pkg'
[0.381s] Level 1:colcon.colcon_core.package_identification:_identify(avvio) by extensions ['colcon_meta']
[0.381s] Level 1:colcon.colcon_core.package_identification:_identify(avvio) by extension 'colcon_meta'
[0.381s] Level 1:colcon.colcon_core.package_identification:_identify(avvio) by extensions ['ros']
[0.381s] Level 1:colcon.colcon_core.package_identification:_identify(avvio) by extension 'ros'
[0.381s] Level 1:colcon.colcon_core.package_identification:_identify(avvio) by extensions ['cmake', 'python']
[0.381s] Level 1:colcon.colcon_core.package_identification:_identify(avvio) by extension 'cmake'
[0.381s] Level 1:colcon.colcon_core.package_identification:_identify(avvio) by extension 'python'
[0.381s] Level 1:colcon.colcon_core.package_identification:_identify(avvio) by extensions ['python_setup_py']
[0.381s] Level 1:colcon.colcon_core.package_identification:_identify(avvio) by extension 'python_setup_py'
[0.381s] Level 1:colcon.colcon_core.package_identification:_identify(build) by extensions ['ignore', 'ignore_ament_install']
[0.381s] Level 1:colcon.colcon_core.package_identification:_identify(build) by extension 'ignore'
[0.381s] Level 1:colcon.colcon_core.package_identification:_identify(build) ignored
[0.381s] Level 1:colcon.colcon_core.package_identification:_identify(install) by extensions ['ignore', 'ignore_ament_install']
[0.381s] Level 1:colcon.colcon_core.package_identification:_identify(install) by extension 'ignore'
[0.381s] Level 1:colcon.colcon_core.package_identification:_identify(install) ignored
[0.382s] Level 1:colcon.colcon_core.package_identification:_identify(log) by extensions ['ignore', 'ignore_ament_install']
[0.382s] Level 1:colcon.colcon_core.package_identification:_identify(log) by extension 'ignore'
[0.382s] Level 1:colcon.colcon_core.package_identification:_identify(log) ignored
[0.382s] Level 1:colcon.colcon_core.package_identification:_identify(maps) by extensions ['ignore', 'ignore_ament_install']
[0.382s] Level 1:colcon.colcon_core.package_identification:_identify(maps) by extension 'ignore'
[0.382s] Level 1:colcon.colcon_core.package_identification:_identify(maps) by extension 'ignore_ament_install'
[0.382s] Level 1:colcon.colcon_core.package_identification:_identify(maps) by extensions ['colcon_pkg']
[0.382s] Level 1:colcon.colcon_core.package_identification:_identify(maps) by extension 'colcon_pkg'
[0.382s] Level 1:colcon.colcon_core.package_identification:_identify(maps) by extensions ['colcon_meta']
[0.382s] Level 1:colcon.colcon_core.package_identification:_identify(maps) by extension 'colcon_meta'
[0.382s] Level 1:colcon.colcon_core.package_identification:_identify(maps) by extensions ['ros']
[0.382s] Level 1:colcon.colcon_core.package_identification:_identify(maps) by extension 'ros'
[0.383s] Level 1:colcon.colcon_core.package_identification:_identify(maps) by extensions ['cmake', 'python']
[0.383s] Level 1:colcon.colcon_core.package_identification:_identify(maps) by extension 'cmake'
[0.383s] Level 1:colcon.colcon_core.package_identification:_identify(maps) by extension 'python'
[0.383s] Level 1:colcon.colcon_core.package_identification:_identify(maps) by extensions ['python_setup_py']
[0.383s] Level 1:colcon.colcon_core.package_identification:_identify(maps) by extension 'python_setup_py'
[0.383s] Level 1:colcon.colcon_core.package_identification:_identify(maps/mappe_ste) by extensions ['ignore', 'ignore_ament_install']
[0.383s] Level 1:colcon.colcon_core.package_identification:_identify(maps/mappe_ste) by extension 'ignore'
[0.383s] Level 1:colcon.colcon_core.package_identification:_identify(maps/mappe_ste) by extension 'ignore_ament_install'
[0.383s] Level 1:colcon.colcon_core.package_identification:_identify(maps/mappe_ste) by extensions ['colcon_pkg']
[0.383s] Level 1:colcon.colcon_core.package_identification:_identify(maps/mappe_ste) by extension 'colcon_pkg'
[0.383s] Level 1:colcon.colcon_core.package_identification:_identify(maps/mappe_ste) by extensions ['colcon_meta']
[0.383s] Level 1:colcon.colcon_core.package_identification:_identify(maps/mappe_ste) by extension 'colcon_meta'
[0.383s] Level 1:colcon.colcon_core.package_identification:_identify(maps/mappe_ste) by extensions ['ros']
[0.383s] Level 1:colcon.colcon_core.package_identification:_identify(maps/mappe_ste) by extension 'ros'
[0.383s] Level 1:colcon.colcon_core.package_identification:_identify(maps/mappe_ste) by extensions ['cmake', 'python']
[0.383s] Level 1:colcon.colcon_core.package_identification:_identify(maps/mappe_ste) by extension 'cmake'
[0.383s] Level 1:colcon.colcon_core.package_identification:_identify(maps/mappe_ste) by extension 'python'
[0.384s] Level 1:colcon.colcon_core.package_identification:_identify(maps/mappe_ste) by extensions ['python_setup_py']
[0.384s] Level 1:colcon.colcon_core.package_identification:_identify(maps/mappe_ste) by extension 'python_setup_py'
[0.384s] Level 1:colcon.colcon_core.package_identification:_identify(src) by extensions ['ignore', 'ignore_ament_install']
[0.384s] Level 1:colcon.colcon_core.package_identification:_identify(src) by extension 'ignore'
[0.384s] Level 1:colcon.colcon_core.package_identification:_identify(src) by extension 'ignore_ament_install'
[0.384s] Level 1:colcon.colcon_core.package_identification:_identify(src) by extensions ['colcon_pkg']
[0.384s] Level 1:colcon.colcon_core.package_identification:_identify(src) by extension 'colcon_pkg'
[0.384s] Level 1:colcon.colcon_core.package_identification:_identify(src) by extensions ['colcon_meta']
[0.384s] Level 1:colcon.colcon_core.package_identification:_identify(src) by extension 'colcon_meta'
[0.384s] Level 1:colcon.colcon_core.package_identification:_identify(src) by extensions ['ros']
[0.384s] Level 1:colcon.colcon_core.package_identification:_identify(src) by extension 'ros'
[0.384s] Level 1:colcon.colcon_core.package_identification:_identify(src) by extensions ['cmake', 'python']
[0.384s] Level 1:colcon.colcon_core.package_identification:_identify(src) by extension 'cmake'
[0.384s] Level 1:colcon.colcon_core.package_identification:_identify(src) by extension 'python'
[0.385s] Level 1:colcon.colcon_core.package_identification:_identify(src) by extensions ['python_setup_py']
[0.385s] Level 1:colcon.colcon_core.package_identification:_identify(src) by extension 'python_setup_py'
[0.385s] Level 1:colcon.colcon_core.package_identification:_identify(src/build) by extensions ['ignore', 'ignore_ament_install']
[0.385s] Level 1:colcon.colcon_core.package_identification:_identify(src/build) by extension 'ignore'
[0.385s] Level 1:colcon.colcon_core.package_identification:_identify(src/build) ignored
[0.385s] Level 1:colcon.colcon_core.package_identification:_identify(src/install) by extensions ['ignore', 'ignore_ament_install']
[0.385s] Level 1:colcon.colcon_core.package_identification:_identify(src/install) by extension 'ignore'
[0.385s] Level 1:colcon.colcon_core.package_identification:_identify(src/install) ignored
[0.385s] Level 1:colcon.colcon_core.package_identification:_identify(src/log) by extensions ['ignore', 'ignore_ament_install']
[0.385s] Level 1:colcon.colcon_core.package_identification:_identify(src/log) by extension 'ignore'
[0.385s] Level 1:colcon.colcon_core.package_identification:_identify(src/log) ignored
[0.385s] Level 1:colcon.colcon_core.package_identification:_identify(src/turtlebot_controller) by extensions ['ignore', 'ignore_ament_install']
[0.386s] Level 1:colcon.colcon_core.package_identification:_identify(src/turtlebot_controller) by extension 'ignore'
[0.386s] Level 1:colcon.colcon_core.package_identification:_identify(src/turtlebot_controller) by extension 'ignore_ament_install'
[0.386s] Level 1:colcon.colcon_core.package_identification:_identify(src/turtlebot_controller) by extensions ['colcon_pkg']
[0.386s] Level 1:colcon.colcon_core.package_identification:_identify(src/turtlebot_controller) by extension 'colcon_pkg'
[0.386s] Level 1:colcon.colcon_core.package_identification:_identify(src/turtlebot_controller) by extensions ['colcon_meta']
[0.386s] Level 1:colcon.colcon_core.package_identification:_identify(src/turtlebot_controller) by extension 'colcon_meta'
[0.386s] Level 1:colcon.colcon_core.package_identification:_identify(src/turtlebot_controller) by extensions ['ros']
[0.386s] Level 1:colcon.colcon_core.package_identification:_identify(src/turtlebot_controller) by extension 'ros'
[0.389s] DEBUG:colcon.colcon_core.package_identification:Package 'src/turtlebot_controller' with type 'ros.ament_python' and name 'turtlebot_controller'
[0.389s] Level 1:colcon.colcon_core.package_discovery:discover_packages(recursive) using defaults
[0.389s] Level 1:colcon.colcon_core.package_discovery:discover_packages(ignore) discover
[0.389s] Level 1:colcon.colcon_core.package_discovery:discover_packages(ignore) using defaults
[0.389s] Level 1:colcon.colcon_core.package_discovery:discover_packages(path) discover
[0.389s] Level 1:colcon.colcon_core.package_discovery:discover_packages(path) using defaults
[0.412s] Level 1:colcon.colcon_core.package_discovery:discover_packages(prefix_path) check parameters
[0.412s] Level 1:colcon.colcon_core.package_discovery:discover_packages(prefix_path) discover
[0.415s] DEBUG:colcon.colcon_installed_package_information.package_discovery:Found 323 installed packages in /opt/ros/humble
[0.418s] Level 1:colcon.colcon_core.package_discovery:discover_packages(prefix_path) using defaults
[0.472s] Level 5:colcon.colcon_core.verb:set package 'turtlebot_controller' build argument 'cmake_args' from command line to 'None'
[0.472s] Level 5:colcon.colcon_core.verb:set package 'turtlebot_controller' build argument 'cmake_target' from command line to 'None'
[0.472s] Level 5:colcon.colcon_core.verb:set package 'turtlebot_controller' build argument 'cmake_target_skip_unavailable' from command line to 'False'
[0.472s] Level 5:colcon.colcon_core.verb:set package 'turtlebot_controller' build argument 'cmake_clean_cache' from command line to 'False'
[0.472s] Level 5:colcon.colcon_core.verb:set package 'turtlebot_controller' build argument 'cmake_clean_first' from command line to 'False'
[0.472s] Level 5:colcon.colcon_core.verb:set package 'turtlebot_controller' build argument 'cmake_force_configure' from command line to 'False'
[0.472s] Level 5:colcon.colcon_core.verb:set package 'turtlebot_controller' build argument 'ament_cmake_args' from command line to 'None'
[0.472s] Level 5:colcon.colcon_core.verb:set package 'turtlebot_controller' build argument 'catkin_cmake_args' from command line to 'None'
[0.472s] Level 5:colcon.colcon_core.verb:set package 'turtlebot_controller' build argument 'catkin_skip_building_tests' from command line to 'False'
[0.472s] DEBUG:colcon.colcon_core.verb:Building package 'turtlebot_controller' with the following arguments: {'ament_cmake_args': None, 'build_base': '/home/leo/Desktop/turtlebot_workspace_vocale/build/turtlebot_controller', 'catkin_cmake_args': None, 'catkin_skip_building_tests': False, 'cmake_args': None, 'cmake_clean_cache': False, 'cmake_clean_first': False, 'cmake_force_configure': False, 'cmake_target': None, 'cmake_target_skip_unavailable': False, 'install_base': '/home/leo/Desktop/turtlebot_workspace_vocale/install/turtlebot_controller', 'merge_install': False, 'path': '/home/leo/Desktop/turtlebot_workspace_vocale/src/turtlebot_controller', 'symlink_install': True, 'test_result_base': None}
[0.472s] INFO:colcon.colcon_core.executor:Executing jobs using 'parallel' executor
[0.474s] DEBUG:colcon.colcon_parallel_executor.executor.parallel:run_until_complete
[0.474s] INFO:colcon.colcon_ros.task.ament_python.build:Building ROS package in '/home/leo/Desktop/turtlebot_workspace_vocale/src/turtlebot_controller' with build type 'ament_python'
[0.474s] Level 1:colcon.colcon_core.shell:create_environment_hook('turtlebot_controller', 'ament_prefix_path')
[0.477s] INFO:colcon.colcon_core.plugin_system:Skipping extension 'colcon_core.shell.bat': Not used on non-Windows systems
[0.477s] INFO:colcon.colcon_core.shell:Creating environment hook '/home/leo/Desktop/turtlebot_workspace_vocale/install/turtlebot_controller/share/turtlebot_controller/hook/ament_prefix_path.ps1'
[0.478s] INFO:colcon.colcon_core.shell:Creating environment descriptor '/home/leo/Desktop/turtlebot_workspace_vocale/install/turtlebot_controller/share/turtlebot_controller/hook/ament_prefix_path.dsv'
[0.478s] INFO:colcon.colcon_core.shell:Creating environment hook '/home/leo/Desktop/turtlebot_workspace_vocale/install/turtlebot_controller/share/turtlebot_controller/hook/ament_prefix_path.sh'
[0.479s] INFO:colcon.colcon_core.shell:Skip shell extension 'powershell' for command environment: Not usable outside of PowerShell
[0.479s] DEBUG:colcon.colcon_core.shell:Skip shell extension 'dsv' for command environment
[0.798s] INFO:colcon.colcon_core.task.python.build:Building Python package in '/home/leo/Desktop/turtlebot_workspace_vocale/src/turtlebot_controller'
[0.798s] INFO:colcon.colcon_core.shell:Skip shell extension 'powershell' for command environment: Not usable outside of PowerShell
[0.798s] DEBUG:colcon.colcon_core.shell:Skip shell extension 'dsv' for command environment
[1.216s] DEBUG:colcon.colcon_core.event_handler.log_command:Invoking command in '/home/leo/Desktop/turtlebot_workspace_vocale/build/turtlebot_controller': PYTHONPATH=/home/leo/Desktop/turtlebot_workspace_vocale/build/turtlebot_controller/prefix_override:/usr/lib/python3/dist-packages/colcon_core/task/python/colcon_distutils_commands:/home/leo/Desktop/turtlebot_workspace_vocale/install/turtlebot_controller/lib/python3.10/site-packages:${PYTHONPATH} /usr/bin/python3 -W ignore:setup.py install is deprecated -W ignore:easy_install command is deprecated setup.py develop --editable --build-directory /home/leo/Desktop/turtlebot_workspace_vocale/build/turtlebot_controller/build --no-deps symlink_data
[1.797s] Level 1:colcon.colcon_core.shell:create_environment_hook('turtlebot_controller', 'pythonpath_develop')
[1.798s] INFO:colcon.colcon_core.shell:Creating environment hook '/home/leo/Desktop/turtlebot_workspace_vocale/build/turtlebot_controller/share/turtlebot_controller/hook/pythonpath_develop.ps1'
[1.798s] DEBUG:colcon.colcon_core.event_handler.log_command:Invoked command in '/home/leo/Desktop/turtlebot_workspace_vocale/build/turtlebot_controller' returned '0': PYTHONPATH=/home/leo/Desktop/turtlebot_workspace_vocale/build/turtlebot_controller/prefix_override:/usr/lib/python3/dist-packages/colcon_core/task/python/colcon_distutils_commands:/home/leo/Desktop/turtlebot_workspace_vocale/install/turtlebot_controller/lib/python3.10/site-packages:${PYTHONPATH} /usr/bin/python3 -W ignore:setup.py install is deprecated -W ignore:easy_install command is deprecated setup.py develop --editable --build-directory /home/leo/Desktop/turtlebot_workspace_vocale/build/turtlebot_controller/build --no-deps symlink_data
[1.799s] INFO:colcon.colcon_core.shell:Creating environment descriptor '/home/leo/Desktop/turtlebot_workspace_vocale/build/turtlebot_controller/share/turtlebot_controller/hook/pythonpath_develop.dsv'
[1.799s] INFO:colcon.colcon_core.shell:Creating environment hook '/home/leo/Desktop/turtlebot_workspace_vocale/build/turtlebot_controller/share/turtlebot_controller/hook/pythonpath_develop.sh'
[1.802s] Level 1:colcon.colcon_core.environment:checking '/home/leo/Desktop/turtlebot_workspace_vocale/install/turtlebot_controller' for CMake module files
[1.803s] Level 1:colcon.colcon_core.environment:checking '/home/leo/Desktop/turtlebot_workspace_vocale/install/turtlebot_controller' for CMake config files
[1.805s] Level 1:colcon.colcon_core.environment:checking '/home/leo/Desktop/turtlebot_workspace_vocale/install/turtlebot_controller/lib'
[1.805s] Level 1:colcon.colcon_core.environment:checking '/home/leo/Desktop/turtlebot_workspace_vocale/install/turtlebot_controller/bin'
[1.805s] Level 1:colcon.colcon_core.environment:checking '/home/leo/Desktop/turtlebot_workspace_vocale/install/turtlebot_controller/lib/pkgconfig/turtlebot_controller.pc'
[1.806s] Level 1:colcon.colcon_core.environment:checking '/home/leo/Desktop/turtlebot_workspace_vocale/install/turtlebot_controller/lib/python3.10/site-packages'
[1.806s] Level 1:colcon.colcon_core.shell:create_environment_hook('turtlebot_controller', 'pythonpath')
[1.806s] INFO:colcon.colcon_core.shell:Creating environment hook '/home/leo/Desktop/turtlebot_workspace_vocale/install/turtlebot_controller/share/turtlebot_controller/hook/pythonpath.ps1'
[1.807s] INFO:colcon.colcon_core.shell:Creating environment descriptor '/home/leo/Desktop/turtlebot_workspace_vocale/install/turtlebot_controller/share/turtlebot_controller/hook/pythonpath.dsv'
[1.807s] INFO:colcon.colcon_core.shell:Creating environment hook '/home/leo/Desktop/turtlebot_workspace_vocale/install/turtlebot_controller/share/turtlebot_controller/hook/pythonpath.sh'
[1.808s] Level 1:colcon.colcon_core.environment:checking '/home/leo/Desktop/turtlebot_workspace_vocale/install/turtlebot_controller/bin'
[1.809s] Level 1:colcon.colcon_core.environment:create_environment_scripts_only(turtlebot_controller)
[1.809s] INFO:colcon.colcon_core.shell:Creating package script '/home/leo/Desktop/turtlebot_workspace_vocale/install/turtlebot_controller/share/turtlebot_controller/package.ps1'
[1.810s] INFO:colcon.colcon_core.shell:Creating package descriptor '/home/leo/Desktop/turtlebot_workspace_vocale/install/turtlebot_controller/share/turtlebot_controller/package.dsv'
[1.811s] INFO:colcon.colcon_core.shell:Creating package script '/home/leo/Desktop/turtlebot_workspace_vocale/install/turtlebot_controller/share/turtlebot_controller/package.sh'
[1.812s] INFO:colcon.colcon_core.shell:Creating package script '/home/leo/Desktop/turtlebot_workspace_vocale/install/turtlebot_controller/share/turtlebot_controller/package.bash'
[1.813s] INFO:colcon.colcon_core.shell:Creating package script '/home/leo/Desktop/turtlebot_workspace_vocale/install/turtlebot_controller/share/turtlebot_controller/package.zsh'
[1.813s] Level 1:colcon.colcon_core.environment:create_file_with_runtime_dependencies(/home/leo/Desktop/turtlebot_workspace_vocale/install/turtlebot_controller/share/colcon-core/packages/turtlebot_controller)
[1.814s] DEBUG:colcon.colcon_parallel_executor.executor.parallel:closing loop
[1.814s] DEBUG:colcon.colcon_parallel_executor.executor.parallel:loop closed
[1.814s] DEBUG:colcon.colcon_parallel_executor.executor.parallel:run_until_complete finished with '0'
[1.814s] DEBUG:colcon.colcon_core.event_reactor:joining thread
[1.820s] INFO:colcon.colcon_core.plugin_system:Skipping extension 'colcon_notification.desktop_notification.terminal_notifier': Not used on non-Darwin systems
[1.820s] INFO:colcon.colcon_core.plugin_system:Skipping extension 'colcon_notification.desktop_notification.win32': Not used on non-Windows systems
[1.820s] INFO:colcon.colcon_notification.desktop_notification:Sending desktop notification using 'notify2'
[1.835s] DEBUG:colcon.colcon_core.event_reactor:joined thread
[1.835s] INFO:colcon.colcon_core.shell:Creating prefix script '/home/leo/Desktop/turtlebot_workspace_vocale/install/local_setup.ps1'
[1.837s] INFO:colcon.colcon_core.shell:Creating prefix util module '/home/leo/Desktop/turtlebot_workspace_vocale/install/_local_setup_util_ps1.py'
[1.839s] INFO:colcon.colcon_core.shell:Creating prefix chain script '/home/leo/Desktop/turtlebot_workspace_vocale/install/setup.ps1'
[1.840s] INFO:colcon.colcon_core.shell:Creating prefix script '/home/leo/Desktop/turtlebot_workspace_vocale/install/local_setup.sh'
[1.841s] INFO:colcon.colcon_core.shell:Creating prefix util module '/home/leo/Desktop/turtlebot_workspace_vocale/install/_local_setup_util_sh.py'
[1.842s] INFO:colcon.colcon_core.shell:Creating prefix chain script '/home/leo/Desktop/turtlebot_workspace_vocale/install/setup.sh'
[1.844s] INFO:colcon.colcon_core.shell:Creating prefix script '/home/leo/Desktop/turtlebot_workspace_vocale/install/local_setup.bash'
[1.844s] INFO:colcon.colcon_core.shell:Creating prefix chain script '/home/leo/Desktop/turtlebot_workspace_vocale/install/setup.bash'
[1.846s] INFO:colcon.colcon_core.shell:Creating prefix script '/home/leo/Desktop/turtlebot_workspace_vocale/install/local_setup.zsh'
[1.846s] INFO:colcon.colcon_core.shell:Creating prefix chain script '/home/leo/Desktop/turtlebot_workspace_vocale/install/setup.zsh'
