[0.712s] Invoking command in '/home/ste/turtlebot_workspace/src/turtlebot_controller': PYTHONPATH=/home/ste/turtlebot_workspace/build/turtlebot_controller/prefix_override:/usr/lib/python3/dist-packages/colcon_core/task/python/colcon_distutils_commands:/home/ste/turtlebot_workspace/install/turtlebot_controller/lib/python3.10/site-packages:${PYTHONPATH} /usr/bin/python3 -W ignore:setup.py install is deprecated setup.py egg_info --egg-base ../../build/turtlebot_controller build --build-base /home/ste/turtlebot_workspace/build/turtlebot_controller/build install --record /home/ste/turtlebot_workspace/build/turtlebot_controller/install.log --single-version-externally-managed install_data
[0.937s] running egg_info
[0.939s] writing ../../build/turtlebot_controller/turtlebot_controller.egg-info/PKG-INFO
[0.939s] writing dependency_links to ../../build/turtlebot_controller/turtlebot_controller.egg-info/dependency_links.txt
[0.939s] writing entry points to ../../build/turtlebot_controller/turtlebot_controller.egg-info/entry_points.txt
[0.940s] writing requirements to ../../build/turtlebot_controller/turtlebot_controller.egg-info/requires.txt
[0.940s] writing top-level names to ../../build/turtlebot_controller/turtlebot_controller.egg-info/top_level.txt
[0.942s] reading manifest file '../../build/turtlebot_controller/turtlebot_controller.egg-info/SOURCES.txt'
[0.942s] writing manifest file '../../build/turtlebot_controller/turtlebot_controller.egg-info/SOURCES.txt'
[0.943s] running build
[0.943s] running build_py
[0.943s] running install
[0.944s] running install_lib
[0.945s] running install_data
[0.946s] running install_egg_info
[0.948s] removing '/home/ste/turtlebot_workspace/install/turtlebot_controller/lib/python3.10/site-packages/turtlebot_controller-0.0.0-py3.10.egg-info' (and everything under it)
[0.949s] Copying ../../build/turtlebot_controller/turtlebot_controller.egg-info to /home/ste/turtlebot_workspace/install/turtlebot_controller/lib/python3.10/site-packages/turtlebot_controller-0.0.0-py3.10.egg-info
[0.950s] running install_scripts
[0.974s] Installing move_turtle script to /home/ste/turtlebot_workspace/install/turtlebot_controller/lib/turtlebot_controller
[0.974s] Installing move_turtle_AB script to /home/ste/turtlebot_workspace/install/turtlebot_controller/lib/turtlebot_controller
[0.975s] Installing turtle_csv_handler script to /home/ste/turtlebot_workspace/install/turtlebot_controller/lib/turtlebot_controller
[0.975s] Installing turtle_distance_publisher script to /home/ste/turtlebot_workspace/install/turtlebot_controller/lib/turtlebot_controller
[0.975s] Installing turtle_move_status_data script to /home/ste/turtlebot_workspace/install/turtlebot_controller/lib/turtlebot_controller
[0.975s] Installing turtle_position_data script to /home/ste/turtlebot_workspace/install/turtlebot_controller/lib/turtlebot_controller
[0.975s] Installing turtle_velocity_data script to /home/ste/turtlebot_workspace/install/turtlebot_controller/lib/turtlebot_controller
[0.975s] writing list of installed files to '/home/ste/turtlebot_workspace/build/turtlebot_controller/install.log'
[1.028s] Invoked command in '/home/ste/turtlebot_workspace/src/turtlebot_controller' returned '0': PYTHONPATH=/home/ste/turtlebot_workspace/build/turtlebot_controller/prefix_override:/usr/lib/python3/dist-packages/colcon_core/task/python/colcon_distutils_commands:/home/ste/turtlebot_workspace/install/turtlebot_controller/lib/python3.10/site-packages:${PYTHONPATH} /usr/bin/python3 -W ignore:setup.py install is deprecated setup.py egg_info --egg-base ../../build/turtlebot_controller build --build-base /home/ste/turtlebot_workspace/build/turtlebot_controller/build install --record /home/ste/turtlebot_workspace/build/turtlebot_controller/install.log --single-version-externally-managed install_data
