[1.017s] DEBUG:colcon:Command line arguments: ['/usr/bin/colcon', 'build']
[1.017s] DEBUG:colcon:Parsed command line arguments: Namespace(log_base=None, log_level=None, verb_name='build', build_base='build', install_base='install', merge_install=False, symlink_install=False, test_result_base=None, continue_on_error=False, executor='parallel', parallel_workers=16, event_handlers=None, ignore_user_meta=False, metas=['./colcon.meta'], base_paths=['.'], packages_ignore=None, packages_ignore_regex=None, paths=None, packages_up_to=None, packages_up_to_regex=None, packages_above=None, packages_above_and_dependencies=None, packages_above_depth=None, packages_select_by_dep=None, packages_skip_by_dep=None, packages_skip_up_to=None, packages_select_build_failed=False, packages_skip_build_finished=False, packages_select_test_failures=False, packages_skip_test_passed=False, packages_select=None, packages_skip=None, packages_select_regex=None, packages_skip_regex=None, packages_start=None, packages_end=None, allow_overriding=[], cmake_args=None, cmake_target=None, cmake_target_skip_unavailable=False, cmake_clean_cache=False, cmake_clean_first=False, cmake_force_configure=False, ament_cmake_args=None, catkin_cmake_args=None, catkin_skip_building_tests=False, verb_parser=<colcon_defaults.argument_parser.defaults.DefaultArgumentsDecorator object at 0x7fb8ff8947f0>, verb_extension=<colcon_core.verb.build.BuildVerb object at 0x7fb8ff894280>, main=<bound method BuildVerb.main of <colcon_core.verb.build.BuildVerb object at 0x7fb8ff894280>>)
[1.556s] Level 1:colcon.colcon_core.package_discovery:discover_packages(colcon_meta) check parameters
[1.556s] Level 1:colcon.colcon_core.package_discovery:discover_packages(recursive) check parameters
[1.556s] Level 1:colcon.colcon_core.package_discovery:discover_packages(ignore) check parameters
[1.556s] Level 1:colcon.colcon_core.package_discovery:discover_packages(path) check parameters
[1.556s] Level 1:colcon.colcon_core.package_discovery:discover_packages(colcon_meta) discover
[1.556s] Level 1:colcon.colcon_core.package_discovery:discover_packages(recursive) discover
[1.556s] INFO:colcon.colcon_core.package_discovery:Crawling recursively for packages in '/home/ste/turtlebot_workspace'
[1.557s] Level 1:colcon.colcon_core.package_identification:_identify(.) by extensions ['ignore', 'ignore_ament_install']
[1.557s] Level 1:colcon.colcon_core.package_identification:_identify(.) by extension 'ignore'
[1.557s] Level 1:colcon.colcon_core.package_identification:_identify(.) by extension 'ignore_ament_install'
[1.557s] Level 1:colcon.colcon_core.package_identification:_identify(.) by extensions ['colcon_pkg']
[1.557s] Level 1:colcon.colcon_core.package_identification:_identify(.) by extension 'colcon_pkg'
[1.557s] Level 1:colcon.colcon_core.package_identification:_identify(.) by extensions ['colcon_meta']
[1.557s] Level 1:colcon.colcon_core.package_identification:_identify(.) by extension 'colcon_meta'
[1.557s] Level 1:colcon.colcon_core.package_identification:_identify(.) by extensions ['ros']
[1.557s] Level 1:colcon.colcon_core.package_identification:_identify(.) by extension 'ros'
[1.584s] Level 1:colcon.colcon_core.package_identification:_identify(.) by extensions ['cmake', 'python']
[1.585s] Level 1:colcon.colcon_core.package_identification:_identify(.) by extension 'cmake'
[1.585s] Level 1:colcon.colcon_core.package_identification:_identify(.) by extension 'python'
[1.585s] Level 1:colcon.colcon_core.package_identification:_identify(.) by extensions ['python_setup_py']
[1.585s] Level 1:colcon.colcon_core.package_identification:_identify(.) by extension 'python_setup_py'
[1.585s] Level 1:colcon.colcon_core.package_identification:_identify(build) by extensions ['ignore', 'ignore_ament_install']
[1.585s] Level 1:colcon.colcon_core.package_identification:_identify(build) by extension 'ignore'
[1.585s] Level 1:colcon.colcon_core.package_identification:_identify(build) ignored
[1.586s] Level 1:colcon.colcon_core.package_identification:_identify(install) by extensions ['ignore', 'ignore_ament_install']
[1.586s] Level 1:colcon.colcon_core.package_identification:_identify(install) by extension 'ignore'
[1.586s] Level 1:colcon.colcon_core.package_identification:_identify(install) ignored
[1.586s] Level 1:colcon.colcon_core.package_identification:_identify(log) by extensions ['ignore', 'ignore_ament_install']
[1.586s] Level 1:colcon.colcon_core.package_identification:_identify(log) by extension 'ignore'
[1.586s] Level 1:colcon.colcon_core.package_identification:_identify(log) ignored
[1.587s] Level 1:colcon.colcon_core.package_identification:_identify(maps) by extensions ['ignore', 'ignore_ament_install']
[1.587s] Level 1:colcon.colcon_core.package_identification:_identify(maps) by extension 'ignore'
[1.588s] Level 1:colcon.colcon_core.package_identification:_identify(maps) by extension 'ignore_ament_install'
[1.588s] Level 1:colcon.colcon_core.package_identification:_identify(maps) by extensions ['colcon_pkg']
[1.588s] Level 1:colcon.colcon_core.package_identification:_identify(maps) by extension 'colcon_pkg'
[1.588s] Level 1:colcon.colcon_core.package_identification:_identify(maps) by extensions ['colcon_meta']
[1.588s] Level 1:colcon.colcon_core.package_identification:_identify(maps) by extension 'colcon_meta'
[1.588s] Level 1:colcon.colcon_core.package_identification:_identify(maps) by extensions ['ros']
[1.588s] Level 1:colcon.colcon_core.package_identification:_identify(maps) by extension 'ros'
[1.588s] Level 1:colcon.colcon_core.package_identification:_identify(maps) by extensions ['cmake', 'python']
[1.588s] Level 1:colcon.colcon_core.package_identification:_identify(maps) by extension 'cmake'
[1.588s] Level 1:colcon.colcon_core.package_identification:_identify(maps) by extension 'python'
[1.588s] Level 1:colcon.colcon_core.package_identification:_identify(maps) by extensions ['python_setup_py']
[1.588s] Level 1:colcon.colcon_core.package_identification:_identify(maps) by extension 'python_setup_py'
[1.589s] Level 1:colcon.colcon_core.package_identification:_identify(maps/mappe_ste) by extensions ['ignore', 'ignore_ament_install']
[1.589s] Level 1:colcon.colcon_core.package_identification:_identify(maps/mappe_ste) by extension 'ignore'
[1.589s] Level 1:colcon.colcon_core.package_identification:_identify(maps/mappe_ste) by extension 'ignore_ament_install'
[1.589s] Level 1:colcon.colcon_core.package_identification:_identify(maps/mappe_ste) by extensions ['colcon_pkg']
[1.590s] Level 1:colcon.colcon_core.package_identification:_identify(maps/mappe_ste) by extension 'colcon_pkg'
[1.590s] Level 1:colcon.colcon_core.package_identification:_identify(maps/mappe_ste) by extensions ['colcon_meta']
[1.590s] Level 1:colcon.colcon_core.package_identification:_identify(maps/mappe_ste) by extension 'colcon_meta'
[1.590s] Level 1:colcon.colcon_core.package_identification:_identify(maps/mappe_ste) by extensions ['ros']
[1.590s] Level 1:colcon.colcon_core.package_identification:_identify(maps/mappe_ste) by extension 'ros'
[1.590s] Level 1:colcon.colcon_core.package_identification:_identify(maps/mappe_ste) by extensions ['cmake', 'python']
[1.590s] Level 1:colcon.colcon_core.package_identification:_identify(maps/mappe_ste) by extension 'cmake'
[1.590s] Level 1:colcon.colcon_core.package_identification:_identify(maps/mappe_ste) by extension 'python'
[1.590s] Level 1:colcon.colcon_core.package_identification:_identify(maps/mappe_ste) by extensions ['python_setup_py']
[1.590s] Level 1:colcon.colcon_core.package_identification:_identify(maps/mappe_ste) by extension 'python_setup_py'
[1.591s] Level 1:colcon.colcon_core.package_identification:_identify(src) by extensions ['ignore', 'ignore_ament_install']
[1.591s] Level 1:colcon.colcon_core.package_identification:_identify(src) by extension 'ignore'
[1.591s] Level 1:colcon.colcon_core.package_identification:_identify(src) by extension 'ignore_ament_install'
[1.591s] Level 1:colcon.colcon_core.package_identification:_identify(src) by extensions ['colcon_pkg']
[1.592s] Level 1:colcon.colcon_core.package_identification:_identify(src) by extension 'colcon_pkg'
[1.592s] Level 1:colcon.colcon_core.package_identification:_identify(src) by extensions ['colcon_meta']
[1.592s] Level 1:colcon.colcon_core.package_identification:_identify(src) by extension 'colcon_meta'
[1.592s] Level 1:colcon.colcon_core.package_identification:_identify(src) by extensions ['ros']
[1.592s] Level 1:colcon.colcon_core.package_identification:_identify(src) by extension 'ros'
[1.592s] Level 1:colcon.colcon_core.package_identification:_identify(src) by extensions ['cmake', 'python']
[1.592s] Level 1:colcon.colcon_core.package_identification:_identify(src) by extension 'cmake'
[1.593s] Level 1:colcon.colcon_core.package_identification:_identify(src) by extension 'python'
[1.593s] Level 1:colcon.colcon_core.package_identification:_identify(src) by extensions ['python_setup_py']
[1.593s] Level 1:colcon.colcon_core.package_identification:_identify(src) by extension 'python_setup_py'
[1.594s] Level 1:colcon.colcon_core.package_identification:_identify(src/build) by extensions ['ignore', 'ignore_ament_install']
[1.594s] Level 1:colcon.colcon_core.package_identification:_identify(src/build) by extension 'ignore'
[1.594s] Level 1:colcon.colcon_core.package_identification:_identify(src/build) ignored
[1.595s] Level 1:colcon.colcon_core.package_identification:_identify(src/install) by extensions ['ignore', 'ignore_ament_install']
[1.595s] Level 1:colcon.colcon_core.package_identification:_identify(src/install) by extension 'ignore'
[1.595s] Level 1:colcon.colcon_core.package_identification:_identify(src/install) ignored
[1.596s] Level 1:colcon.colcon_core.package_identification:_identify(src/log) by extensions ['ignore', 'ignore_ament_install']
[1.596s] Level 1:colcon.colcon_core.package_identification:_identify(src/log) by extension 'ignore'
[1.596s] Level 1:colcon.colcon_core.package_identification:_identify(src/log) ignored
[1.597s] Level 1:colcon.colcon_core.package_identification:_identify(src/turtlebot_controller) by extensions ['ignore', 'ignore_ament_install']
[1.597s] Level 1:colcon.colcon_core.package_identification:_identify(src/turtlebot_controller) by extension 'ignore'
[1.597s] Level 1:colcon.colcon_core.package_identification:_identify(src/turtlebot_controller) by extension 'ignore_ament_install'
[1.597s] Level 1:colcon.colcon_core.package_identification:_identify(src/turtlebot_controller) by extensions ['colcon_pkg']
[1.598s] Level 1:colcon.colcon_core.package_identification:_identify(src/turtlebot_controller) by extension 'colcon_pkg'
[1.598s] Level 1:colcon.colcon_core.package_identification:_identify(src/turtlebot_controller) by extensions ['colcon_meta']
[1.598s] Level 1:colcon.colcon_core.package_identification:_identify(src/turtlebot_controller) by extension 'colcon_meta'
[1.598s] Level 1:colcon.colcon_core.package_identification:_identify(src/turtlebot_controller) by extensions ['ros']
[1.598s] Level 1:colcon.colcon_core.package_identification:_identify(src/turtlebot_controller) by extension 'ros'
[1.604s] DEBUG:colcon.colcon_core.package_identification:Package 'src/turtlebot_controller' with type 'ros.ament_python' and name 'turtlebot_controller'
[1.604s] Level 1:colcon.colcon_core.package_discovery:discover_packages(recursive) using defaults
[1.604s] Level 1:colcon.colcon_core.package_discovery:discover_packages(ignore) discover
[1.605s] Level 1:colcon.colcon_core.package_discovery:discover_packages(ignore) using defaults
[1.605s] Level 1:colcon.colcon_core.package_discovery:discover_packages(path) discover
[1.605s] Level 1:colcon.colcon_core.package_discovery:discover_packages(path) using defaults
[1.680s] Level 1:colcon.colcon_core.package_discovery:discover_packages(prefix_path) check parameters
[1.680s] Level 1:colcon.colcon_core.package_discovery:discover_packages(prefix_path) discover
[1.691s] DEBUG:colcon.colcon_installed_package_information.package_discovery:Found 382 installed packages in /opt/ros/humble
[1.693s] Level 1:colcon.colcon_core.package_discovery:discover_packages(prefix_path) using defaults
[1.770s] Level 5:colcon.colcon_core.verb:set package 'turtlebot_controller' build argument 'cmake_args' from command line to 'None'
[1.770s] Level 5:colcon.colcon_core.verb:set package 'turtlebot_controller' build argument 'cmake_target' from command line to 'None'
[1.770s] Level 5:colcon.colcon_core.verb:set package 'turtlebot_controller' build argument 'cmake_target_skip_unavailable' from command line to 'False'
[1.770s] Level 5:colcon.colcon_core.verb:set package 'turtlebot_controller' build argument 'cmake_clean_cache' from command line to 'False'
[1.770s] Level 5:colcon.colcon_core.verb:set package 'turtlebot_controller' build argument 'cmake_clean_first' from command line to 'False'
[1.770s] Level 5:colcon.colcon_core.verb:set package 'turtlebot_controller' build argument 'cmake_force_configure' from command line to 'False'
[1.770s] Level 5:colcon.colcon_core.verb:set package 'turtlebot_controller' build argument 'ament_cmake_args' from command line to 'None'
[1.770s] Level 5:colcon.colcon_core.verb:set package 'turtlebot_controller' build argument 'catkin_cmake_args' from command line to 'None'
[1.770s] Level 5:colcon.colcon_core.verb:set package 'turtlebot_controller' build argument 'catkin_skip_building_tests' from command line to 'False'
[1.770s] DEBUG:colcon.colcon_core.verb:Building package 'turtlebot_controller' with the following arguments: {'ament_cmake_args': None, 'build_base': '/home/ste/turtlebot_workspace/build/turtlebot_controller', 'catkin_cmake_args': None, 'catkin_skip_building_tests': False, 'cmake_args': None, 'cmake_clean_cache': False, 'cmake_clean_first': False, 'cmake_force_configure': False, 'cmake_target': None, 'cmake_target_skip_unavailable': False, 'install_base': '/home/ste/turtlebot_workspace/install/turtlebot_controller', 'merge_install': False, 'path': '/home/ste/turtlebot_workspace/src/turtlebot_controller', 'symlink_install': False, 'test_result_base': None}
[1.771s] INFO:colcon.colcon_core.executor:Executing jobs using 'parallel' executor
[1.773s] DEBUG:colcon.colcon_parallel_executor.executor.parallel:run_until_complete
[1.773s] INFO:colcon.colcon_ros.task.ament_python.build:Building ROS package in '/home/ste/turtlebot_workspace/src/turtlebot_controller' with build type 'ament_python'
[1.773s] Level 1:colcon.colcon_core.shell:create_environment_hook('turtlebot_controller', 'ament_prefix_path')
[1.787s] INFO:colcon.colcon_core.plugin_system:Skipping extension 'colcon_core.shell.bat': Not used on non-Windows systems
[1.787s] INFO:colcon.colcon_core.shell:Creating environment hook '/home/ste/turtlebot_workspace/install/turtlebot_controller/share/turtlebot_controller/hook/ament_prefix_path.ps1'
[1.793s] INFO:colcon.colcon_core.shell:Creating environment descriptor '/home/ste/turtlebot_workspace/install/turtlebot_controller/share/turtlebot_controller/hook/ament_prefix_path.dsv'
[1.794s] INFO:colcon.colcon_core.shell:Creating environment hook '/home/ste/turtlebot_workspace/install/turtlebot_controller/share/turtlebot_controller/hook/ament_prefix_path.sh'
[1.797s] INFO:colcon.colcon_core.shell:Skip shell extension 'powershell' for command environment: Not usable outside of PowerShell
[1.797s] DEBUG:colcon.colcon_core.shell:Skip shell extension 'dsv' for command environment
[2.217s] INFO:colcon.colcon_core.task.python.build:Building Python package in '/home/ste/turtlebot_workspace/src/turtlebot_controller'
[2.218s] INFO:colcon.colcon_core.shell:Skip shell extension 'powershell' for command environment: Not usable outside of PowerShell
[2.218s] DEBUG:colcon.colcon_core.shell:Skip shell extension 'dsv' for command environment
[2.871s] DEBUG:colcon.colcon_core.event_handler.log_command:Invoking command in '/home/ste/turtlebot_workspace/src/turtlebot_controller': PYTHONPATH=/home/ste/turtlebot_workspace/build/turtlebot_controller/prefix_override:/usr/lib/python3/dist-packages/colcon_core/task/python/colcon_distutils_commands:/home/ste/turtlebot_workspace/install/turtlebot_controller/lib/python3.10/site-packages:${PYTHONPATH} /usr/bin/python3 -W ignore:setup.py install is deprecated setup.py egg_info --egg-base ../../build/turtlebot_controller build --build-base /home/ste/turtlebot_workspace/build/turtlebot_controller/build install --record /home/ste/turtlebot_workspace/build/turtlebot_controller/install.log --single-version-externally-managed install_data
[3.272s] DEBUG:colcon.colcon_core.event_handler.log_command:Invoked command in '/home/ste/turtlebot_workspace/src/turtlebot_controller' returned '0': PYTHONPATH=/home/ste/turtlebot_workspace/build/turtlebot_controller/prefix_override:/usr/lib/python3/dist-packages/colcon_core/task/python/colcon_distutils_commands:/home/ste/turtlebot_workspace/install/turtlebot_controller/lib/python3.10/site-packages:${PYTHONPATH} /usr/bin/python3 -W ignore:setup.py install is deprecated setup.py egg_info --egg-base ../../build/turtlebot_controller build --build-base /home/ste/turtlebot_workspace/build/turtlebot_controller/build install --record /home/ste/turtlebot_workspace/build/turtlebot_controller/install.log --single-version-externally-managed install_data
[3.292s] Level 1:colcon.colcon_core.environment:checking '/home/ste/turtlebot_workspace/install/turtlebot_controller' for CMake module files
[3.293s] Level 1:colcon.colcon_core.environment:checking '/home/ste/turtlebot_workspace/install/turtlebot_controller' for CMake config files
[3.297s] Level 1:colcon.colcon_core.environment:checking '/home/ste/turtlebot_workspace/install/turtlebot_controller/lib'
[3.297s] Level 1:colcon.colcon_core.environment:checking '/home/ste/turtlebot_workspace/install/turtlebot_controller/bin'
[3.297s] Level 1:colcon.colcon_core.environment:checking '/home/ste/turtlebot_workspace/install/turtlebot_controller/lib/pkgconfig/turtlebot_controller.pc'
[3.297s] Level 1:colcon.colcon_core.environment:checking '/home/ste/turtlebot_workspace/install/turtlebot_controller/lib/python3.10/site-packages'
[3.297s] Level 1:colcon.colcon_core.shell:create_environment_hook('turtlebot_controller', 'pythonpath')
[3.298s] INFO:colcon.colcon_core.shell:Creating environment hook '/home/ste/turtlebot_workspace/install/turtlebot_controller/share/turtlebot_controller/hook/pythonpath.ps1'
[3.298s] INFO:colcon.colcon_core.shell:Creating environment descriptor '/home/ste/turtlebot_workspace/install/turtlebot_controller/share/turtlebot_controller/hook/pythonpath.dsv'
[3.299s] INFO:colcon.colcon_core.shell:Creating environment hook '/home/ste/turtlebot_workspace/install/turtlebot_controller/share/turtlebot_controller/hook/pythonpath.sh'
[3.300s] Level 1:colcon.colcon_core.environment:checking '/home/ste/turtlebot_workspace/install/turtlebot_controller/bin'
[3.300s] Level 1:colcon.colcon_core.environment:create_environment_scripts_only(turtlebot_controller)
[3.301s] INFO:colcon.colcon_core.shell:Creating package script '/home/ste/turtlebot_workspace/install/turtlebot_controller/share/turtlebot_controller/package.ps1'
[3.303s] INFO:colcon.colcon_core.shell:Creating package descriptor '/home/ste/turtlebot_workspace/install/turtlebot_controller/share/turtlebot_controller/package.dsv'
[3.304s] INFO:colcon.colcon_core.shell:Creating package script '/home/ste/turtlebot_workspace/install/turtlebot_controller/share/turtlebot_controller/package.sh'
[3.306s] INFO:colcon.colcon_core.shell:Creating package script '/home/ste/turtlebot_workspace/install/turtlebot_controller/share/turtlebot_controller/package.bash'
[3.308s] INFO:colcon.colcon_core.shell:Creating package script '/home/ste/turtlebot_workspace/install/turtlebot_controller/share/turtlebot_controller/package.zsh'
[3.310s] Level 1:colcon.colcon_core.environment:create_file_with_runtime_dependencies(/home/ste/turtlebot_workspace/install/turtlebot_controller/share/colcon-core/packages/turtlebot_controller)
[3.310s] DEBUG:colcon.colcon_parallel_executor.executor.parallel:closing loop
[3.311s] DEBUG:colcon.colcon_parallel_executor.executor.parallel:loop closed
[3.312s] DEBUG:colcon.colcon_parallel_executor.executor.parallel:run_until_complete finished with '0'
[3.312s] DEBUG:colcon.colcon_core.event_reactor:joining thread
[3.466s] INFO:colcon.colcon_core.plugin_system:Skipping extension 'colcon_notification.desktop_notification.notify_send': Could not find 'notify-send'
[3.466s] INFO:colcon.colcon_core.plugin_system:Skipping extension 'colcon_notification.desktop_notification.terminal_notifier': Not used on non-Darwin systems
[3.467s] INFO:colcon.colcon_core.plugin_system:Skipping extension 'colcon_notification.desktop_notification.win32': Not used on non-Windows systems
[3.467s] INFO:colcon.colcon_notification.desktop_notification:Sending desktop notification using 'notify2'
[3.493s] DEBUG:colcon.colcon_notification.desktop_notification.notify2:Failed to initialize notify2: org.freedesktop.DBus.Error.ServiceUnknown: The name org.freedesktop.Notifications was not provided by any .service files
[3.493s] DEBUG:colcon.colcon_core.event_reactor:joined thread
[3.493s] INFO:colcon.colcon_core.shell:Creating prefix script '/home/ste/turtlebot_workspace/install/local_setup.ps1'
[3.495s] INFO:colcon.colcon_core.shell:Creating prefix util module '/home/ste/turtlebot_workspace/install/_local_setup_util_ps1.py'
[3.499s] INFO:colcon.colcon_core.shell:Creating prefix chain script '/home/ste/turtlebot_workspace/install/setup.ps1'
[3.501s] INFO:colcon.colcon_core.shell:Creating prefix script '/home/ste/turtlebot_workspace/install/local_setup.sh'
[3.502s] INFO:colcon.colcon_core.shell:Creating prefix util module '/home/ste/turtlebot_workspace/install/_local_setup_util_sh.py'
[3.503s] INFO:colcon.colcon_core.shell:Creating prefix chain script '/home/ste/turtlebot_workspace/install/setup.sh'
[3.505s] INFO:colcon.colcon_core.shell:Creating prefix script '/home/ste/turtlebot_workspace/install/local_setup.bash'
[3.506s] INFO:colcon.colcon_core.shell:Creating prefix chain script '/home/ste/turtlebot_workspace/install/setup.bash'
[3.507s] INFO:colcon.colcon_core.shell:Creating prefix script '/home/ste/turtlebot_workspace/install/local_setup.zsh'
[3.508s] INFO:colcon.colcon_core.shell:Creating prefix chain script '/home/ste/turtlebot_workspace/install/setup.zsh'
