[0.598s] Invoking command in '/home/ste/my_ros2_ws/src/turtlebot_controller': PYTHONPATH=/home/ste/my_ros2_ws/src/build/turtlebot_controller/prefix_override:/usr/lib/python3/dist-packages/colcon_core/task/python/colcon_distutils_commands:/home/ste/my_ros2_ws/src/install/turtlebot_controller/lib/python3.10/site-packages:${PYTHONPATH} /usr/bin/python3 -W ignore:setup.py install is deprecated setup.py egg_info --egg-base ../build/turtlebot_controller build --build-base /home/ste/my_ros2_ws/src/build/turtlebot_controller/build install --record /home/ste/my_ros2_ws/src/build/turtlebot_controller/install.log --single-version-externally-managed install_data
[0.749s] running egg_info
[0.749s] creating ../build/turtlebot_controller/turtlebot_controller.egg-info
[0.749s] writing ../build/turtlebot_controller/turtlebot_controller.egg-info/PKG-INFO
[0.750s] writing dependency_links to ../build/turtlebot_controller/turtlebot_controller.egg-info/dependency_links.txt
[0.750s] writing entry points to ../build/turtlebot_controller/turtlebot_controller.egg-info/entry_points.txt
[0.750s] writing requirements to ../build/turtlebot_controller/turtlebot_controller.egg-info/requires.txt
[0.750s] writing top-level names to ../build/turtlebot_controller/turtlebot_controller.egg-info/top_level.txt
[0.750s] writing manifest file '../build/turtlebot_controller/turtlebot_controller.egg-info/SOURCES.txt'
[0.751s] reading manifest file '../build/turtlebot_controller/turtlebot_controller.egg-info/SOURCES.txt'
[0.752s] writing manifest file '../build/turtlebot_controller/turtlebot_controller.egg-info/SOURCES.txt'
[0.752s] running build
[0.752s] running build_py
[0.752s] creating /home/ste/my_ros2_ws/src/build/turtlebot_controller/build
[0.752s] creating /home/ste/my_ros2_ws/src/build/turtlebot_controller/build/lib
[0.752s] creating /home/ste/my_ros2_ws/src/build/turtlebot_controller/build/lib/turtlebot_controller
[0.753s] copying turtlebot_controller/__init__.py -> /home/ste/my_ros2_ws/src/build/turtlebot_controller/build/lib/turtlebot_controller
[0.753s] running install
[0.753s] running install_lib
[0.753s] creating /home/ste/my_ros2_ws/src/install/turtlebot_controller/lib/python3.10/site-packages/turtlebot_controller
[0.753s] copying /home/ste/my_ros2_ws/src/build/turtlebot_controller/build/lib/turtlebot_controller/__init__.py -> /home/ste/my_ros2_ws/src/install/turtlebot_controller/lib/python3.10/site-packages/turtlebot_controller
[0.754s] byte-compiling /home/ste/my_ros2_ws/src/install/turtlebot_controller/lib/python3.10/site-packages/turtlebot_controller/__init__.py to __init__.cpython-310.pyc
[0.754s] running install_data
[0.754s] creating /home/ste/my_ros2_ws/src/install/turtlebot_controller/share/ament_index
[0.754s] creating /home/ste/my_ros2_ws/src/install/turtlebot_controller/share/ament_index/resource_index
[0.755s] creating /home/ste/my_ros2_ws/src/install/turtlebot_controller/share/ament_index/resource_index/packages
[0.755s] copying resource/turtlebot_controller -> /home/ste/my_ros2_ws/src/install/turtlebot_controller/share/ament_index/resource_index/packages
[0.755s] copying package.xml -> /home/ste/my_ros2_ws/src/install/turtlebot_controller/share/turtlebot_controller
[0.755s] running install_egg_info
[0.756s] Copying ../build/turtlebot_controller/turtlebot_controller.egg-info to /home/ste/my_ros2_ws/src/install/turtlebot_controller/lib/python3.10/site-packages/turtlebot_controller-0.0.0-py3.10.egg-info
[0.757s] running install_scripts
[0.770s] writing list of installed files to '/home/ste/my_ros2_ws/src/build/turtlebot_controller/install.log'
[0.785s] Invoked command in '/home/ste/my_ros2_ws/src/turtlebot_controller' returned '0': PYTHONPATH=/home/ste/my_ros2_ws/src/build/turtlebot_controller/prefix_override:/usr/lib/python3/dist-packages/colcon_core/task/python/colcon_distutils_commands:/home/ste/my_ros2_ws/src/install/turtlebot_controller/lib/python3.10/site-packages:${PYTHONPATH} /usr/bin/python3 -W ignore:setup.py install is deprecated setup.py egg_info --egg-base ../build/turtlebot_controller build --build-base /home/ste/my_ros2_ws/src/build/turtlebot_controller/build install --record /home/ste/my_ros2_ws/src/build/turtlebot_controller/install.log --single-version-externally-managed install_data
