[0.434s] Invoking command in '/home/ste/turtlebot_workspace/src/turtlebot_controller': PYTHONPATH=/home/ste/turtlebot_workspace/build/turtlebot_controller/prefix_override:/usr/lib/python3/dist-packages/colcon_core/task/python/colcon_distutils_commands:/home/ste/turtlebot_workspace/install/turtlebot_controller/lib/python3.10/site-packages:${PYTHONPATH} /usr/bin/python3 -W ignore:setup.py install is deprecated setup.py egg_info --egg-base ../../build/turtlebot_controller build --build-base /home/ste/turtlebot_workspace/build/turtlebot_controller/build install --record /home/ste/turtlebot_workspace/build/turtlebot_controller/install.log --single-version-externally-managed install_data
[0.592s] running egg_info
[0.593s] writing ../../build/turtlebot_controller/turtlebot_controller.egg-info/PKG-INFO
[0.593s] writing dependency_links to ../../build/turtlebot_controller/turtlebot_controller.egg-info/dependency_links.txt
[0.593s] writing entry points to ../../build/turtlebot_controller/turtlebot_controller.egg-info/entry_points.txt
[0.593s] writing requirements to ../../build/turtlebot_controller/turtlebot_controller.egg-info/requires.txt
[0.593s] writing top-level names to ../../build/turtlebot_controller/turtlebot_controller.egg-info/top_level.txt
[0.595s] reading manifest file '../../build/turtlebot_controller/turtlebot_controller.egg-info/SOURCES.txt'
[0.596s] writing manifest file '../../build/turtlebot_controller/turtlebot_controller.egg-info/SOURCES.txt'
[0.596s] running build
[0.596s] running build_py
[0.596s] copying script_python/__init__.py -> /home/ste/turtlebot_workspace/build/turtlebot_controller/build/lib/script_python
[0.596s] copying script_python/move_turtle.py -> /home/ste/turtlebot_workspace/build/turtlebot_controller/build/lib/script_python
[0.596s] copying script_python/patient_button_control.py -> /home/ste/turtlebot_workspace/build/turtlebot_controller/build/lib/script_python
[0.596s] copying script_python/turtle_estimate_position.py -> /home/ste/turtlebot_workspace/build/turtlebot_controller/build/lib/script_python
[0.597s] copying script_python/turtle_csv_handler.py -> /home/ste/turtlebot_workspace/build/turtlebot_controller/build/lib/script_python
[0.597s] copying script_python/elaborate_data.py -> /home/ste/turtlebot_workspace/build/turtlebot_controller/build/lib/script_python
[0.597s] copying script_python/move_turtle_AB.py -> /home/ste/turtlebot_workspace/build/turtlebot_controller/build/lib/script_python
[0.597s] copying script_python/turtle_distance_publisher.py -> /home/ste/turtlebot_workspace/build/turtlebot_controller/build/lib/script_python
[0.597s] running install
[0.598s] running install_lib
[0.598s] copying /home/ste/turtlebot_workspace/build/turtlebot_controller/build/lib/script_python/__init__.py -> /home/ste/turtlebot_workspace/install/turtlebot_controller/lib/python3.10/site-packages/script_python
[0.598s] copying /home/ste/turtlebot_workspace/build/turtlebot_controller/build/lib/script_python/move_turtle.py -> /home/ste/turtlebot_workspace/install/turtlebot_controller/lib/python3.10/site-packages/script_python
[0.598s] copying /home/ste/turtlebot_workspace/build/turtlebot_controller/build/lib/script_python/patient_button_control.py -> /home/ste/turtlebot_workspace/install/turtlebot_controller/lib/python3.10/site-packages/script_python
[0.598s] copying /home/ste/turtlebot_workspace/build/turtlebot_controller/build/lib/script_python/turtle_estimate_position.py -> /home/ste/turtlebot_workspace/install/turtlebot_controller/lib/python3.10/site-packages/script_python
[0.598s] copying /home/ste/turtlebot_workspace/build/turtlebot_controller/build/lib/script_python/turtle_csv_handler.py -> /home/ste/turtlebot_workspace/install/turtlebot_controller/lib/python3.10/site-packages/script_python
[0.599s] copying /home/ste/turtlebot_workspace/build/turtlebot_controller/build/lib/script_python/elaborate_data.py -> /home/ste/turtlebot_workspace/install/turtlebot_controller/lib/python3.10/site-packages/script_python
[0.599s] copying /home/ste/turtlebot_workspace/build/turtlebot_controller/build/lib/script_python/move_turtle_AB.py -> /home/ste/turtlebot_workspace/install/turtlebot_controller/lib/python3.10/site-packages/script_python
[0.599s] copying /home/ste/turtlebot_workspace/build/turtlebot_controller/build/lib/script_python/turtle_distance_publisher.py -> /home/ste/turtlebot_workspace/install/turtlebot_controller/lib/python3.10/site-packages/script_python
[0.599s] byte-compiling /home/ste/turtlebot_workspace/install/turtlebot_controller/lib/python3.10/site-packages/script_python/__init__.py to __init__.cpython-310.pyc
[0.599s] byte-compiling /home/ste/turtlebot_workspace/install/turtlebot_controller/lib/python3.10/site-packages/script_python/move_turtle.py to move_turtle.cpython-310.pyc
[0.600s] byte-compiling /home/ste/turtlebot_workspace/install/turtlebot_controller/lib/python3.10/site-packages/script_python/patient_button_control.py to patient_button_control.cpython-310.pyc
[0.600s] byte-compiling /home/ste/turtlebot_workspace/install/turtlebot_controller/lib/python3.10/site-packages/script_python/turtle_estimate_position.py to turtle_estimate_position.cpython-310.pyc
[0.601s] byte-compiling /home/ste/turtlebot_workspace/install/turtlebot_controller/lib/python3.10/site-packages/script_python/turtle_csv_handler.py to turtle_csv_handler.cpython-310.pyc
[0.601s] byte-compiling /home/ste/turtlebot_workspace/install/turtlebot_controller/lib/python3.10/site-packages/script_python/elaborate_data.py to elaborate_data.cpython-310.pyc
[0.602s] byte-compiling /home/ste/turtlebot_workspace/install/turtlebot_controller/lib/python3.10/site-packages/script_python/move_turtle_AB.py to move_turtle_AB.cpython-310.pyc
[0.603s] byte-compiling /home/ste/turtlebot_workspace/install/turtlebot_controller/lib/python3.10/site-packages/script_python/turtle_distance_publisher.py to turtle_distance_publisher.cpython-310.pyc
[0.603s] running install_data
[0.603s] copying resource/turtlebot_controller -> /home/ste/turtlebot_workspace/install/turtlebot_controller/share/ament_index/resource_index/packages
[0.603s] copying package.xml -> /home/ste/turtlebot_workspace/install/turtlebot_controller/share/turtlebot_controller
[0.604s] copying params/nav2_multirobot_params_2.yaml -> /home/ste/turtlebot_workspace/install/turtlebot_controller/share/turtlebot_controller/params
[0.604s] copying params/nav2_params.yaml -> /home/ste/turtlebot_workspace/install/turtlebot_controller/share/turtlebot_controller/params
[0.604s] copying params/nav2_multirobot_params_all.yaml -> /home/ste/turtlebot_workspace/install/turtlebot_controller/share/turtlebot_controller/params
[0.604s] copying params/nav2_multirobot_params_1.yaml -> /home/ste/turtlebot_workspace/install/turtlebot_controller/share/turtlebot_controller/params
[0.604s] copying urdf/turtlebot3_waffle.urdf -> /home/ste/turtlebot_workspace/install/turtlebot_controller/share/turtlebot_controller/urdf
[0.604s] copying worlds/waffle.model -> /home/ste/turtlebot_workspace/install/turtlebot_controller/share/turtlebot_controller/worlds
[0.604s] copying worlds/world_only.model -> /home/ste/turtlebot_workspace/install/turtlebot_controller/share/turtlebot_controller/worlds
[0.605s] copying worlds/world_planimetria.model -> /home/ste/turtlebot_workspace/install/turtlebot_controller/share/turtlebot_controller/worlds
[0.605s] copying rviz/nav2_default_view.rviz -> /home/ste/turtlebot_workspace/install/turtlebot_controller/share/turtlebot_controller/rviz
[0.605s] copying rviz/nav2_namespaced_view.rviz -> /home/ste/turtlebot_workspace/install/turtlebot_controller/share/turtlebot_controller/rviz
[0.605s] running install_egg_info
[0.606s] removing '/home/ste/turtlebot_workspace/install/turtlebot_controller/lib/python3.10/site-packages/turtlebot_controller-0.0.0-py3.10.egg-info' (and everything under it)
[0.606s] Copying ../../build/turtlebot_controller/turtlebot_controller.egg-info to /home/ste/turtlebot_workspace/install/turtlebot_controller/lib/python3.10/site-packages/turtlebot_controller-0.0.0-py3.10.egg-info
[0.607s] running install_scripts
[0.621s] Installing move_turtle script to /home/ste/turtlebot_workspace/install/turtlebot_controller/lib/turtlebot_controller
[0.621s] Installing move_turtle_AB script to /home/ste/turtlebot_workspace/install/turtlebot_controller/lib/turtlebot_controller
[0.622s] Installing turtle_csv_handler script to /home/ste/turtlebot_workspace/install/turtlebot_controller/lib/turtlebot_controller
[0.622s] Installing turtle_distance_publisher script to /home/ste/turtlebot_workspace/install/turtlebot_controller/lib/turtlebot_controller
[0.622s] Installing turtle_move_status_data script to /home/ste/turtlebot_workspace/install/turtlebot_controller/lib/turtlebot_controller
[0.622s] Installing turtle_position_data script to /home/ste/turtlebot_workspace/install/turtlebot_controller/lib/turtlebot_controller
[0.622s] Installing turtle_velocity_data script to /home/ste/turtlebot_workspace/install/turtlebot_controller/lib/turtlebot_controller
[0.622s] writing list of installed files to '/home/ste/turtlebot_workspace/build/turtlebot_controller/install.log'
[0.641s] Invoked command in '/home/ste/turtlebot_workspace/src/turtlebot_controller' returned '0': PYTHONPATH=/home/ste/turtlebot_workspace/build/turtlebot_controller/prefix_override:/usr/lib/python3/dist-packages/colcon_core/task/python/colcon_distutils_commands:/home/ste/turtlebot_workspace/install/turtlebot_controller/lib/python3.10/site-packages:${PYTHONPATH} /usr/bin/python3 -W ignore:setup.py install is deprecated setup.py egg_info --egg-base ../../build/turtlebot_controller build --build-base /home/ste/turtlebot_workspace/build/turtlebot_controller/build install --record /home/ste/turtlebot_workspace/build/turtlebot_controller/install.log --single-version-externally-managed install_data
