[1.149s] Invoking command in '/home/ste/my_ros2_ws/src/turtlebot_controller': PYTHONPATH=/home/ste/my_ros2_ws/build/turtlebot_controller/prefix_override:/usr/lib/python3/dist-packages/colcon_core/task/python/colcon_distutils_commands:/home/ste/my_ros2_ws/install/turtlebot_controller/lib/python3.10/site-packages:${PYTHONPATH} /usr/bin/python3 -W ignore:setup.py install is deprecated setup.py egg_info --egg-base ../../build/turtlebot_controller build --build-base /home/ste/my_ros2_ws/build/turtlebot_controller/build install --record /home/ste/my_ros2_ws/build/turtlebot_controller/install.log --single-version-externally-managed install_data
[1.436s] running egg_info
[1.437s] writing ../../build/turtlebot_controller/turtlebot_controller.egg-info/PKG-INFO
[1.452s] writing dependency_links to ../../build/turtlebot_controller/turtlebot_controller.egg-info/dependency_links.txt
[1.453s] writing entry points to ../../build/turtlebot_controller/turtlebot_controller.egg-info/entry_points.txt
[1.453s] writing requirements to ../../build/turtlebot_controller/turtlebot_controller.egg-info/requires.txt
[1.453s] writing top-level names to ../../build/turtlebot_controller/turtlebot_controller.egg-info/top_level.txt
[1.456s] reading manifest file '../../build/turtlebot_controller/turtlebot_controller.egg-info/SOURCES.txt'
[1.458s] writing manifest file '../../build/turtlebot_controller/turtlebot_controller.egg-info/SOURCES.txt'
[1.458s] running build
[1.458s] running build_py
[1.462s] running install
[1.463s] running install_lib
[1.466s] running install_data
[1.468s] running install_egg_info
[1.470s] removing '/home/ste/my_ros2_ws/install/turtlebot_controller/lib/python3.10/site-packages/turtlebot_controller-0.0.0-py3.10.egg-info' (and everything under it)
[1.472s] Copying ../../build/turtlebot_controller/turtlebot_controller.egg-info to /home/ste/my_ros2_ws/install/turtlebot_controller/lib/python3.10/site-packages/turtlebot_controller-0.0.0-py3.10.egg-info
[1.475s] running install_scripts
[1.500s] Installing move_turtlebot script to /home/ste/my_ros2_ws/install/turtlebot_controller/lib/turtlebot_controller
[1.501s] writing list of installed files to '/home/ste/my_ros2_ws/build/turtlebot_controller/install.log'
[1.533s] Invoked command in '/home/ste/my_ros2_ws/src/turtlebot_controller' returned '0': PYTHONPATH=/home/ste/my_ros2_ws/build/turtlebot_controller/prefix_override:/usr/lib/python3/dist-packages/colcon_core/task/python/colcon_distutils_commands:/home/ste/my_ros2_ws/install/turtlebot_controller/lib/python3.10/site-packages:${PYTHONPATH} /usr/bin/python3 -W ignore:setup.py install is deprecated setup.py egg_info --egg-base ../../build/turtlebot_controller build --build-base /home/ste/my_ros2_ws/build/turtlebot_controller/build install --record /home/ste/my_ros2_ws/build/turtlebot_controller/install.log --single-version-externally-managed install_data
