[0.989s] Invoking command in '/home/leo/Desktop/24 novembre/Vocal_Workspace/build/turtlebot_controller': PYTHONPATH=/home/leo/Desktop/24 novembre/Vocal_Workspace/build/turtlebot_controller/prefix_override:/usr/lib/python3/dist-packages/colcon_core/task/python/colcon_distutils_commands:/home/leo/Desktop/24 novembre/Vocal_Workspace/install/turtlebot_controller/lib/python3.10/site-packages:${PYTHONPATH} /usr/bin/python3 -W ignore:setup.py install is deprecated -W ignore:easy_install command is deprecated setup.py develop --editable --build-directory /home/leo/Desktop/24 novembre/Vocal_Workspace/build/turtlebot_controller/build --no-deps symlink_data
[1.469s] running develop
[1.737s] running egg_info
[1.737s] writing turtlebot_controller.egg-info/PKG-INFO
[1.737s] writing dependency_links to turtlebot_controller.egg-info/dependency_links.txt
[1.738s] writing entry points to turtlebot_controller.egg-info/entry_points.txt
[1.738s] writing requirements to turtlebot_controller.egg-info/requires.txt
[1.738s] writing top-level names to turtlebot_controller.egg-info/top_level.txt
[1.741s] reading manifest file 'turtlebot_controller.egg-info/SOURCES.txt'
[1.743s] writing manifest file 'turtlebot_controller.egg-info/SOURCES.txt'
[1.746s] running build_ext
[1.746s] Creating /home/leo/Desktop/24 novembre/Vocal_Workspace/install/turtlebot_controller/lib/python3.10/site-packages/turtlebot-controller.egg-link (link to .)
[1.748s] Installing move_turtle script to /home/leo/Desktop/24 novembre/Vocal_Workspace/install/turtlebot_controller/lib/turtlebot_controller
[1.748s] Installing move_turtle_AB script to /home/leo/Desktop/24 novembre/Vocal_Workspace/install/turtlebot_controller/lib/turtlebot_controller
[1.748s] Installing turtle_csv_handler script to /home/leo/Desktop/24 novembre/Vocal_Workspace/install/turtlebot_controller/lib/turtlebot_controller
[1.748s] Installing turtle_distance_publisher script to /home/leo/Desktop/24 novembre/Vocal_Workspace/install/turtlebot_controller/lib/turtlebot_controller
[1.749s] Installing turtle_move_status_data script to /home/leo/Desktop/24 novembre/Vocal_Workspace/install/turtlebot_controller/lib/turtlebot_controller
[1.749s] Installing turtle_position_data script to /home/leo/Desktop/24 novembre/Vocal_Workspace/install/turtlebot_controller/lib/turtlebot_controller
[1.749s] Installing turtle_velocity_data script to /home/leo/Desktop/24 novembre/Vocal_Workspace/install/turtlebot_controller/lib/turtlebot_controller
[1.750s] Installing voice_interface script to /home/leo/Desktop/24 novembre/Vocal_Workspace/install/turtlebot_controller/lib/turtlebot_controller
[1.750s] 
[1.750s] Installed /home/leo/Desktop/24 novembre/Vocal_Workspace/build/turtlebot_controller
[1.750s] running symlink_data
[1.795s] Invoked command in '/home/leo/Desktop/24 novembre/Vocal_Workspace/build/turtlebot_controller' returned '0': PYTHONPATH=/home/leo/Desktop/24 novembre/Vocal_Workspace/build/turtlebot_controller/prefix_override:/usr/lib/python3/dist-packages/colcon_core/task/python/colcon_distutils_commands:/home/leo/Desktop/24 novembre/Vocal_Workspace/install/turtlebot_controller/lib/python3.10/site-packages:${PYTHONPATH} /usr/bin/python3 -W ignore:setup.py install is deprecated -W ignore:easy_install command is deprecated setup.py develop --editable --build-directory /home/leo/Desktop/24 novembre/Vocal_Workspace/build/turtlebot_controller/build --no-deps symlink_data
