[0.592s] Invoking command in '/home/ste/my_ros2_ws/src/turtlebot_controller': PYTHONPATH=/home/ste/my_ros2_ws/build/turtlebot_controller/prefix_override:/usr/lib/python3/dist-packages/colcon_core/task/python/colcon_distutils_commands:/home/ste/my_ros2_ws/install/turtlebot_controller/lib/python3.10/site-packages:${PYTHONPATH} /usr/bin/python3 -W ignore:setup.py install is deprecated setup.py egg_info --egg-base ../../build/turtlebot_controller build --build-base /home/ste/my_ros2_ws/build/turtlebot_controller/build install --record /home/ste/my_ros2_ws/build/turtlebot_controller/install.log --single-version-externally-managed install_data
[0.751s] running egg_info
[0.751s] creating ../../build/turtlebot_controller/turtlebot_controller.egg-info
[0.751s] writing ../../build/turtlebot_controller/turtlebot_controller.egg-info/PKG-INFO
[0.752s] writing dependency_links to ../../build/turtlebot_controller/turtlebot_controller.egg-info/dependency_links.txt
[0.752s] writing entry points to ../../build/turtlebot_controller/turtlebot_controller.egg-info/entry_points.txt
[0.752s] writing requirements to ../../build/turtlebot_controller/turtlebot_controller.egg-info/requires.txt
[0.752s] writing top-level names to ../../build/turtlebot_controller/turtlebot_controller.egg-info/top_level.txt
[0.752s] writing manifest file '../../build/turtlebot_controller/turtlebot_controller.egg-info/SOURCES.txt'
[0.754s] reading manifest file '../../build/turtlebot_controller/turtlebot_controller.egg-info/SOURCES.txt'
[0.755s] writing manifest file '../../build/turtlebot_controller/turtlebot_controller.egg-info/SOURCES.txt'
[0.755s] running build
[0.755s] running build_py
[0.755s] creating /home/ste/my_ros2_ws/build/turtlebot_controller/build
[0.755s] creating /home/ste/my_ros2_ws/build/turtlebot_controller/build/lib
[0.756s] creating /home/ste/my_ros2_ws/build/turtlebot_controller/build/lib/turtlebot_controller
[0.756s] copying turtlebot_controller/__init__.py -> /home/ste/my_ros2_ws/build/turtlebot_controller/build/lib/turtlebot_controller
[0.756s] copying turtlebot_controller/move_turtlebot.py -> /home/ste/my_ros2_ws/build/turtlebot_controller/build/lib/turtlebot_controller
[0.756s] running install
[0.756s] running install_lib
[0.757s] creating /home/ste/my_ros2_ws/install/turtlebot_controller/lib/python3.10/site-packages/turtlebot_controller
[0.757s] copying /home/ste/my_ros2_ws/build/turtlebot_controller/build/lib/turtlebot_controller/__init__.py -> /home/ste/my_ros2_ws/install/turtlebot_controller/lib/python3.10/site-packages/turtlebot_controller
[0.757s] copying /home/ste/my_ros2_ws/build/turtlebot_controller/build/lib/turtlebot_controller/move_turtlebot.py -> /home/ste/my_ros2_ws/install/turtlebot_controller/lib/python3.10/site-packages/turtlebot_controller
[0.758s] byte-compiling /home/ste/my_ros2_ws/install/turtlebot_controller/lib/python3.10/site-packages/turtlebot_controller/__init__.py to __init__.cpython-310.pyc
[0.758s] byte-compiling /home/ste/my_ros2_ws/install/turtlebot_controller/lib/python3.10/site-packages/turtlebot_controller/move_turtlebot.py to move_turtlebot.cpython-310.pyc
[0.758s] running install_data
[0.759s] creating /home/ste/my_ros2_ws/install/turtlebot_controller/share/ament_index
[0.759s] creating /home/ste/my_ros2_ws/install/turtlebot_controller/share/ament_index/resource_index
[0.759s] creating /home/ste/my_ros2_ws/install/turtlebot_controller/share/ament_index/resource_index/packages
[0.759s] copying resource/turtlebot_controller -> /home/ste/my_ros2_ws/install/turtlebot_controller/share/ament_index/resource_index/packages
[0.759s] copying package.xml -> /home/ste/my_ros2_ws/install/turtlebot_controller/share/turtlebot_controller
[0.760s] running install_egg_info
[0.760s] Copying ../../build/turtlebot_controller/turtlebot_controller.egg-info to /home/ste/my_ros2_ws/install/turtlebot_controller/lib/python3.10/site-packages/turtlebot_controller-0.0.0-py3.10.egg-info
[0.761s] running install_scripts
[0.774s] Installing move_turtlebot script to /home/ste/my_ros2_ws/install/turtlebot_controller/lib/turtlebot_controller
[0.775s] writing list of installed files to '/home/ste/my_ros2_ws/build/turtlebot_controller/install.log'
[0.793s] Invoked command in '/home/ste/my_ros2_ws/src/turtlebot_controller' returned '0': PYTHONPATH=/home/ste/my_ros2_ws/build/turtlebot_controller/prefix_override:/usr/lib/python3/dist-packages/colcon_core/task/python/colcon_distutils_commands:/home/ste/my_ros2_ws/install/turtlebot_controller/lib/python3.10/site-packages:${PYTHONPATH} /usr/bin/python3 -W ignore:setup.py install is deprecated setup.py egg_info --egg-base ../../build/turtlebot_controller build --build-base /home/ste/my_ros2_ws/build/turtlebot_controller/build install --record /home/ste/my_ros2_ws/build/turtlebot_controller/install.log --single-version-externally-managed install_data
