[0.789s] Invoking command in '/home/ste/turtlebot_workspace/src/turtlebot_controller': PYTHONPATH=/home/ste/turtlebot_workspace/build/turtlebot_controller/prefix_override:/usr/lib/python3/dist-packages/colcon_core/task/python/colcon_distutils_commands:/home/ste/turtlebot_workspace/install/turtlebot_controller/lib/python3.10/site-packages:${PYTHONPATH} /usr/bin/python3 -W ignore:setup.py install is deprecated setup.py egg_info --egg-base ../../build/turtlebot_controller build --build-base /home/ste/turtlebot_workspace/build/turtlebot_controller/build install --record /home/ste/turtlebot_workspace/build/turtlebot_controller/install.log --single-version-externally-managed install_data
[1.124s] running egg_info
[1.126s] writing ../../build/turtlebot_controller/turtlebot_controller.egg-info/PKG-INFO
[1.127s] writing dependency_links to ../../build/turtlebot_controller/turtlebot_controller.egg-info/dependency_links.txt
[1.127s] writing entry points to ../../build/turtlebot_controller/turtlebot_controller.egg-info/entry_points.txt
[1.128s] writing requirements to ../../build/turtlebot_controller/turtlebot_controller.egg-info/requires.txt
[1.128s] writing top-level names to ../../build/turtlebot_controller/turtlebot_controller.egg-info/top_level.txt
[1.130s] reading manifest file '../../build/turtlebot_controller/turtlebot_controller.egg-info/SOURCES.txt'
[1.132s] writing manifest file '../../build/turtlebot_controller/turtlebot_controller.egg-info/SOURCES.txt'
[1.132s] running build
[1.132s] running build_py
[1.133s] running install
[1.133s] running install_lib
[1.136s] running install_data
[1.137s] running install_egg_info
[1.139s] removing '/home/ste/turtlebot_workspace/install/turtlebot_controller/lib/python3.10/site-packages/turtlebot_controller-0.0.0-py3.10.egg-info' (and everything under it)
[1.140s] Copying ../../build/turtlebot_controller/turtlebot_controller.egg-info to /home/ste/turtlebot_workspace/install/turtlebot_controller/lib/python3.10/site-packages/turtlebot_controller-0.0.0-py3.10.egg-info
[1.142s] running install_scripts
[1.169s] Installing move_turtle script to /home/ste/turtlebot_workspace/install/turtlebot_controller/lib/turtlebot_controller
[1.170s] Installing move_turtle_AB script to /home/ste/turtlebot_workspace/install/turtlebot_controller/lib/turtlebot_controller
[1.170s] Installing turtle_csv_handler script to /home/ste/turtlebot_workspace/install/turtlebot_controller/lib/turtlebot_controller
[1.170s] Installing turtle_distance_publisher script to /home/ste/turtlebot_workspace/install/turtlebot_controller/lib/turtlebot_controller
[1.171s] Installing turtle_move_status_data script to /home/ste/turtlebot_workspace/install/turtlebot_controller/lib/turtlebot_controller
[1.171s] Installing turtle_position_data script to /home/ste/turtlebot_workspace/install/turtlebot_controller/lib/turtlebot_controller
[1.171s] Installing turtle_velocity_data script to /home/ste/turtlebot_workspace/install/turtlebot_controller/lib/turtlebot_controller
[1.172s] writing list of installed files to '/home/ste/turtlebot_workspace/build/turtlebot_controller/install.log'
[1.200s] Invoked command in '/home/ste/turtlebot_workspace/src/turtlebot_controller' returned '0': PYTHONPATH=/home/ste/turtlebot_workspace/build/turtlebot_controller/prefix_override:/usr/lib/python3/dist-packages/colcon_core/task/python/colcon_distutils_commands:/home/ste/turtlebot_workspace/install/turtlebot_controller/lib/python3.10/site-packages:${PYTHONPATH} /usr/bin/python3 -W ignore:setup.py install is deprecated setup.py egg_info --egg-base ../../build/turtlebot_controller build --build-base /home/ste/turtlebot_workspace/build/turtlebot_controller/build install --record /home/ste/turtlebot_workspace/build/turtlebot_controller/install.log --single-version-externally-managed install_data
