[0.494s] DEBUG:colcon:Command line arguments: ['/usr/bin/colcon', 'build', '--symlink-install']
[0.494s] DEBUG:colcon:Parsed command line arguments: Namespace(log_base=None, log_level=None, verb_name='build', build_base='build', install_base='install', merge_install=False, symlink_install=True, test_result_base=None, continue_on_error=False, executor='parallel', parallel_workers=4, event_handlers=None, ignore_user_meta=False, metas=['./colcon.meta'], base_paths=['.'], packages_ignore=None, packages_ignore_regex=None, paths=None, packages_up_to=None, packages_up_to_regex=None, packages_above=None, packages_above_and_dependencies=None, packages_above_depth=None, packages_select_by_dep=None, packages_skip_by_dep=None, packages_skip_up_to=None, packages_select_build_failed=False, packages_skip_build_finished=False, packages_select_test_failures=False, packages_skip_test_passed=False, packages_select=None, packages_skip=None, packages_select_regex=None, packages_skip_regex=None, packages_start=None, packages_end=None, allow_overriding=[], cmake_args=None, cmake_target=None, cmake_target_skip_unavailable=False, cmake_clean_cache=False, cmake_clean_first=False, cmake_force_configure=False, ament_cmake_args=None, catkin_cmake_args=None, catkin_skip_building_tests=False, mixin_files=None, mixin=None, verb_parser=<colcon_mixin.mixin.mixin_argument.MixinArgumentDecorator object at 0x70d9a89697b0>, verb_extension=<colcon_core.verb.build.BuildVerb object at 0x70d9a89691e0>, main=<bound method BuildVerb.main of <colcon_core.verb.build.BuildVerb object at 0x70d9a89691e0>>, mixin_verb=('build',))
[1.241s] Level 1:colcon.colcon_core.package_discovery:discover_packages(colcon_meta) check parameters
[1.242s] Level 1:colcon.colcon_core.package_discovery:discover_packages(recursive) check parameters
[1.242s] Level 1:colcon.colcon_core.package_discovery:discover_packages(ignore) check parameters
[1.242s] Level 1:colcon.colcon_core.package_discovery:discover_packages(path) check parameters
[1.242s] Level 1:colcon.colcon_core.package_discovery:discover_packages(colcon_meta) discover
[1.243s] Level 1:colcon.colcon_core.package_discovery:discover_packages(recursive) discover
[1.243s] INFO:colcon.colcon_core.package_discovery:Crawling recursively for packages in '/home/leo/Desktop/turtlebot_workspace_vocale'
[1.244s] Level 1:colcon.colcon_core.package_identification:_identify(.) by extensions ['ignore', 'ignore_ament_install']
[1.244s] Level 1:colcon.colcon_core.package_identification:_identify(.) by extension 'ignore'
[1.245s] Level 1:colcon.colcon_core.package_identification:_identify(.) by extension 'ignore_ament_install'
[1.245s] Level 1:colcon.colcon_core.package_identification:_identify(.) by extensions ['colcon_pkg']
[1.246s] Level 1:colcon.colcon_core.package_identification:_identify(.) by extension 'colcon_pkg'
[1.246s] Level 1:colcon.colcon_core.package_identification:_identify(.) by extensions ['colcon_meta']
[1.246s] Level 1:colcon.colcon_core.package_identification:_identify(.) by extension 'colcon_meta'
[1.246s] Level 1:colcon.colcon_core.package_identification:_identify(.) by extensions ['ros']
[1.246s] Level 1:colcon.colcon_core.package_identification:_identify(.) by extension 'ros'
[1.405s] Level 1:colcon.colcon_core.package_identification:_identify(.) by extensions ['cmake', 'python']
[1.406s] Level 1:colcon.colcon_core.package_identification:_identify(.) by extension 'cmake'
[1.406s] Level 1:colcon.colcon_core.package_identification:_identify(.) by extension 'python'
[1.406s] Level 1:colcon.colcon_core.package_identification:_identify(.) by extensions ['python_setup_py']
[1.406s] Level 1:colcon.colcon_core.package_identification:_identify(.) by extension 'python_setup_py'
[1.407s] Level 1:colcon.colcon_core.package_identification:_identify(avvio) by extensions ['ignore', 'ignore_ament_install']
[1.407s] Level 1:colcon.colcon_core.package_identification:_identify(avvio) by extension 'ignore'
[1.407s] Level 1:colcon.colcon_core.package_identification:_identify(avvio) by extension 'ignore_ament_install'
[1.408s] Level 1:colcon.colcon_core.package_identification:_identify(avvio) by extensions ['colcon_pkg']
[1.408s] Level 1:colcon.colcon_core.package_identification:_identify(avvio) by extension 'colcon_pkg'
[1.408s] Level 1:colcon.colcon_core.package_identification:_identify(avvio) by extensions ['colcon_meta']
[1.408s] Level 1:colcon.colcon_core.package_identification:_identify(avvio) by extension 'colcon_meta'
[1.408s] Level 1:colcon.colcon_core.package_identification:_identify(avvio) by extensions ['ros']
[1.409s] Level 1:colcon.colcon_core.package_identification:_identify(avvio) by extension 'ros'
[1.409s] Level 1:colcon.colcon_core.package_identification:_identify(avvio) by extensions ['cmake', 'python']
[1.409s] Level 1:colcon.colcon_core.package_identification:_identify(avvio) by extension 'cmake'
[1.409s] Level 1:colcon.colcon_core.package_identification:_identify(avvio) by extension 'python'
[1.409s] Level 1:colcon.colcon_core.package_identification:_identify(avvio) by extensions ['python_setup_py']
[1.410s] Level 1:colcon.colcon_core.package_identification:_identify(avvio) by extension 'python_setup_py'
[1.410s] Level 1:colcon.colcon_core.package_identification:_identify(build) by extensions ['ignore', 'ignore_ament_install']
[1.410s] Level 1:colcon.colcon_core.package_identification:_identify(build) by extension 'ignore'
[1.410s] Level 1:colcon.colcon_core.package_identification:_identify(build) ignored
[1.411s] Level 1:colcon.colcon_core.package_identification:_identify(install) by extensions ['ignore', 'ignore_ament_install']
[1.412s] Level 1:colcon.colcon_core.package_identification:_identify(install) by extension 'ignore'
[1.412s] Level 1:colcon.colcon_core.package_identification:_identify(install) ignored
[1.414s] Level 1:colcon.colcon_core.package_identification:_identify(log) by extensions ['ignore', 'ignore_ament_install']
[1.415s] Level 1:colcon.colcon_core.package_identification:_identify(log) by extension 'ignore'
[1.415s] Level 1:colcon.colcon_core.package_identification:_identify(log) ignored
[1.416s] Level 1:colcon.colcon_core.package_identification:_identify(maps) by extensions ['ignore', 'ignore_ament_install']
[1.416s] Level 1:colcon.colcon_core.package_identification:_identify(maps) by extension 'ignore'
[1.417s] Level 1:colcon.colcon_core.package_identification:_identify(maps) by extension 'ignore_ament_install'
[1.417s] Level 1:colcon.colcon_core.package_identification:_identify(maps) by extensions ['colcon_pkg']
[1.417s] Level 1:colcon.colcon_core.package_identification:_identify(maps) by extension 'colcon_pkg'
[1.418s] Level 1:colcon.colcon_core.package_identification:_identify(maps) by extensions ['colcon_meta']
[1.418s] Level 1:colcon.colcon_core.package_identification:_identify(maps) by extension 'colcon_meta'
[1.418s] Level 1:colcon.colcon_core.package_identification:_identify(maps) by extensions ['ros']
[1.418s] Level 1:colcon.colcon_core.package_identification:_identify(maps) by extension 'ros'
[1.419s] Level 1:colcon.colcon_core.package_identification:_identify(maps) by extensions ['cmake', 'python']
[1.419s] Level 1:colcon.colcon_core.package_identification:_identify(maps) by extension 'cmake'
[1.419s] Level 1:colcon.colcon_core.package_identification:_identify(maps) by extension 'python'
[1.420s] Level 1:colcon.colcon_core.package_identification:_identify(maps) by extensions ['python_setup_py']
[1.420s] Level 1:colcon.colcon_core.package_identification:_identify(maps) by extension 'python_setup_py'
[1.421s] Level 1:colcon.colcon_core.package_identification:_identify(maps/mappe_ste) by extensions ['ignore', 'ignore_ament_install']
[1.421s] Level 1:colcon.colcon_core.package_identification:_identify(maps/mappe_ste) by extension 'ignore'
[1.421s] Level 1:colcon.colcon_core.package_identification:_identify(maps/mappe_ste) by extension 'ignore_ament_install'
[1.422s] Level 1:colcon.colcon_core.package_identification:_identify(maps/mappe_ste) by extensions ['colcon_pkg']
[1.422s] Level 1:colcon.colcon_core.package_identification:_identify(maps/mappe_ste) by extension 'colcon_pkg'
[1.422s] Level 1:colcon.colcon_core.package_identification:_identify(maps/mappe_ste) by extensions ['colcon_meta']
[1.422s] Level 1:colcon.colcon_core.package_identification:_identify(maps/mappe_ste) by extension 'colcon_meta'
[1.423s] Level 1:colcon.colcon_core.package_identification:_identify(maps/mappe_ste) by extensions ['ros']
[1.423s] Level 1:colcon.colcon_core.package_identification:_identify(maps/mappe_ste) by extension 'ros'
[1.423s] Level 1:colcon.colcon_core.package_identification:_identify(maps/mappe_ste) by extensions ['cmake', 'python']
[1.424s] Level 1:colcon.colcon_core.package_identification:_identify(maps/mappe_ste) by extension 'cmake'
[1.424s] Level 1:colcon.colcon_core.package_identification:_identify(maps/mappe_ste) by extension 'python'
[1.424s] Level 1:colcon.colcon_core.package_identification:_identify(maps/mappe_ste) by extensions ['python_setup_py']
[1.424s] Level 1:colcon.colcon_core.package_identification:_identify(maps/mappe_ste) by extension 'python_setup_py'
[1.425s] Level 1:colcon.colcon_core.package_identification:_identify(src) by extensions ['ignore', 'ignore_ament_install']
[1.426s] Level 1:colcon.colcon_core.package_identification:_identify(src) by extension 'ignore'
[1.426s] Level 1:colcon.colcon_core.package_identification:_identify(src) by extension 'ignore_ament_install'
[1.426s] Level 1:colcon.colcon_core.package_identification:_identify(src) by extensions ['colcon_pkg']
[1.426s] Level 1:colcon.colcon_core.package_identification:_identify(src) by extension 'colcon_pkg'
[1.427s] Level 1:colcon.colcon_core.package_identification:_identify(src) by extensions ['colcon_meta']
[1.427s] Level 1:colcon.colcon_core.package_identification:_identify(src) by extension 'colcon_meta'
[1.427s] Level 1:colcon.colcon_core.package_identification:_identify(src) by extensions ['ros']
[1.427s] Level 1:colcon.colcon_core.package_identification:_identify(src) by extension 'ros'
[1.428s] Level 1:colcon.colcon_core.package_identification:_identify(src) by extensions ['cmake', 'python']
[1.428s] Level 1:colcon.colcon_core.package_identification:_identify(src) by extension 'cmake'
[1.428s] Level 1:colcon.colcon_core.package_identification:_identify(src) by extension 'python'
[1.429s] Level 1:colcon.colcon_core.package_identification:_identify(src) by extensions ['python_setup_py']
[1.429s] Level 1:colcon.colcon_core.package_identification:_identify(src) by extension 'python_setup_py'
[1.430s] Level 1:colcon.colcon_core.package_identification:_identify(src/build) by extensions ['ignore', 'ignore_ament_install']
[1.430s] Level 1:colcon.colcon_core.package_identification:_identify(src/build) by extension 'ignore'
[1.430s] Level 1:colcon.colcon_core.package_identification:_identify(src/build) ignored
[1.431s] Level 1:colcon.colcon_core.package_identification:_identify(src/install) by extensions ['ignore', 'ignore_ament_install']
[1.431s] Level 1:colcon.colcon_core.package_identification:_identify(src/install) by extension 'ignore'
[1.432s] Level 1:colcon.colcon_core.package_identification:_identify(src/install) ignored
[1.432s] Level 1:colcon.colcon_core.package_identification:_identify(src/log) by extensions ['ignore', 'ignore_ament_install']
[1.433s] Level 1:colcon.colcon_core.package_identification:_identify(src/log) by extension 'ignore'
[1.433s] Level 1:colcon.colcon_core.package_identification:_identify(src/log) ignored
[1.434s] Level 1:colcon.colcon_core.package_identification:_identify(src/turtlebot_controller) by extensions ['ignore', 'ignore_ament_install']
[1.434s] Level 1:colcon.colcon_core.package_identification:_identify(src/turtlebot_controller) by extension 'ignore'
[1.434s] Level 1:colcon.colcon_core.package_identification:_identify(src/turtlebot_controller) by extension 'ignore_ament_install'
[1.435s] Level 1:colcon.colcon_core.package_identification:_identify(src/turtlebot_controller) by extensions ['colcon_pkg']
[1.435s] Level 1:colcon.colcon_core.package_identification:_identify(src/turtlebot_controller) by extension 'colcon_pkg'
[1.435s] Level 1:colcon.colcon_core.package_identification:_identify(src/turtlebot_controller) by extensions ['colcon_meta']
[1.436s] Level 1:colcon.colcon_core.package_identification:_identify(src/turtlebot_controller) by extension 'colcon_meta'
[1.436s] Level 1:colcon.colcon_core.package_identification:_identify(src/turtlebot_controller) by extensions ['ros']
[1.436s] Level 1:colcon.colcon_core.package_identification:_identify(src/turtlebot_controller) by extension 'ros'
[1.452s] DEBUG:colcon.colcon_core.package_identification:Package 'src/turtlebot_controller' with type 'ros.ament_python' and name 'turtlebot_controller'
[1.452s] Level 1:colcon.colcon_core.package_discovery:discover_packages(recursive) using defaults
[1.452s] Level 1:colcon.colcon_core.package_discovery:discover_packages(ignore) discover
[1.453s] Level 1:colcon.colcon_core.package_discovery:discover_packages(ignore) using defaults
[1.453s] Level 1:colcon.colcon_core.package_discovery:discover_packages(path) discover
[1.453s] Level 1:colcon.colcon_core.package_discovery:discover_packages(path) using defaults
[1.553s] Level 1:colcon.colcon_core.package_discovery:discover_packages(prefix_path) check parameters
[1.554s] Level 1:colcon.colcon_core.package_discovery:discover_packages(prefix_path) discover
[1.569s] DEBUG:colcon.colcon_installed_package_information.package_discovery:Found 323 installed packages in /opt/ros/humble
[1.581s] Level 1:colcon.colcon_core.package_discovery:discover_packages(prefix_path) using defaults
[1.790s] Level 5:colcon.colcon_core.verb:set package 'turtlebot_controller' build argument 'cmake_args' from command line to 'None'
[1.790s] Level 5:colcon.colcon_core.verb:set package 'turtlebot_controller' build argument 'cmake_target' from command line to 'None'
[1.790s] Level 5:colcon.colcon_core.verb:set package 'turtlebot_controller' build argument 'cmake_target_skip_unavailable' from command line to 'False'
[1.790s] Level 5:colcon.colcon_core.verb:set package 'turtlebot_controller' build argument 'cmake_clean_cache' from command line to 'False'
[1.790s] Level 5:colcon.colcon_core.verb:set package 'turtlebot_controller' build argument 'cmake_clean_first' from command line to 'False'
[1.790s] Level 5:colcon.colcon_core.verb:set package 'turtlebot_controller' build argument 'cmake_force_configure' from command line to 'False'
[1.791s] Level 5:colcon.colcon_core.verb:set package 'turtlebot_controller' build argument 'ament_cmake_args' from command line to 'None'
[1.791s] Level 5:colcon.colcon_core.verb:set package 'turtlebot_controller' build argument 'catkin_cmake_args' from command line to 'None'
[1.791s] Level 5:colcon.colcon_core.verb:set package 'turtlebot_controller' build argument 'catkin_skip_building_tests' from command line to 'False'
[1.791s] DEBUG:colcon.colcon_core.verb:Building package 'turtlebot_controller' with the following arguments: {'ament_cmake_args': None, 'build_base': '/home/leo/Desktop/turtlebot_workspace_vocale/build/turtlebot_controller', 'catkin_cmake_args': None, 'catkin_skip_building_tests': False, 'cmake_args': None, 'cmake_clean_cache': False, 'cmake_clean_first': False, 'cmake_force_configure': False, 'cmake_target': None, 'cmake_target_skip_unavailable': False, 'install_base': '/home/leo/Desktop/turtlebot_workspace_vocale/install/turtlebot_controller', 'merge_install': False, 'path': '/home/leo/Desktop/turtlebot_workspace_vocale/src/turtlebot_controller', 'symlink_install': True, 'test_result_base': None}
[1.792s] INFO:colcon.colcon_core.executor:Executing jobs using 'parallel' executor
[1.795s] DEBUG:colcon.colcon_parallel_executor.executor.parallel:run_until_complete
[1.796s] INFO:colcon.colcon_ros.task.ament_python.build:Building ROS package in '/home/leo/Desktop/turtlebot_workspace_vocale/src/turtlebot_controller' with build type 'ament_python'
[1.796s] Level 1:colcon.colcon_core.shell:create_environment_hook('turtlebot_controller', 'ament_prefix_path')
[1.805s] INFO:colcon.colcon_core.plugin_system:Skipping extension 'colcon_core.shell.bat': Not used on non-Windows systems
[1.806s] INFO:colcon.colcon_core.shell:Creating environment hook '/home/leo/Desktop/turtlebot_workspace_vocale/install/turtlebot_controller/share/turtlebot_controller/hook/ament_prefix_path.ps1'
[1.809s] INFO:colcon.colcon_core.shell:Creating environment descriptor '/home/leo/Desktop/turtlebot_workspace_vocale/install/turtlebot_controller/share/turtlebot_controller/hook/ament_prefix_path.dsv'
[1.812s] INFO:colcon.colcon_core.shell:Creating environment hook '/home/leo/Desktop/turtlebot_workspace_vocale/install/turtlebot_controller/share/turtlebot_controller/hook/ament_prefix_path.sh'
[1.815s] INFO:colcon.colcon_core.shell:Skip shell extension 'powershell' for command environment: Not usable outside of PowerShell
[1.815s] DEBUG:colcon.colcon_core.shell:Skip shell extension 'dsv' for command environment
[2.969s] INFO:colcon.colcon_core.task.python.build:Building Python package in '/home/leo/Desktop/turtlebot_workspace_vocale/src/turtlebot_controller'
[2.970s] INFO:colcon.colcon_core.shell:Skip shell extension 'powershell' for command environment: Not usable outside of PowerShell
[2.971s] DEBUG:colcon.colcon_core.shell:Skip shell extension 'dsv' for command environment
[4.316s] DEBUG:colcon.colcon_core.event_handler.log_command:Invoking command in '/home/leo/Desktop/turtlebot_workspace_vocale/build/turtlebot_controller': PYTHONPATH=/home/leo/Desktop/turtlebot_workspace_vocale/build/turtlebot_controller/prefix_override:/usr/lib/python3/dist-packages/colcon_core/task/python/colcon_distutils_commands:/home/leo/Desktop/turtlebot_workspace_vocale/install/turtlebot_controller/lib/python3.10/site-packages:${PYTHONPATH} /usr/bin/python3 -W ignore:setup.py install is deprecated -W ignore:easy_install command is deprecated setup.py develop --editable --build-directory /home/leo/Desktop/turtlebot_workspace_vocale/build/turtlebot_controller/build --no-deps symlink_data
[6.349s] Level 1:colcon.colcon_core.shell:create_environment_hook('turtlebot_controller', 'pythonpath_develop')
[6.350s] INFO:colcon.colcon_core.shell:Creating environment hook '/home/leo/Desktop/turtlebot_workspace_vocale/build/turtlebot_controller/share/turtlebot_controller/hook/pythonpath_develop.ps1'
[6.353s] DEBUG:colcon.colcon_core.event_handler.log_command:Invoked command in '/home/leo/Desktop/turtlebot_workspace_vocale/build/turtlebot_controller' returned '0': PYTHONPATH=/home/leo/Desktop/turtlebot_workspace_vocale/build/turtlebot_controller/prefix_override:/usr/lib/python3/dist-packages/colcon_core/task/python/colcon_distutils_commands:/home/leo/Desktop/turtlebot_workspace_vocale/install/turtlebot_controller/lib/python3.10/site-packages:${PYTHONPATH} /usr/bin/python3 -W ignore:setup.py install is deprecated -W ignore:easy_install command is deprecated setup.py develop --editable --build-directory /home/leo/Desktop/turtlebot_workspace_vocale/build/turtlebot_controller/build --no-deps symlink_data
[6.354s] INFO:colcon.colcon_core.shell:Creating environment descriptor '/home/leo/Desktop/turtlebot_workspace_vocale/build/turtlebot_controller/share/turtlebot_controller/hook/pythonpath_develop.dsv'
[6.356s] INFO:colcon.colcon_core.shell:Creating environment hook '/home/leo/Desktop/turtlebot_workspace_vocale/build/turtlebot_controller/share/turtlebot_controller/hook/pythonpath_develop.sh'
[6.369s] Level 1:colcon.colcon_core.environment:checking '/home/leo/Desktop/turtlebot_workspace_vocale/install/turtlebot_controller' for CMake module files
[6.371s] Level 1:colcon.colcon_core.environment:checking '/home/leo/Desktop/turtlebot_workspace_vocale/install/turtlebot_controller' for CMake config files
[6.375s] Level 1:colcon.colcon_core.environment:checking '/home/leo/Desktop/turtlebot_workspace_vocale/install/turtlebot_controller/lib'
[6.375s] Level 1:colcon.colcon_core.environment:checking '/home/leo/Desktop/turtlebot_workspace_vocale/install/turtlebot_controller/bin'
[6.376s] Level 1:colcon.colcon_core.environment:checking '/home/leo/Desktop/turtlebot_workspace_vocale/install/turtlebot_controller/lib/pkgconfig/turtlebot_controller.pc'
[6.377s] Level 1:colcon.colcon_core.environment:checking '/home/leo/Desktop/turtlebot_workspace_vocale/install/turtlebot_controller/lib/python3.10/site-packages'
[6.377s] Level 1:colcon.colcon_core.shell:create_environment_hook('turtlebot_controller', 'pythonpath')
[6.378s] INFO:colcon.colcon_core.shell:Creating environment hook '/home/leo/Desktop/turtlebot_workspace_vocale/install/turtlebot_controller/share/turtlebot_controller/hook/pythonpath.ps1'
[6.380s] INFO:colcon.colcon_core.shell:Creating environment descriptor '/home/leo/Desktop/turtlebot_workspace_vocale/install/turtlebot_controller/share/turtlebot_controller/hook/pythonpath.dsv'
[6.381s] INFO:colcon.colcon_core.shell:Creating environment hook '/home/leo/Desktop/turtlebot_workspace_vocale/install/turtlebot_controller/share/turtlebot_controller/hook/pythonpath.sh'
[6.384s] Level 1:colcon.colcon_core.environment:checking '/home/leo/Desktop/turtlebot_workspace_vocale/install/turtlebot_controller/bin'
[6.385s] Level 1:colcon.colcon_core.environment:create_environment_scripts_only(turtlebot_controller)
[6.386s] INFO:colcon.colcon_core.shell:Creating package script '/home/leo/Desktop/turtlebot_workspace_vocale/install/turtlebot_controller/share/turtlebot_controller/package.ps1'
[6.390s] INFO:colcon.colcon_core.shell:Creating package descriptor '/home/leo/Desktop/turtlebot_workspace_vocale/install/turtlebot_controller/share/turtlebot_controller/package.dsv'
[6.392s] INFO:colcon.colcon_core.shell:Creating package script '/home/leo/Desktop/turtlebot_workspace_vocale/install/turtlebot_controller/share/turtlebot_controller/package.sh'
[6.395s] INFO:colcon.colcon_core.shell:Creating package script '/home/leo/Desktop/turtlebot_workspace_vocale/install/turtlebot_controller/share/turtlebot_controller/package.bash'
[6.398s] INFO:colcon.colcon_core.shell:Creating package script '/home/leo/Desktop/turtlebot_workspace_vocale/install/turtlebot_controller/share/turtlebot_controller/package.zsh'
[6.402s] Level 1:colcon.colcon_core.environment:create_file_with_runtime_dependencies(/home/leo/Desktop/turtlebot_workspace_vocale/install/turtlebot_controller/share/colcon-core/packages/turtlebot_controller)
[6.404s] DEBUG:colcon.colcon_parallel_executor.executor.parallel:closing loop
[6.405s] DEBUG:colcon.colcon_parallel_executor.executor.parallel:loop closed
[6.405s] DEBUG:colcon.colcon_parallel_executor.executor.parallel:run_until_complete finished with '0'
[6.405s] DEBUG:colcon.colcon_core.event_reactor:joining thread
[6.428s] INFO:colcon.colcon_core.plugin_system:Skipping extension 'colcon_notification.desktop_notification.terminal_notifier': Not used on non-Darwin systems
[6.429s] INFO:colcon.colcon_core.plugin_system:Skipping extension 'colcon_notification.desktop_notification.win32': Not used on non-Windows systems
[6.429s] INFO:colcon.colcon_notification.desktop_notification:Sending desktop notification using 'notify2'
[6.476s] DEBUG:colcon.colcon_core.event_reactor:joined thread
[6.477s] INFO:colcon.colcon_core.shell:Creating prefix script '/home/leo/Desktop/turtlebot_workspace_vocale/install/local_setup.ps1'
[6.481s] INFO:colcon.colcon_core.shell:Creating prefix util module '/home/leo/Desktop/turtlebot_workspace_vocale/install/_local_setup_util_ps1.py'
[6.488s] INFO:colcon.colcon_core.shell:Creating prefix chain script '/home/leo/Desktop/turtlebot_workspace_vocale/install/setup.ps1'
[6.493s] INFO:colcon.colcon_core.shell:Creating prefix script '/home/leo/Desktop/turtlebot_workspace_vocale/install/local_setup.sh'
[6.496s] INFO:colcon.colcon_core.shell:Creating prefix util module '/home/leo/Desktop/turtlebot_workspace_vocale/install/_local_setup_util_sh.py'
[6.499s] INFO:colcon.colcon_core.shell:Creating prefix chain script '/home/leo/Desktop/turtlebot_workspace_vocale/install/setup.sh'
[6.503s] INFO:colcon.colcon_core.shell:Creating prefix script '/home/leo/Desktop/turtlebot_workspace_vocale/install/local_setup.bash'
[6.505s] INFO:colcon.colcon_core.shell:Creating prefix chain script '/home/leo/Desktop/turtlebot_workspace_vocale/install/setup.bash'
[6.509s] INFO:colcon.colcon_core.shell:Creating prefix script '/home/leo/Desktop/turtlebot_workspace_vocale/install/local_setup.zsh'
[6.512s] INFO:colcon.colcon_core.shell:Creating prefix chain script '/home/leo/Desktop/turtlebot_workspace_vocale/install/setup.zsh'
