[0.597s] DEBUG:colcon:Command line arguments: ['/usr/bin/colcon', 'build', '--symlink-install']
[0.598s] DEBUG:colcon:Parsed command line arguments: Namespace(log_base=None, log_level=None, verb_name='build', build_base='build', install_base='install', merge_install=False, symlink_install=True, test_result_base=None, continue_on_error=False, executor='parallel', parallel_workers=4, event_handlers=None, ignore_user_meta=False, metas=['./colcon.meta'], base_paths=['.'], packages_ignore=None, packages_ignore_regex=None, paths=None, packages_up_to=None, packages_up_to_regex=None, packages_above=None, packages_above_and_dependencies=None, packages_above_depth=None, packages_select_by_dep=None, packages_skip_by_dep=None, packages_skip_up_to=None, packages_select_build_failed=False, packages_skip_build_finished=False, packages_select_test_failures=False, packages_skip_test_passed=False, packages_select=None, packages_skip=None, packages_select_regex=None, packages_skip_regex=None, packages_start=None, packages_end=None, allow_overriding=[], cmake_args=None, cmake_target=None, cmake_target_skip_unavailable=False, cmake_clean_cache=False, cmake_clean_first=False, cmake_force_configure=False, ament_cmake_args=None, catkin_cmake_args=None, catkin_skip_building_tests=False, mixin_files=None, mixin=None, verb_parser=<colcon_mixin.mixin.mixin_argument.MixinArgumentDecorator object at 0x7441e0d59b40>, verb_extension=<colcon_core.verb.build.BuildVerb object at 0x7441e0d59570>, main=<bound method BuildVerb.main of <colcon_core.verb.build.BuildVerb object at 0x7441e0d59570>>, mixin_verb=('build',))
[0.992s] Level 1:colcon.colcon_core.package_discovery:discover_packages(colcon_meta) check parameters
[0.992s] Level 1:colcon.colcon_core.package_discovery:discover_packages(recursive) check parameters
[0.992s] Level 1:colcon.colcon_core.package_discovery:discover_packages(ignore) check parameters
[0.992s] Level 1:colcon.colcon_core.package_discovery:discover_packages(path) check parameters
[0.992s] Level 1:colcon.colcon_core.package_discovery:discover_packages(colcon_meta) discover
[0.992s] Level 1:colcon.colcon_core.package_discovery:discover_packages(recursive) discover
[0.993s] INFO:colcon.colcon_core.package_discovery:Crawling recursively for packages in '/home/leo/Desktop/24 novembre/Vocal_Workspace'
[0.993s] Level 1:colcon.colcon_core.package_identification:_identify(.) by extensions ['ignore', 'ignore_ament_install']
[0.993s] Level 1:colcon.colcon_core.package_identification:_identify(.) by extension 'ignore'
[0.993s] Level 1:colcon.colcon_core.package_identification:_identify(.) by extension 'ignore_ament_install'
[0.993s] Level 1:colcon.colcon_core.package_identification:_identify(.) by extensions ['colcon_pkg']
[0.993s] Level 1:colcon.colcon_core.package_identification:_identify(.) by extension 'colcon_pkg'
[0.993s] Level 1:colcon.colcon_core.package_identification:_identify(.) by extensions ['colcon_meta']
[0.993s] Level 1:colcon.colcon_core.package_identification:_identify(.) by extension 'colcon_meta'
[0.993s] Level 1:colcon.colcon_core.package_identification:_identify(.) by extensions ['ros']
[0.993s] Level 1:colcon.colcon_core.package_identification:_identify(.) by extension 'ros'
[1.049s] Level 1:colcon.colcon_core.package_identification:_identify(.) by extensions ['cmake', 'python']
[1.049s] Level 1:colcon.colcon_core.package_identification:_identify(.) by extension 'cmake'
[1.049s] Level 1:colcon.colcon_core.package_identification:_identify(.) by extension 'python'
[1.049s] Level 1:colcon.colcon_core.package_identification:_identify(.) by extensions ['python_setup_py']
[1.049s] Level 1:colcon.colcon_core.package_identification:_identify(.) by extension 'python_setup_py'
[1.050s] Level 1:colcon.colcon_core.package_identification:_identify(avvio) by extensions ['ignore', 'ignore_ament_install']
[1.050s] Level 1:colcon.colcon_core.package_identification:_identify(avvio) by extension 'ignore'
[1.050s] Level 1:colcon.colcon_core.package_identification:_identify(avvio) by extension 'ignore_ament_install'
[1.050s] Level 1:colcon.colcon_core.package_identification:_identify(avvio) by extensions ['colcon_pkg']
[1.050s] Level 1:colcon.colcon_core.package_identification:_identify(avvio) by extension 'colcon_pkg'
[1.050s] Level 1:colcon.colcon_core.package_identification:_identify(avvio) by extensions ['colcon_meta']
[1.050s] Level 1:colcon.colcon_core.package_identification:_identify(avvio) by extension 'colcon_meta'
[1.050s] Level 1:colcon.colcon_core.package_identification:_identify(avvio) by extensions ['ros']
[1.050s] Level 1:colcon.colcon_core.package_identification:_identify(avvio) by extension 'ros'
[1.050s] Level 1:colcon.colcon_core.package_identification:_identify(avvio) by extensions ['cmake', 'python']
[1.050s] Level 1:colcon.colcon_core.package_identification:_identify(avvio) by extension 'cmake'
[1.050s] Level 1:colcon.colcon_core.package_identification:_identify(avvio) by extension 'python'
[1.050s] Level 1:colcon.colcon_core.package_identification:_identify(avvio) by extensions ['python_setup_py']
[1.051s] Level 1:colcon.colcon_core.package_identification:_identify(avvio) by extension 'python_setup_py'
[1.051s] Level 1:colcon.colcon_core.package_identification:_identify(build) by extensions ['ignore', 'ignore_ament_install']
[1.051s] Level 1:colcon.colcon_core.package_identification:_identify(build) by extension 'ignore'
[1.051s] Level 1:colcon.colcon_core.package_identification:_identify(build) ignored
[1.051s] Level 1:colcon.colcon_core.package_identification:_identify(install) by extensions ['ignore', 'ignore_ament_install']
[1.051s] Level 1:colcon.colcon_core.package_identification:_identify(install) by extension 'ignore'
[1.051s] Level 1:colcon.colcon_core.package_identification:_identify(install) ignored
[1.052s] Level 1:colcon.colcon_core.package_identification:_identify(log) by extensions ['ignore', 'ignore_ament_install']
[1.052s] Level 1:colcon.colcon_core.package_identification:_identify(log) by extension 'ignore'
[1.052s] Level 1:colcon.colcon_core.package_identification:_identify(log) ignored
[1.052s] Level 1:colcon.colcon_core.package_identification:_identify(maps) by extensions ['ignore', 'ignore_ament_install']
[1.052s] Level 1:colcon.colcon_core.package_identification:_identify(maps) by extension 'ignore'
[1.052s] Level 1:colcon.colcon_core.package_identification:_identify(maps) by extension 'ignore_ament_install'
[1.052s] Level 1:colcon.colcon_core.package_identification:_identify(maps) by extensions ['colcon_pkg']
[1.052s] Level 1:colcon.colcon_core.package_identification:_identify(maps) by extension 'colcon_pkg'
[1.052s] Level 1:colcon.colcon_core.package_identification:_identify(maps) by extensions ['colcon_meta']
[1.052s] Level 1:colcon.colcon_core.package_identification:_identify(maps) by extension 'colcon_meta'
[1.052s] Level 1:colcon.colcon_core.package_identification:_identify(maps) by extensions ['ros']
[1.053s] Level 1:colcon.colcon_core.package_identification:_identify(maps) by extension 'ros'
[1.053s] Level 1:colcon.colcon_core.package_identification:_identify(maps) by extensions ['cmake', 'python']
[1.053s] Level 1:colcon.colcon_core.package_identification:_identify(maps) by extension 'cmake'
[1.053s] Level 1:colcon.colcon_core.package_identification:_identify(maps) by extension 'python'
[1.053s] Level 1:colcon.colcon_core.package_identification:_identify(maps) by extensions ['python_setup_py']
[1.053s] Level 1:colcon.colcon_core.package_identification:_identify(maps) by extension 'python_setup_py'
[1.053s] Level 1:colcon.colcon_core.package_identification:_identify(maps/mappe_ste) by extensions ['ignore', 'ignore_ament_install']
[1.053s] Level 1:colcon.colcon_core.package_identification:_identify(maps/mappe_ste) by extension 'ignore'
[1.053s] Level 1:colcon.colcon_core.package_identification:_identify(maps/mappe_ste) by extension 'ignore_ament_install'
[1.053s] Level 1:colcon.colcon_core.package_identification:_identify(maps/mappe_ste) by extensions ['colcon_pkg']
[1.054s] Level 1:colcon.colcon_core.package_identification:_identify(maps/mappe_ste) by extension 'colcon_pkg'
[1.054s] Level 1:colcon.colcon_core.package_identification:_identify(maps/mappe_ste) by extensions ['colcon_meta']
[1.054s] Level 1:colcon.colcon_core.package_identification:_identify(maps/mappe_ste) by extension 'colcon_meta'
[1.054s] Level 1:colcon.colcon_core.package_identification:_identify(maps/mappe_ste) by extensions ['ros']
[1.054s] Level 1:colcon.colcon_core.package_identification:_identify(maps/mappe_ste) by extension 'ros'
[1.054s] Level 1:colcon.colcon_core.package_identification:_identify(maps/mappe_ste) by extensions ['cmake', 'python']
[1.054s] Level 1:colcon.colcon_core.package_identification:_identify(maps/mappe_ste) by extension 'cmake'
[1.054s] Level 1:colcon.colcon_core.package_identification:_identify(maps/mappe_ste) by extension 'python'
[1.054s] Level 1:colcon.colcon_core.package_identification:_identify(maps/mappe_ste) by extensions ['python_setup_py']
[1.054s] Level 1:colcon.colcon_core.package_identification:_identify(maps/mappe_ste) by extension 'python_setup_py'
[1.054s] Level 1:colcon.colcon_core.package_identification:_identify(src) by extensions ['ignore', 'ignore_ament_install']
[1.054s] Level 1:colcon.colcon_core.package_identification:_identify(src) by extension 'ignore'
[1.055s] Level 1:colcon.colcon_core.package_identification:_identify(src) by extension 'ignore_ament_install'
[1.055s] Level 1:colcon.colcon_core.package_identification:_identify(src) by extensions ['colcon_pkg']
[1.055s] Level 1:colcon.colcon_core.package_identification:_identify(src) by extension 'colcon_pkg'
[1.055s] Level 1:colcon.colcon_core.package_identification:_identify(src) by extensions ['colcon_meta']
[1.055s] Level 1:colcon.colcon_core.package_identification:_identify(src) by extension 'colcon_meta'
[1.055s] Level 1:colcon.colcon_core.package_identification:_identify(src) by extensions ['ros']
[1.055s] Level 1:colcon.colcon_core.package_identification:_identify(src) by extension 'ros'
[1.055s] Level 1:colcon.colcon_core.package_identification:_identify(src) by extensions ['cmake', 'python']
[1.055s] Level 1:colcon.colcon_core.package_identification:_identify(src) by extension 'cmake'
[1.056s] Level 1:colcon.colcon_core.package_identification:_identify(src) by extension 'python'
[1.056s] Level 1:colcon.colcon_core.package_identification:_identify(src) by extensions ['python_setup_py']
[1.056s] Level 1:colcon.colcon_core.package_identification:_identify(src) by extension 'python_setup_py'
[1.056s] Level 1:colcon.colcon_core.package_identification:_identify(src/build) by extensions ['ignore', 'ignore_ament_install']
[1.056s] Level 1:colcon.colcon_core.package_identification:_identify(src/build) by extension 'ignore'
[1.056s] Level 1:colcon.colcon_core.package_identification:_identify(src/build) ignored
[1.056s] Level 1:colcon.colcon_core.package_identification:_identify(src/install) by extensions ['ignore', 'ignore_ament_install']
[1.056s] Level 1:colcon.colcon_core.package_identification:_identify(src/install) by extension 'ignore'
[1.056s] Level 1:colcon.colcon_core.package_identification:_identify(src/install) ignored
[1.057s] Level 1:colcon.colcon_core.package_identification:_identify(src/log) by extensions ['ignore', 'ignore_ament_install']
[1.057s] Level 1:colcon.colcon_core.package_identification:_identify(src/log) by extension 'ignore'
[1.057s] Level 1:colcon.colcon_core.package_identification:_identify(src/log) ignored
[1.057s] Level 1:colcon.colcon_core.package_identification:_identify(src/turtlebot_controller) by extensions ['ignore', 'ignore_ament_install']
[1.057s] Level 1:colcon.colcon_core.package_identification:_identify(src/turtlebot_controller) by extension 'ignore'
[1.057s] Level 1:colcon.colcon_core.package_identification:_identify(src/turtlebot_controller) by extension 'ignore_ament_install'
[1.057s] Level 1:colcon.colcon_core.package_identification:_identify(src/turtlebot_controller) by extensions ['colcon_pkg']
[1.057s] Level 1:colcon.colcon_core.package_identification:_identify(src/turtlebot_controller) by extension 'colcon_pkg'
[1.057s] Level 1:colcon.colcon_core.package_identification:_identify(src/turtlebot_controller) by extensions ['colcon_meta']
[1.057s] Level 1:colcon.colcon_core.package_identification:_identify(src/turtlebot_controller) by extension 'colcon_meta'
[1.057s] Level 1:colcon.colcon_core.package_identification:_identify(src/turtlebot_controller) by extensions ['ros']
[1.057s] Level 1:colcon.colcon_core.package_identification:_identify(src/turtlebot_controller) by extension 'ros'
[1.062s] DEBUG:colcon.colcon_core.package_identification:Package 'src/turtlebot_controller' with type 'ros.ament_python' and name 'turtlebot_controller'
[1.062s] Level 1:colcon.colcon_core.package_discovery:discover_packages(recursive) using defaults
[1.062s] Level 1:colcon.colcon_core.package_discovery:discover_packages(ignore) discover
[1.062s] Level 1:colcon.colcon_core.package_discovery:discover_packages(ignore) using defaults
[1.062s] Level 1:colcon.colcon_core.package_discovery:discover_packages(path) discover
[1.062s] Level 1:colcon.colcon_core.package_discovery:discover_packages(path) using defaults
[1.120s] Level 1:colcon.colcon_core.package_discovery:discover_packages(prefix_path) check parameters
[1.120s] Level 1:colcon.colcon_core.package_discovery:discover_packages(prefix_path) discover
[1.128s] DEBUG:colcon.colcon_installed_package_information.package_discovery:Found 323 installed packages in /opt/ros/humble
[1.131s] Level 1:colcon.colcon_core.package_discovery:discover_packages(prefix_path) using defaults
[1.201s] Level 5:colcon.colcon_core.verb:set package 'turtlebot_controller' build argument 'cmake_args' from command line to 'None'
[1.201s] Level 5:colcon.colcon_core.verb:set package 'turtlebot_controller' build argument 'cmake_target' from command line to 'None'
[1.201s] Level 5:colcon.colcon_core.verb:set package 'turtlebot_controller' build argument 'cmake_target_skip_unavailable' from command line to 'False'
[1.201s] Level 5:colcon.colcon_core.verb:set package 'turtlebot_controller' build argument 'cmake_clean_cache' from command line to 'False'
[1.201s] Level 5:colcon.colcon_core.verb:set package 'turtlebot_controller' build argument 'cmake_clean_first' from command line to 'False'
[1.201s] Level 5:colcon.colcon_core.verb:set package 'turtlebot_controller' build argument 'cmake_force_configure' from command line to 'False'
[1.201s] Level 5:colcon.colcon_core.verb:set package 'turtlebot_controller' build argument 'ament_cmake_args' from command line to 'None'
[1.201s] Level 5:colcon.colcon_core.verb:set package 'turtlebot_controller' build argument 'catkin_cmake_args' from command line to 'None'
[1.201s] Level 5:colcon.colcon_core.verb:set package 'turtlebot_controller' build argument 'catkin_skip_building_tests' from command line to 'False'
[1.201s] DEBUG:colcon.colcon_core.verb:Building package 'turtlebot_controller' with the following arguments: {'ament_cmake_args': None, 'build_base': '/home/leo/Desktop/24 novembre/Vocal_Workspace/build/turtlebot_controller', 'catkin_cmake_args': None, 'catkin_skip_building_tests': False, 'cmake_args': None, 'cmake_clean_cache': False, 'cmake_clean_first': False, 'cmake_force_configure': False, 'cmake_target': None, 'cmake_target_skip_unavailable': False, 'install_base': '/home/leo/Desktop/24 novembre/Vocal_Workspace/install/turtlebot_controller', 'merge_install': False, 'path': '/home/leo/Desktop/24 novembre/Vocal_Workspace/src/turtlebot_controller', 'symlink_install': True, 'test_result_base': None}
[1.201s] INFO:colcon.colcon_core.executor:Executing jobs using 'parallel' executor
[1.202s] DEBUG:colcon.colcon_parallel_executor.executor.parallel:run_until_complete
[1.203s] INFO:colcon.colcon_ros.task.ament_python.build:Building ROS package in '/home/leo/Desktop/24 novembre/Vocal_Workspace/src/turtlebot_controller' with build type 'ament_python'
[1.203s] Level 1:colcon.colcon_core.shell:create_environment_hook('turtlebot_controller', 'ament_prefix_path')
[1.226s] INFO:colcon.colcon_core.plugin_system:Skipping extension 'colcon_core.shell.bat': Not used on non-Windows systems
[1.227s] INFO:colcon.colcon_core.shell:Creating environment hook '/home/leo/Desktop/24 novembre/Vocal_Workspace/install/turtlebot_controller/share/turtlebot_controller/hook/ament_prefix_path.ps1'
[1.230s] INFO:colcon.colcon_core.shell:Creating environment descriptor '/home/leo/Desktop/24 novembre/Vocal_Workspace/install/turtlebot_controller/share/turtlebot_controller/hook/ament_prefix_path.dsv'
[1.232s] INFO:colcon.colcon_core.shell:Creating environment hook '/home/leo/Desktop/24 novembre/Vocal_Workspace/install/turtlebot_controller/share/turtlebot_controller/hook/ament_prefix_path.sh'
[1.234s] INFO:colcon.colcon_core.shell:Skip shell extension 'powershell' for command environment: Not usable outside of PowerShell
[1.234s] DEBUG:colcon.colcon_core.shell:Skip shell extension 'dsv' for command environment
[1.720s] INFO:colcon.colcon_core.task.python.build:Building Python package in '/home/leo/Desktop/24 novembre/Vocal_Workspace/src/turtlebot_controller'
[1.720s] INFO:colcon.colcon_core.shell:Skip shell extension 'powershell' for command environment: Not usable outside of PowerShell
[1.721s] DEBUG:colcon.colcon_core.shell:Skip shell extension 'dsv' for command environment
[2.400s] DEBUG:colcon.colcon_core.event_handler.log_command:Invoking command in '/home/leo/Desktop/24 novembre/Vocal_Workspace/build/turtlebot_controller': PYTHONPATH=/home/leo/Desktop/24 novembre/Vocal_Workspace/build/turtlebot_controller/prefix_override:/usr/lib/python3/dist-packages/colcon_core/task/python/colcon_distutils_commands:/home/leo/Desktop/24 novembre/Vocal_Workspace/install/turtlebot_controller/lib/python3.10/site-packages:${PYTHONPATH} /usr/bin/python3 -W ignore:setup.py install is deprecated -W ignore:easy_install command is deprecated setup.py develop --editable --build-directory /home/leo/Desktop/24 novembre/Vocal_Workspace/build/turtlebot_controller/build --no-deps symlink_data
[3.232s] Level 1:colcon.colcon_core.shell:create_environment_hook('turtlebot_controller', 'pythonpath_develop')
[3.232s] INFO:colcon.colcon_core.shell:Creating environment hook '/home/leo/Desktop/24 novembre/Vocal_Workspace/build/turtlebot_controller/share/turtlebot_controller/hook/pythonpath_develop.ps1'
[3.233s] DEBUG:colcon.colcon_core.event_handler.log_command:Invoked command in '/home/leo/Desktop/24 novembre/Vocal_Workspace/build/turtlebot_controller' returned '0': PYTHONPATH=/home/leo/Desktop/24 novembre/Vocal_Workspace/build/turtlebot_controller/prefix_override:/usr/lib/python3/dist-packages/colcon_core/task/python/colcon_distutils_commands:/home/leo/Desktop/24 novembre/Vocal_Workspace/install/turtlebot_controller/lib/python3.10/site-packages:${PYTHONPATH} /usr/bin/python3 -W ignore:setup.py install is deprecated -W ignore:easy_install command is deprecated setup.py develop --editable --build-directory /home/leo/Desktop/24 novembre/Vocal_Workspace/build/turtlebot_controller/build --no-deps symlink_data
[3.234s] INFO:colcon.colcon_core.shell:Creating environment descriptor '/home/leo/Desktop/24 novembre/Vocal_Workspace/build/turtlebot_controller/share/turtlebot_controller/hook/pythonpath_develop.dsv'
[3.235s] INFO:colcon.colcon_core.shell:Creating environment hook '/home/leo/Desktop/24 novembre/Vocal_Workspace/build/turtlebot_controller/share/turtlebot_controller/hook/pythonpath_develop.sh'
[3.253s] Level 1:colcon.colcon_core.environment:checking '/home/leo/Desktop/24 novembre/Vocal_Workspace/install/turtlebot_controller' for CMake module files
[3.254s] Level 1:colcon.colcon_core.environment:checking '/home/leo/Desktop/24 novembre/Vocal_Workspace/install/turtlebot_controller' for CMake config files
[3.256s] Level 1:colcon.colcon_core.environment:checking '/home/leo/Desktop/24 novembre/Vocal_Workspace/install/turtlebot_controller/lib'
[3.256s] Level 1:colcon.colcon_core.environment:checking '/home/leo/Desktop/24 novembre/Vocal_Workspace/install/turtlebot_controller/bin'
[3.256s] Level 1:colcon.colcon_core.environment:checking '/home/leo/Desktop/24 novembre/Vocal_Workspace/install/turtlebot_controller/lib/pkgconfig/turtlebot_controller.pc'
[3.257s] Level 1:colcon.colcon_core.environment:checking '/home/leo/Desktop/24 novembre/Vocal_Workspace/install/turtlebot_controller/lib/python3.10/site-packages'
[3.257s] Level 1:colcon.colcon_core.shell:create_environment_hook('turtlebot_controller', 'pythonpath')
[3.258s] INFO:colcon.colcon_core.shell:Creating environment hook '/home/leo/Desktop/24 novembre/Vocal_Workspace/install/turtlebot_controller/share/turtlebot_controller/hook/pythonpath.ps1'
[3.258s] INFO:colcon.colcon_core.shell:Creating environment descriptor '/home/leo/Desktop/24 novembre/Vocal_Workspace/install/turtlebot_controller/share/turtlebot_controller/hook/pythonpath.dsv'
[3.259s] INFO:colcon.colcon_core.shell:Creating environment hook '/home/leo/Desktop/24 novembre/Vocal_Workspace/install/turtlebot_controller/share/turtlebot_controller/hook/pythonpath.sh'
[3.260s] Level 1:colcon.colcon_core.environment:checking '/home/leo/Desktop/24 novembre/Vocal_Workspace/install/turtlebot_controller/bin'
[3.260s] Level 1:colcon.colcon_core.environment:create_environment_scripts_only(turtlebot_controller)
[3.260s] INFO:colcon.colcon_core.shell:Creating package script '/home/leo/Desktop/24 novembre/Vocal_Workspace/install/turtlebot_controller/share/turtlebot_controller/package.ps1'
[3.262s] INFO:colcon.colcon_core.shell:Creating package descriptor '/home/leo/Desktop/24 novembre/Vocal_Workspace/install/turtlebot_controller/share/turtlebot_controller/package.dsv'
[3.263s] INFO:colcon.colcon_core.shell:Creating package script '/home/leo/Desktop/24 novembre/Vocal_Workspace/install/turtlebot_controller/share/turtlebot_controller/package.sh'
[3.265s] INFO:colcon.colcon_core.shell:Creating package script '/home/leo/Desktop/24 novembre/Vocal_Workspace/install/turtlebot_controller/share/turtlebot_controller/package.bash'
[3.267s] INFO:colcon.colcon_core.shell:Creating package script '/home/leo/Desktop/24 novembre/Vocal_Workspace/install/turtlebot_controller/share/turtlebot_controller/package.zsh'
[3.269s] Level 1:colcon.colcon_core.environment:create_file_with_runtime_dependencies(/home/leo/Desktop/24 novembre/Vocal_Workspace/install/turtlebot_controller/share/colcon-core/packages/turtlebot_controller)
[3.270s] DEBUG:colcon.colcon_parallel_executor.executor.parallel:closing loop
[3.271s] DEBUG:colcon.colcon_parallel_executor.executor.parallel:loop closed
[3.271s] DEBUG:colcon.colcon_parallel_executor.executor.parallel:run_until_complete finished with '0'
[3.271s] DEBUG:colcon.colcon_core.event_reactor:joining thread
[3.284s] INFO:colcon.colcon_core.plugin_system:Skipping extension 'colcon_notification.desktop_notification.terminal_notifier': Not used on non-Darwin systems
[3.284s] INFO:colcon.colcon_core.plugin_system:Skipping extension 'colcon_notification.desktop_notification.win32': Not used on non-Windows systems
[3.284s] INFO:colcon.colcon_notification.desktop_notification:Sending desktop notification using 'notify2'
[3.305s] DEBUG:colcon.colcon_core.event_reactor:joined thread
[3.305s] INFO:colcon.colcon_core.shell:Creating prefix script '/home/leo/Desktop/24 novembre/Vocal_Workspace/install/local_setup.ps1'
[3.311s] INFO:colcon.colcon_core.shell:Creating prefix util module '/home/leo/Desktop/24 novembre/Vocal_Workspace/install/_local_setup_util_ps1.py'
[3.316s] INFO:colcon.colcon_core.shell:Creating prefix chain script '/home/leo/Desktop/24 novembre/Vocal_Workspace/install/setup.ps1'
[3.320s] INFO:colcon.colcon_core.shell:Creating prefix script '/home/leo/Desktop/24 novembre/Vocal_Workspace/install/local_setup.sh'
[3.321s] INFO:colcon.colcon_core.shell:Creating prefix util module '/home/leo/Desktop/24 novembre/Vocal_Workspace/install/_local_setup_util_sh.py'
[3.323s] INFO:colcon.colcon_core.shell:Creating prefix chain script '/home/leo/Desktop/24 novembre/Vocal_Workspace/install/setup.sh'
[3.325s] INFO:colcon.colcon_core.shell:Creating prefix script '/home/leo/Desktop/24 novembre/Vocal_Workspace/install/local_setup.bash'
[3.327s] INFO:colcon.colcon_core.shell:Creating prefix chain script '/home/leo/Desktop/24 novembre/Vocal_Workspace/install/setup.bash'
[3.329s] INFO:colcon.colcon_core.shell:Creating prefix script '/home/leo/Desktop/24 novembre/Vocal_Workspace/install/local_setup.zsh'
[3.330s] INFO:colcon.colcon_core.shell:Creating prefix chain script '/home/leo/Desktop/24 novembre/Vocal_Workspace/install/setup.zsh'
