[1.007s] Invoking command in '/home/ste/my_ros2_ws/src/turtlebot_controller': PYTHONPATH=/home/ste/my_ros2_ws/src/build/turtlebot_controller/prefix_override:/usr/lib/python3/dist-packages/colcon_core/task/python/colcon_distutils_commands:/home/ste/my_ros2_ws/src/install/turtlebot_controller/lib/python3.10/site-packages:${PYTHONPATH} /usr/bin/python3 -W ignore:setup.py install is deprecated setup.py egg_info --egg-base ../build/turtlebot_controller build --build-base /home/ste/my_ros2_ws/src/build/turtlebot_controller/build install --record /home/ste/my_ros2_ws/src/build/turtlebot_controller/install.log --single-version-externally-managed install_data
[1.390s] running egg_info
[1.391s] writing ../build/turtlebot_controller/turtlebot_controller.egg-info/PKG-INFO
[1.403s] writing dependency_links to ../build/turtlebot_controller/turtlebot_controller.egg-info/dependency_links.txt
[1.404s] writing entry points to ../build/turtlebot_controller/turtlebot_controller.egg-info/entry_points.txt
[1.405s] writing requirements to ../build/turtlebot_controller/turtlebot_controller.egg-info/requires.txt
[1.405s] writing top-level names to ../build/turtlebot_controller/turtlebot_controller.egg-info/top_level.txt
[1.408s] reading manifest file '../build/turtlebot_controller/turtlebot_controller.egg-info/SOURCES.txt'
[1.410s] writing manifest file '../build/turtlebot_controller/turtlebot_controller.egg-info/SOURCES.txt'
[1.411s] running build
[1.411s] running build_py
[1.413s] copying turtlebot_controller/move_turtlebot.py -> /home/ste/my_ros2_ws/src/build/turtlebot_controller/build/lib/turtlebot_controller
[1.414s] running install
[1.414s] running install_lib
[1.416s] copying /home/ste/my_ros2_ws/src/build/turtlebot_controller/build/lib/turtlebot_controller/move_turtlebot.py -> /home/ste/my_ros2_ws/src/install/turtlebot_controller/lib/python3.10/site-packages/turtlebot_controller
[1.418s] byte-compiling /home/ste/my_ros2_ws/src/install/turtlebot_controller/lib/python3.10/site-packages/turtlebot_controller/move_turtlebot.py to move_turtlebot.cpython-310.pyc
[1.418s] running install_data
[1.421s] running install_egg_info
[1.424s] removing '/home/ste/my_ros2_ws/src/install/turtlebot_controller/lib/python3.10/site-packages/turtlebot_controller-0.0.0-py3.10.egg-info' (and everything under it)
[1.424s] Copying ../build/turtlebot_controller/turtlebot_controller.egg-info to /home/ste/my_ros2_ws/src/install/turtlebot_controller/lib/python3.10/site-packages/turtlebot_controller-0.0.0-py3.10.egg-info
[1.427s] running install_scripts
[1.462s] Installing move_turtlebot script to /home/ste/my_ros2_ws/src/install/turtlebot_controller/lib/turtlebot_controller
[1.463s] writing list of installed files to '/home/ste/my_ros2_ws/src/build/turtlebot_controller/install.log'
[1.529s] Invoked command in '/home/ste/my_ros2_ws/src/turtlebot_controller' returned '0': PYTHONPATH=/home/ste/my_ros2_ws/src/build/turtlebot_controller/prefix_override:/usr/lib/python3/dist-packages/colcon_core/task/python/colcon_distutils_commands:/home/ste/my_ros2_ws/src/install/turtlebot_controller/lib/python3.10/site-packages:${PYTHONPATH} /usr/bin/python3 -W ignore:setup.py install is deprecated setup.py egg_info --egg-base ../build/turtlebot_controller build --build-base /home/ste/my_ros2_ws/src/build/turtlebot_controller/build install --record /home/ste/my_ros2_ws/src/build/turtlebot_controller/install.log --single-version-externally-managed install_data
